TN:
SF:apps/web/src/App.tsx
FN:56,PageLoader
FN:64,App
FN:69,handleKeyDown
FN:88,onClose
FNF:4
FNH:4
FNDA:3,PageLoader
FNDA:5,App
FNDA:2,handleKeyDown
FNDA:1,onClose
DA:1,1
DA:2,1
DA:3,1
DA:4,1
DA:5,1
DA:6,1
DA:7,1
DA:10,1
DA:11,1
DA:12,1
DA:13,1
DA:14,0
DA:15,1
DA:16,1
DA:17,0
DA:18,1
DA:19,1
DA:20,0
DA:21,1
DA:22,1
DA:23,0
DA:24,1
DA:25,1
DA:26,0
DA:27,1
DA:28,1
DA:29,0
DA:30,1
DA:31,1
DA:32,0
DA:33,1
DA:34,1
DA:35,0
DA:36,1
DA:37,1
DA:38,0
DA:39,1
DA:42,1
DA:43,0
DA:44,1
DA:46,1
DA:47,1
DA:48,1
DA:49,1
DA:50,1
DA:51,1
DA:52,1
DA:53,1
DA:56,3
DA:57,3
DA:58,3
DA:59,3
DA:60,3
DA:62,3
DA:64,5
DA:65,5
DA:68,5
DA:69,2
DA:70,2
DA:71,2
DA:72,2
DA:73,2
DA:74,2
DA:76,2
DA:77,2
DA:78,5
DA:80,5
DA:81,5
DA:82,5
DA:83,5
DA:84,5
DA:86,5
DA:87,5
DA:88,5
DA:89,5
DA:91,5
DA:92,5
DA:93,5
DA:94,5
DA:95,5
DA:96,5
DA:97,5
DA:98,5
DA:99,5
DA:101,5
DA:102,5
DA:103,5
DA:104,5
DA:105,5
DA:106,5
DA:107,5
DA:109,5
DA:110,5
DA:111,5
DA:112,5
DA:113,5
DA:114,5
DA:115,5
DA:117,5
DA:118,5
DA:119,5
DA:120,5
DA:121,5
DA:122,5
DA:123,5
DA:125,5
DA:126,5
DA:127,5
DA:128,5
DA:129,5
DA:130,5
DA:131,5
DA:132,5
DA:133,5
DA:134,5
DA:135,5
DA:137,5
DA:138,5
DA:139,5
DA:140,5
DA:141,5
DA:142,5
DA:143,5
DA:145,5
DA:146,5
DA:147,5
DA:148,5
DA:149,5
DA:150,5
DA:151,5
DA:153,5
DA:154,5
DA:155,5
DA:156,5
DA:157,5
DA:158,5
DA:159,5
DA:161,5
DA:162,5
DA:163,5
DA:164,5
DA:165,5
DA:166,5
DA:167,5
DA:169,5
DA:170,5
DA:171,5
DA:172,5
DA:173,5
DA:174,5
DA:175,5
DA:177,5
DA:179,5
DA:180,5
DA:181,5
DA:182,5
DA:183,5
DA:184,5
DA:186,5
DA:187,5
DA:188,5
DA:189,5
DA:190,5
DA:191,5
DA:192,5
DA:193,5
DA:195,5
DA:197,1
LF:168
LH:158
BRDA:10,0,0,1
BRDA:11,1,0,1
BRDA:56,2,0,3
BRDA:64,3,0,5
BRDA:68,4,0,2
BRDA:69,5,0,2
BRDA:72,6,0,2
BRDA:77,7,0,2
BRDA:88,8,0,1
BRF:9
BRH:9
end_of_record
TN:
SF:apps/web/src/index.ts
FN:1,(empty-report)
FNF:1
FNH:0
FNDA:0,(empty-report)
DA:1,0
LF:1
LH:0
BRDA:1,0,0,0
BRF:1
BRH:0
end_of_record
TN:
SF:apps/web/src/main.tsx
FN:1,(empty-report)
FNF:1
FNH:0
FNDA:0,(empty-report)
DA:1,0
DA:2,0
DA:3,0
DA:4,0
DA:5,0
DA:6,0
DA:8,0
DA:13,0
DA:14,0
DA:15,0
DA:16,0
DA:17,0
DA:18,0
DA:19,0
DA:20,0
DA:21,0
DA:22,0
DA:23,0
DA:24,0
DA:25,0
DA:26,0
DA:27,0
DA:28,0
DA:29,0
DA:31,0
DA:32,0
DA:33,0
DA:34,0
DA:35,0
DA:36,0
DA:37,0
LF:31
LH:0
BRDA:1,0,0,0
BRF:1
BRH:0
end_of_record
TN:
SF:apps/web/src/vite-env.d.ts
FN:1,(empty-report)
FNF:1
FNH:1
FNDA:1,(empty-report)
LF:0
LH:0
BRDA:1,0,0,1
BRF:1
BRH:1
end_of_record
TN:
SF:apps/web/src/components/ChatInput.tsx
FN:65,ChatInput
FN:104,handleKeyDown
FN:135,handleFileChange
FN:177,onClick
FN:224,onChange
FN:254,onClick
FNF:6
FNH:3
FNDA:72,ChatInput
FNDA:4,handleKeyDown
FNDA:0,handleFileChange
FNDA:0,onClick
FNDA:2,onChange
FNDA:0,onClick
DA:1,1
DA:2,1
DA:10,1
DA:18,1
DA:65,1
DA:66,72
DA:67,72
DA:68,72
DA:69,72
DA:70,72
DA:71,72
DA:72,72
DA:73,72
DA:74,72
DA:75,72
DA:76,72
DA:77,72
DA:78,72
DA:79,72
DA:80,72
DA:81,72
DA:82,72
DA:83,72
DA:84,72
DA:85,72
DA:86,72
DA:89,72
DA:90,38
DA:92,38
DA:93,38
DA:94,38
DA:95,38
DA:96,38
DA:97,38
DA:98,38
DA:99,38
DA:100,38
DA:101,38
DA:102,72
DA:104,72
DA:106,4
DA:107,2
DA:108,1
DA:109,1
DA:110,1
DA:111,1
DA:112,1
DA:113,1
DA:114,1
DA:115,1
DA:116,1
DA:117,2
DA:118,0
DA:119,0
DA:120,0
DA:121,0
DA:122,0
DA:123,0
DA:124,0
DA:125,0
DA:126,2
DA:129,4
DA:130,1
DA:131,1
DA:132,1
DA:133,4
DA:135,72
DA:136,0
DA:137,0
DA:138,0
DA:139,0
DA:141,0
DA:142,0
DA:143,0
DA:144,0
DA:146,72
DA:147,72
DA:149,72
DA:150,72
DA:152,72
DA:153,72
DA:155,72
DA:156,1
DA:157,1
DA:158,1
DA:159,1
DA:162,72
DA:164,72
DA:165,54
DA:166,54
DA:167,54
DA:168,54
DA:169,54
DA:170,54
DA:171,54
DA:172,54
DA:173,54
DA:174,54
DA:175,54
DA:176,54
DA:177,54
DA:178,54
DA:179,54
DA:180,54
DA:182,54
DA:183,0
DA:185,54
DA:187,54
DA:188,54
DA:192,72
DA:193,55
DA:194,55
DA:195,55
DA:196,55
DA:197,55
DA:198,2
DA:199,53
DA:200,0
DA:201,53
DA:202,55
DA:203,55
DA:204,55
DA:205,55
DA:206,55
DA:207,55
DA:209,55
DA:210,0
DA:211,55
DA:212,2
DA:214,53
DA:216,55
DA:220,72
DA:221,72
DA:222,72
DA:223,72
DA:224,72
DA:225,72
DA:226,72
DA:227,72
DA:228,72
DA:229,72
DA:230,72
DA:231,72
DA:232,72
DA:233,72
DA:234,1
DA:235,71
DA:236,1
DA:237,70
DA:238,72
DA:239,72
DA:240,72
DA:241,72
DA:242,72
DA:245,72
DA:246,2
DA:247,2
DA:248,2
DA:250,2
DA:251,3
DA:252,3
DA:253,3
DA:254,3
DA:255,3
DA:256,3
DA:257,3
DA:258,2
DA:259,1
DA:260,3
DA:261,3
DA:262,3
DA:264,3
DA:265,3
DA:266,3
DA:267,2
DA:268,2
DA:272,72
DA:273,72
DA:274,72
DA:276,72
DA:277,72
DA:279,72
DA:280,72
DA:281,72
DA:283,72
DA:284,72
DA:285,72
DA:286,72
DA:287,72
DA:288,72
DA:289,72
DA:290,1
DA:291,71
DA:292,1
DA:293,70
DA:294,72
DA:296,72
DA:297,72
DA:298,72
DA:300,72
DA:301,72
DA:304,72
DA:305,72
DA:306,72
DA:307,72
DA:308,72
DA:309,72
DA:310,72
DA:311,72
DA:313,72
DA:314,72
DA:315,72
DA:318,72
DA:319,1
DA:320,1
DA:321,1
DA:322,1
DA:324,72
DA:326,72
LF:219
LH:200
BRDA:65,0,0,72
BRDA:146,1,0,70
BRDA:147,2,0,13
BRDA:149,3,0,3
BRDA:150,4,0,3
BRDA:155,5,0,1
BRDA:164,6,0,54
BRDA:182,7,0,0
BRDA:192,8,0,17
BRDA:192,9,0,55
BRDA:197,10,0,2
BRDA:198,11,0,53
BRDA:199,12,0,0
BRDA:203,13,0,2
BRDA:203,14,0,53
BRDA:205,15,0,2
BRDA:205,16,0,53
BRDA:206,17,0,2
BRDA:206,18,0,53
BRDA:209,19,0,0
BRDA:211,20,0,2
BRDA:212,21,0,53
BRDA:233,22,0,1
BRDA:234,23,0,71
BRDA:235,24,0,1
BRDA:236,25,0,70
BRDA:240,26,0,1
BRDA:240,27,0,71
BRDA:241,28,0,0
BRDA:245,29,0,2
BRDA:245,30,0,2
BRDA:289,31,0,1
BRDA:290,32,0,71
BRDA:291,33,0,1
BRDA:292,34,0,70
BRDA:297,35,0,3
BRDA:318,36,0,1
BRDA:89,37,0,38
BRDA:104,38,0,4
BRDA:106,39,0,2
BRDA:106,40,0,2
BRDA:107,41,0,1
BRDA:116,42,0,0
BRDA:117,43,0,0
BRDA:129,44,0,1
BRDA:224,45,0,2
BRDA:250,46,0,3
BRDA:257,47,0,2
BRDA:258,48,0,1
BRF:49
BRH:43
end_of_record
TN:
SF:apps/web/src/components/CommandPalette.tsx
FN:35,CommandPalette
FN:56,action
FN:67,action
FN:78,action
FN:89,action
FN:100,action
FN:111,action
FN:122,action
FN:134,action
FN:152,action
FN:163,action
FN:188,action
FN:313,onClick
FN:322,onChange
FN:448,CommandRow
FNF:15
FNH:7
FNDA:19,CommandPalette
FNDA:1,action
FNDA:1,action
FNDA:0,action
FNDA:0,action
FNDA:0,action
FNDA:0,action
FNDA:0,action
FNDA:0,action
FNDA:0,action
FNDA:1,action
FNDA:0,action
FNDA:2,onClick
FNDA:3,onChange
FNDA:115,CommandRow
DA:1,1
DA:2,1
DA:16,1
DA:17,1
DA:18,1
DA:19,1
DA:35,1
DA:36,19
DA:37,19
DA:38,19
DA:39,19
DA:40,19
DA:42,19
DA:43,19
DA:44,19
DA:45,19
DA:46,19
DA:49,19
DA:51,19
DA:52,19
DA:53,19
DA:54,19
DA:55,19
DA:56,19
DA:57,1
DA:58,1
DA:59,1
DA:60,19
DA:61,19
DA:62,19
DA:63,19
DA:64,19
DA:65,19
DA:66,19
DA:67,19
DA:68,1
DA:69,1
DA:70,1
DA:71,19
DA:72,19
DA:73,19
DA:74,19
DA:75,19
DA:76,19
DA:77,19
DA:78,19
DA:79,0
DA:80,0
DA:81,0
DA:82,19
DA:83,19
DA:84,19
DA:85,19
DA:86,19
DA:87,19
DA:88,19
DA:89,19
DA:90,0
DA:91,0
DA:92,0
DA:93,19
DA:94,19
DA:95,19
DA:96,19
DA:97,19
DA:98,19
DA:99,19
DA:100,19
DA:101,0
DA:102,0
DA:103,0
DA:104,19
DA:105,19
DA:106,19
DA:107,19
DA:108,19
DA:109,19
DA:110,19
DA:111,19
DA:112,0
DA:113,0
DA:114,0
DA:115,19
DA:116,19
DA:117,19
DA:118,19
DA:119,19
DA:120,19
DA:121,19
DA:122,19
DA:123,0
DA:124,0
DA:125,0
DA:126,19
DA:127,19
DA:129,19
DA:130,19
DA:131,19
DA:132,19
DA:133,19
DA:134,19
DA:135,0
DA:137,0
DA:138,0
DA:139,0
DA:140,0
DA:141,0
DA:142,0
DA:143,0
DA:144,0
DA:145,19
DA:146,19
DA:147,19
DA:148,19
DA:149,19
DA:150,19
DA:151,19
DA:152,19
DA:153,0
DA:154,0
DA:155,0
DA:156,19
DA:157,19
DA:158,19
DA:159,19
DA:160,19
DA:161,19
DA:162,19
DA:163,19
DA:164,1
DA:165,1
DA:166,1
DA:167,19
DA:168,19
DA:169,19
DA:172,19
DA:173,7
DA:174,7
DA:175,70
DA:176,66
DA:177,7
DA:178,12
DA:180,19
DA:181,1
DA:182,1
DA:183,1
DA:184,1
DA:185,1
DA:186,1
DA:187,1
DA:188,1
DA:189,0
DA:190,0
DA:191,0
DA:192,0
DA:193,0
DA:194,1
DA:195,1
DA:196,19
DA:198,19
DA:201,19
DA:202,19
DA:203,19
DA:204,19
DA:205,19
DA:208,19
DA:209,9
DA:210,9
DA:212,9
DA:213,5
DA:214,5
DA:215,5
DA:216,5
DA:217,5
DA:219,3
DA:220,3
DA:222,3
DA:223,1
DA:224,1
DA:225,1
DA:226,1
DA:227,1
DA:228,1
DA:229,1
DA:230,1
DA:231,1
DA:232,1
DA:233,1
DA:234,0
DA:235,0
DA:236,0
DA:237,1
DA:238,1
DA:239,1
DA:240,3
DA:242,3
DA:243,3
DA:244,3
DA:245,19
DA:248,19
DA:249,19
DA:250,2
DA:251,2
DA:252,1
DA:253,1
DA:254,1
DA:255,1
DA:256,1
DA:257,2
DA:258,0
DA:259,0
DA:260,0
DA:261,0
DA:262,0
DA:263,2
DA:264,1
DA:265,1
DA:266,1
DA:267,1
DA:268,1
DA:269,2
DA:270,0
DA:271,0
DA:272,2
DA:273,2
DA:274,19
DA:275,19
DA:277,19
DA:278,6
DA:279,5
DA:280,5
DA:281,5
DA:282,5
DA:283,5
DA:284,5
DA:285,5
DA:286,19
DA:288,19
DA:289,19
DA:290,18
DA:291,18
DA:292,18
DA:293,19
DA:296,19
DA:297,9
DA:298,19
DA:300,19
DA:302,18
DA:303,18
DA:304,18
DA:305,18
DA:308,18
DA:311,18
DA:312,18
DA:313,18
DA:316,18
DA:317,18
DA:318,18
DA:319,18
DA:320,18
DA:321,18
DA:322,18
DA:323,18
DA:324,18
DA:325,18
DA:326,18
DA:327,18
DA:328,18
DA:330,18
DA:331,18
DA:332,18
DA:335,18
DA:336,18
DA:337,2
DA:338,2
DA:339,2
DA:340,2
DA:342,16
DA:343,16
DA:344,5
DA:345,5
DA:347,5
DA:348,5
DA:349,2
DA:350,2
DA:352,2
DA:354,5
DA:356,16
DA:357,0
DA:358,0
DA:359,0
DA:361,16
DA:362,13
DA:363,13
DA:365,13
DA:366,13
DA:367,79
DA:368,79
DA:369,79
DA:370,79
DA:371,79
DA:372,79
DA:373,79
DA:374,79
DA:376,13
DA:377,13
DA:379,16
DA:380,13
DA:381,13
DA:383,13
DA:384,13
DA:385,35
DA:386,35
DA:387,35
DA:388,35
DA:389,35
DA:390,35
DA:391,35
DA:392,35
DA:394,13
DA:395,13
DA:397,16
DA:398,1
DA:399,1
DA:401,1
DA:402,1
DA:403,1
DA:404,1
DA:405,1
DA:406,1
DA:407,1
DA:408,1
DA:409,1
DA:410,1
DA:412,1
DA:413,1
DA:415,16
DA:417,19
DA:420,19
DA:421,19
DA:422,19
DA:424,19
DA:425,19
DA:427,19
DA:428,19
DA:429,19
DA:430,19
DA:431,19
DA:433,19
DA:434,19
DA:435,19
DA:436,19
DA:437,19
DA:439,19
DA:440,19
DA:441,19
DA:442,19
DA:443,19
DA:444,19
DA:446,19
DA:448,115
DA:449,115
DA:450,115
DA:451,115
DA:452,115
DA:456,115
DA:457,115
DA:459,115
DA:460,115
DA:461,115
DA:462,115
DA:463,115
DA:464,115
DA:465,16
DA:466,99
DA:467,115
DA:469,115
DA:470,115
DA:471,115
DA:472,115
DA:473,115
DA:474,115
DA:475,115
DA:477,115
DA:478,115
DA:480,115
LF:386
LH:341
BRDA:35,0,0,19
BRDA:161,1,0,0
BRDA:172,2,0,7
BRDA:177,3,0,12
BRDA:300,4,0,1
BRDA:300,5,0,18
BRDA:336,6,0,2
BRDA:340,7,0,16
BRDA:343,8,0,5
BRDA:348,9,0,2
BRDA:356,10,0,0
BRDA:361,11,0,13
BRDA:379,12,0,13
BRDA:397,13,0,1
BRDA:56,14,0,1
BRDA:67,15,0,1
BRDA:163,16,0,1
BRDA:174,17,0,70
BRDA:175,18,0,66
BRDA:180,19,0,1
BRDA:182,20,0,0
BRDA:186,21,0,0
BRDA:202,22,0,125
BRDA:203,23,0,125
BRDA:204,24,0,125
BRDA:208,25,0,9
BRDA:210,26,0,1
BRDA:210,27,0,8
BRDA:212,28,0,5
BRDA:217,29,0,3
BRDA:222,30,0,1
BRDA:233,31,0,0
BRDA:226,32,0,1
BRDA:242,33,0,3
BRDA:249,34,0,2
BRDA:251,35,0,1
BRDA:257,36,0,0
BRDA:263,37,0,1
BRDA:269,38,0,0
BRDA:253,39,0,1
BRDA:254,40,0,0
BRDA:277,41,0,6
BRDA:278,42,0,5
BRDA:288,43,0,19
BRDA:289,44,0,18
BRDA:291,45,0,18
BRDA:296,46,0,9
BRDA:313,47,0,2
BRDA:322,48,0,3
BRDA:366,49,0,79
BRDA:384,50,0,35
BRDA:402,51,0,1
BRDA:448,52,0,115
BRDA:464,53,0,16
BRDA:465,54,0,99
BRF:55
BRH:47
end_of_record
TN:
SF:apps/web/src/components/ConversationItem.tsx
FN:48,ConversationItem
FN:68,handleKeyDown
FN:78,formatTimestamp
FN:120,onChange
FN:164,onSelect
FN:174,onSelect
FNF:6
FNH:6
FNDA:25,ConversationItem
FNDA:3,handleKeyDown
FNDA:19,formatTimestamp
FNDA:1,onChange
FNDA:2,onSelect
FNDA:2,onSelect
DA:1,1
DA:2,1
DA:3,1
DA:4,1
DA:48,1
DA:49,25
DA:50,25
DA:51,25
DA:52,25
DA:53,25
DA:54,25
DA:55,25
DA:56,25
DA:57,25
DA:58,25
DA:59,25
DA:60,25
DA:61,25
DA:64,25
DA:65,19
DA:66,25
DA:68,25
DA:69,3
DA:70,2
DA:71,2
DA:72,2
DA:73,3
DA:74,1
DA:75,1
DA:76,3
DA:78,25
DA:79,19
DA:80,19
DA:81,19
DA:82,19
DA:83,19
DA:84,19
DA:86,19
DA:87,8
DA:88,0
DA:89,0
DA:90,0
DA:91,19
DA:93,25
DA:94,25
DA:95,25
DA:96,25
DA:97,25
DA:98,25
DA:99,25
DA:100,25
DA:101,25
DA:102,1
DA:103,24
DA:104,25
DA:107,25
DA:108,25
DA:109,25
DA:110,25
DA:111,25
DA:112,25
DA:113,25
DA:114,25
DA:115,25
DA:117,25
DA:118,6
DA:119,6
DA:120,6
DA:121,6
DA:122,6
DA:123,6
DA:124,6
DA:125,6
DA:126,6
DA:128,19
DA:129,19
DA:130,19
DA:131,19
DA:132,19
DA:133,8
DA:134,8
DA:135,8
DA:137,19
DA:138,19
DA:139,19
DA:140,19
DA:142,19
DA:144,25
DA:147,25
DA:148,19
DA:149,19
DA:150,19
DA:151,19
DA:152,19
DA:153,19
DA:154,19
DA:155,19
DA:156,19
DA:158,19
DA:159,19
DA:160,19
DA:161,19
DA:162,19
DA:163,19
DA:164,19
DA:165,2
DA:168,19
DA:170,19
DA:171,19
DA:172,19
DA:173,19
DA:174,19
DA:175,19
DA:176,19
DA:178,19
DA:179,0
DA:181,19
DA:182,19
DA:184,19
DA:185,19
DA:186,19
DA:187,19
DA:189,25
DA:191,25
LF:124
LH:120
BRDA:48,0,0,25
BRDA:101,1,0,1
BRDA:102,2,0,24
BRDA:112,3,0,1
BRDA:112,4,0,24
BRDA:115,5,0,1
BRDA:115,6,0,24
BRDA:117,7,0,6
BRDA:126,8,0,19
BRDA:132,9,0,8
BRDA:147,10,0,19
BRDA:178,11,0,0
BRDA:64,12,0,19
BRDA:68,13,0,3
BRDA:69,14,0,2
BRDA:73,15,0,1
BRDA:78,16,0,19
BRDA:79,17,0,0
BRDA:86,18,0,11
BRDA:86,19,0,8
BRDA:87,20,0,0
BRDA:120,21,0,1
BRDA:164,22,0,2
BRDA:174,23,0,2
BRF:24
BRH:21
end_of_record
TN:
SF:apps/web/src/components/ConversationSearch.tsx
FN:16,ConversationSearch
FN:22,handleChange
FN:28,handleClear
FNF:3
FNH:3
FNDA:49,ConversationSearch
FNDA:4,handleChange
FNDA:1,handleClear
DA:1,1
DA:2,1
DA:3,1
DA:16,1
DA:17,49
DA:18,49
DA:19,49
DA:20,49
DA:22,49
DA:23,4
DA:24,4
DA:25,4
DA:26,4
DA:28,49
DA:29,1
DA:30,1
DA:31,1
DA:33,49
DA:34,49
DA:35,49
DA:36,49
DA:37,49
DA:38,49
DA:39,49
DA:40,49
DA:41,49
DA:42,4
DA:43,4
DA:44,4
DA:45,4
DA:46,4
DA:48,4
DA:49,4
DA:50,45
DA:52,49
DA:53,49
DA:54,49
DA:56,49
LF:38
LH:38
BRDA:16,0,0,49
BRDA:41,1,0,4
BRDA:49,2,0,45
BRDA:22,3,0,4
BRDA:28,4,0,1
BRF:5
BRH:5
end_of_record
TN:
SF:apps/web/src/components/EmptyStates.tsx
FN:23,EmptyState
FN:49,NoConversationsState
FN:63,EmptyConversationState
FN:73,AllMessagesEmptyState
FN:83,ErrorState
FNF:5
FNH:5
FNDA:33,EmptyState
FNDA:12,NoConversationsState
FNDA:4,EmptyConversationState
FNDA:13,AllMessagesEmptyState
FNDA:4,ErrorState
DA:1,1
DA:2,1
DA:23,33
DA:24,33
DA:25,33
DA:26,33
DA:27,33
DA:28,33
DA:30,33
DA:31,33
DA:32,33
DA:33,33
DA:35,33
DA:36,33
DA:37,33
DA:38,14
DA:39,14
DA:40,14
DA:42,14
DA:43,14
DA:45,33
DA:47,33
DA:49,1
DA:50,12
DA:51,12
DA:52,12
DA:53,12
DA:54,12
DA:55,12
DA:56,12
DA:57,12
DA:58,12
DA:59,12
DA:61,12
DA:63,1
DA:64,4
DA:65,4
DA:66,4
DA:67,4
DA:68,4
DA:69,4
DA:71,4
DA:73,1
DA:74,13
DA:75,13
DA:76,13
DA:77,13
DA:78,13
DA:79,13
DA:81,13
DA:83,1
DA:84,4
DA:85,4
DA:86,4
DA:89,4
DA:90,4
DA:91,4
DA:92,4
DA:93,4
DA:94,4
DA:95,4
DA:96,4
DA:97,2
DA:98,2
DA:99,2
DA:100,2
DA:101,2
DA:103,4
DA:105,4
LF:69
LH:69
BRDA:23,0,0,33
BRDA:37,1,0,14
BRDA:49,2,0,12
BRDA:63,3,0,4
BRDA:73,4,0,13
BRDA:83,5,0,4
BRDA:96,6,0,2
BRDA:100,7,0,2
BRF:8
BRH:8
end_of_record
TN:
SF:apps/web/src/components/ErrorBoundary.tsx
FN:20,<instance_members_initializer>
FN:21,ErrorBoundary
FN:26,getDerivedStateFromError
FN:31,componentDidCatch
FN:40,handleReload
FN:46,handleRetry
FN:51,render
FNF:7
FNH:6
FNDA:4,<instance_members_initializer>
FNDA:5,ErrorBoundary
FNDA:4,getDerivedStateFromError
FNDA:2,componentDidCatch
FNDA:0,handleReload
FNDA:1,handleRetry
FNDA:11,render
DA:1,1
DA:2,1
DA:20,1
DA:21,4
DA:22,5
DA:23,5
DA:24,5
DA:26,4
DA:28,4
DA:29,4
DA:31,4
DA:33,2
DA:34,2
DA:38,2
DA:40,4
DA:42,0
DA:43,0
DA:44,0
DA:46,4
DA:48,1
DA:49,1
DA:51,4
DA:52,11
DA:54,6
DA:55,3
DA:56,3
DA:59,3
DA:60,3
DA:61,3
DA:62,3
DA:63,3
DA:64,3
DA:65,3
DA:66,3
DA:68,3
DA:69,3
DA:71,3
DA:74,3
DA:76,3
DA:77,3
DA:78,3
DA:79,3
DA:80,3
DA:81,3
DA:84,6
DA:85,6
DA:86,6
DA:87,6
DA:88,6
DA:90,6
DA:91,6
DA:92,6
DA:93,6
DA:95,6
DA:97,6
DA:98,6
DA:100,6
DA:101,0
DA:102,0
DA:104,0
DA:105,0
DA:106,0
DA:107,0
DA:108,0
DA:110,6
DA:111,6
DA:113,6
DA:115,5
DA:116,11
DA:117,4
LF:70
LH:60
BRDA:20,0,0,4
BRDA:21,1,0,5
BRDA:26,2,0,4
BRDA:31,3,0,2
BRDA:46,4,0,1
BRDA:51,5,0,11
BRDA:52,6,0,6
BRDA:54,7,0,3
BRDA:100,8,0,0
BRDA:100,9,0,0
BRDA:113,10,0,5
BRF:11
BRH:9
end_of_record
TN:
SF:apps/web/src/components/Layout.tsx
FN:22,Layout
FN:33,isTheme
FN:96,handleVibrate
FN:102,SidebarContent
FN:113,onClick
FN:196,onClick
FN:224,onClick
FN:236,onDragEnd
FNF:8
FNH:3
FNDA:2,Layout
FNDA:2,isTheme
FNDA:0,handleVibrate
FNDA:2,SidebarContent
FNDA:0,onClick
FNDA:0,onClick
FNDA:0,onClick
FNDA:0,onDragEnd
DA:1,1
DA:2,1
DA:3,1
DA:16,1
DA:17,1
DA:18,1
DA:19,1
DA:20,1
DA:22,1
DA:23,2
DA:24,2
DA:27,2
DA:30,2
DA:31,2
DA:33,2
DA:35,2
DA:36,2
DA:37,2
DA:38,2
DA:39,2
DA:40,2
DA:41,2
DA:42,2
DA:43,2
DA:44,0
DA:46,0
DA:47,0
DA:48,0
DA:49,0
DA:51,0
DA:52,0
DA:53,0
DA:54,2
DA:56,2
DA:57,2
DA:58,0
DA:59,0
DA:60,0
DA:61,0
DA:62,2
DA:64,2
DA:65,2
DA:66,2
DA:67,2
DA:68,2
DA:69,2
DA:72,2
DA:73,2
DA:74,2
DA:76,2
DA:77,2
DA:78,2
DA:79,2
DA:80,2
DA:81,2
DA:82,2
DA:83,2
DA:84,2
DA:85,2
DA:86,2
DA:87,2
DA:89,2
DA:90,2
DA:91,2
DA:92,2
DA:93,2
DA:94,2
DA:96,2
DA:97,0
DA:98,0
DA:99,0
DA:100,0
DA:102,2
DA:103,2
DA:104,2
DA:105,2
DA:106,2
DA:107,2
DA:109,2
DA:110,2
DA:112,2
DA:113,2
DA:114,2
DA:116,2
DA:117,2
DA:118,2
DA:120,2
DA:121,2
DA:122,20
DA:123,20
DA:124,20
DA:125,20
DA:126,20
DA:127,20
DA:128,20
DA:129,20
DA:130,20
DA:131,20
DA:132,20
DA:133,0
DA:134,20
DA:135,20
DA:137,20
DA:138,20
DA:139,20
DA:141,2
DA:142,2
DA:144,2
DA:145,2
DA:146,2
DA:147,2
DA:148,2
DA:151,2
DA:152,2
DA:154,2
DA:155,2
DA:156,2
DA:157,2
DA:159,2
DA:160,2
DA:163,2
DA:164,2
DA:165,2
DA:166,2
DA:167,2
DA:168,2
DA:170,2
DA:171,2
DA:172,8
DA:173,8
DA:174,8
DA:175,8
DA:176,8
DA:177,8
DA:178,8
DA:179,8
DA:180,8
DA:181,8
DA:182,8
DA:183,8
DA:184,0
DA:185,8
DA:186,8
DA:188,8
DA:189,8
DA:190,8
DA:192,2
DA:194,2
DA:195,2
DA:196,2
DA:197,0
DA:198,0
DA:199,0
DA:200,2
DA:201,2
DA:202,2
DA:203,2
DA:204,0
DA:205,2
DA:206,2
DA:207,2
DA:209,2
DA:210,2
DA:211,2
DA:212,2
DA:213,2
DA:216,2
DA:217,2
DA:218,0
DA:220,0
DA:221,0
DA:222,0
DA:223,0
DA:224,0
DA:225,0
DA:226,0
DA:228,0
DA:229,0
DA:230,0
DA:231,0
DA:232,0
DA:233,0
DA:234,0
DA:235,0
DA:236,0
DA:237,0
DA:238,0
DA:239,0
DA:240,0
DA:241,0
DA:243,0
DA:244,0
DA:245,0
DA:247,2
DA:250,2
DA:251,2
DA:252,2
DA:253,2
DA:254,2
DA:255,2
DA:257,2
LF:201
LH:154
BRDA:22,0,0,2
BRDA:203,1,0,0
BRDA:217,2,0,0
BRDA:30,3,0,2
BRDA:33,4,0,2
BRDA:33,5,0,1
BRDA:35,6,0,2
BRDA:38,7,0,0
BRDA:43,8,0,0
BRDA:64,9,0,2
BRDA:66,10,0,0
BRDA:72,11,0,2
BRDA:102,12,0,2
BRDA:121,13,0,20
BRDA:129,14,0,0
BRDA:132,15,0,0
BRDA:171,16,0,8
BRDA:179,17,0,0
BRDA:183,18,0,0
BRF:19
BRH:10
end_of_record
TN:
SF:apps/web/src/components/MessageBubble.tsx
FN:68,MessageBubble
FN:136,onChange
FN:227,onSelect
FN:241,onSelect
FN:255,onSelect
FN:267,onSelect
FN:278,onSelect
FNF:7
FNH:6
FNDA:19,MessageBubble
FNDA:1,onChange
FNDA:1,onSelect
FNDA:1,onSelect
FNDA:2,onSelect
FNDA:1,onSelect
FNDA:0,onSelect
DA:1,1
DA:2,1
DA:14,1
DA:15,1
DA:68,1
DA:69,19
DA:70,19
DA:71,19
DA:72,19
DA:73,19
DA:74,19
DA:75,19
DA:76,19
DA:77,19
DA:78,19
DA:79,19
DA:80,19
DA:81,19
DA:82,19
DA:83,19
DA:84,19
DA:85,19
DA:86,19
DA:87,19
DA:88,3
DA:89,16
DA:90,19
DA:91,19
DA:92,3
DA:93,16
DA:95,19
DA:96,19
DA:98,19
DA:99,19
DA:100,19
DA:101,19
DA:102,19
DA:103,19
DA:104,19
DA:105,19
DA:108,19
DA:109,19
DA:110,19
DA:111,19
DA:112,19
DA:113,19
DA:114,19
DA:115,19
DA:116,19
DA:117,19
DA:118,19
DA:121,19
DA:122,19
DA:123,19
DA:124,19
DA:125,19
DA:126,19
DA:127,19
DA:128,15
DA:129,4
DA:130,19
DA:132,19
DA:133,4
DA:134,4
DA:135,4
DA:136,4
DA:137,4
DA:138,4
DA:139,4
DA:140,4
DA:141,4
DA:142,4
DA:143,1
DA:144,1
DA:145,1
DA:146,1
DA:148,4
DA:150,15
DA:151,15
DA:152,15
DA:153,3
DA:154,3
DA:155,3
DA:156,3
DA:157,3
DA:158,3
DA:159,3
DA:161,3
DA:162,1
DA:164,3
DA:166,15
DA:168,19
DA:171,19
DA:172,19
DA:173,19
DA:174,19
DA:176,19
DA:177,19
DA:178,19
DA:180,19
DA:181,4
DA:182,4
DA:183,4
DA:184,4
DA:185,4
DA:186,4
DA:187,4
DA:188,0
DA:189,4
DA:190,4
DA:191,4
DA:192,4
DA:194,4
DA:195,0
DA:197,4
DA:199,4
DA:200,4
DA:201,4
DA:202,4
DA:203,4
DA:204,4
DA:205,4
DA:207,4
DA:208,4
DA:209,4
DA:211,15
DA:212,15
DA:213,15
DA:214,15
DA:215,15
DA:216,15
DA:217,15
DA:218,15
DA:220,15
DA:221,15
DA:222,15
DA:223,15
DA:224,15
DA:225,5
DA:226,5
DA:227,5
DA:229,5
DA:230,0
DA:232,5
DA:233,5
DA:235,5
DA:238,15
DA:239,6
DA:240,6
DA:241,6
DA:243,6
DA:244,0
DA:246,6
DA:247,6
DA:249,6
DA:252,15
DA:253,4
DA:254,4
DA:255,4
DA:257,4
DA:259,4
DA:262,15
DA:263,2
DA:264,2
DA:265,2
DA:266,2
DA:267,2
DA:268,2
DA:269,2
DA:270,0
DA:271,2
DA:273,2
DA:275,2
DA:276,2
DA:277,2
DA:278,2
DA:279,2
DA:280,2
DA:281,2
DA:283,2
DA:285,2
DA:286,2
DA:288,15
DA:289,15
DA:291,19
DA:292,19
DA:294,19
LF:187
LH:182
BRDA:68,0,0,19
BRDA:87,1,0,3
BRDA:88,2,0,16
BRDA:91,3,0,3
BRDA:92,4,0,16
BRDA:96,5,0,4
BRDA:96,6,0,1
BRDA:96,7,0,1
BRDA:104,8,0,15
BRDA:104,9,0,4
BRDA:110,10,0,15
BRDA:110,11,0,4
BRDA:126,12,0,1
BRDA:127,13,0,15
BRDA:128,14,0,4
BRDA:132,15,0,4
BRDA:142,16,0,1
BRDA:148,17,0,15
BRDA:152,18,0,3
BRDA:158,19,0,0
BRDA:161,20,0,1
BRDA:177,21,0,15
BRDA:177,22,0,4
BRDA:180,23,0,4
BRDA:187,24,0,0
BRDA:194,25,0,0
BRDA:209,26,0,15
BRDA:223,27,0,11
BRDA:223,28,0,4
BRDA:224,29,0,5
BRDA:229,30,0,0
BRDA:238,31,0,6
BRDA:243,32,0,0
BRDA:252,33,0,11
BRDA:252,34,0,4
BRDA:262,35,0,4
BRDA:262,36,0,2
BRDA:269,37,0,0
BRDA:280,38,0,0
BRDA:136,39,0,1
BRDA:227,40,0,1
BRDA:241,41,0,1
BRDA:255,42,0,2
BRDA:267,43,0,1
BRF:44
BRH:37
end_of_record
TN:
SF:apps/web/src/components/MessageContent.tsx
FN:25,normalizeLang
FN:49,MermaidBlock
FN:109,CodeBlock
FN:139,onClick
FN:171,MessageContent
FN:178,a
FN:188,img
FN:196,p
FN:201,ul
FN:206,ol
FN:211,li
FN:212,blockquote
FN:217,pre
FN:218,code
FN:245,table
FN:252,th
FN:257,td
FNF:17
FNH:12
FNDA:5,normalizeLang
FNDA:2,MermaidBlock
FNDA:3,CodeBlock
FNDA:2,onClick
FNDA:20,MessageContent
FNDA:1,a
FNDA:0,img
FNDA:19,p
FNDA:0,ul
FNDA:0,ol
FNDA:0,li
FNDA:0,blockquote
FNDA:2,pre
FNDA:3,code
FNDA:1,table
FNDA:2,th
FNDA:2,td
DA:1,1
DA:2,1
DA:3,1
DA:5,1
DA:6,1
DA:7,1
DA:8,1
DA:10,1
DA:12,1
DA:13,1
DA:14,1
DA:15,1
DA:16,1
DA:17,1
DA:18,1
DA:19,1
DA:20,1
DA:21,1
DA:22,1
DA:23,1
DA:25,5
DA:26,5
DA:27,5
DA:29,5
DA:30,5
DA:31,5
DA:32,5
DA:33,5
DA:34,5
DA:35,5
DA:36,5
DA:37,5
DA:38,5
DA:39,5
DA:40,5
DA:41,5
DA:42,5
DA:43,5
DA:44,5
DA:46,5
DA:47,5
DA:49,2
DA:50,2
DA:51,2
DA:52,2
DA:54,2
DA:55,1
DA:56,1
DA:57,1
DA:59,1
DA:60,1
DA:62,1
DA:63,1
DA:64,1
DA:65,1
DA:66,1
DA:67,1
DA:68,1
DA:70,1
DA:71,1
DA:72,1
DA:73,1
DA:74,1
DA:75,0
DA:76,0
DA:77,0
DA:78,1
DA:80,1
DA:81,1
DA:82,1
DA:83,2
DA:85,2
DA:86,2
DA:87,2
DA:88,2
DA:90,2
DA:91,2
DA:93,2
DA:94,0
DA:95,2
DA:96,1
DA:98,1
DA:99,1
DA:102,1
DA:103,1
DA:105,2
DA:107,2
DA:109,3
DA:110,3
DA:111,3
DA:113,3
DA:114,3
DA:115,3
DA:117,3
DA:119,3
DA:121,3
DA:122,3
DA:123,0
DA:124,0
DA:125,3
DA:126,3
DA:127,0
DA:128,0
DA:129,3
DA:131,3
DA:132,3
DA:133,3
DA:134,3
DA:135,3
DA:136,3
DA:137,3
DA:138,3
DA:139,3
DA:140,3
DA:141,3
DA:143,3
DA:144,1
DA:146,2
DA:148,3
DA:149,3
DA:151,3
DA:153,3
DA:154,3
DA:155,3
DA:156,3
DA:157,3
DA:159,3
DA:160,3
DA:161,3
DA:162,3
DA:163,3
DA:164,2
DA:166,3
DA:167,3
DA:169,3
DA:171,1
DA:172,20
DA:173,20
DA:174,20
DA:175,20
DA:176,20
DA:177,20
DA:178,20
DA:179,1
DA:180,1
DA:181,1
DA:182,1
DA:183,1
DA:185,1
DA:186,1
DA:188,20
DA:189,0
DA:190,0
DA:191,0
DA:192,0
DA:193,0
DA:194,0
DA:196,20
DA:197,19
DA:198,19
DA:199,19
DA:201,20
DA:202,0
DA:203,0
DA:204,0
DA:206,20
DA:207,0
DA:208,0
DA:209,0
DA:211,20
DA:212,20
DA:213,0
DA:214,0
DA:215,0
DA:217,20
DA:218,20
DA:219,3
DA:220,3
DA:221,3
DA:224,3
DA:225,1
DA:226,1
DA:227,1
DA:228,1
DA:229,1
DA:230,1
DA:231,1
DA:233,1
DA:234,1
DA:236,1
DA:238,2
DA:239,3
DA:240,1
DA:241,1
DA:243,1
DA:244,3
DA:245,20
DA:246,1
DA:247,1
DA:248,1
DA:249,1
DA:250,1
DA:252,20
DA:253,2
DA:254,2
DA:255,2
DA:257,20
DA:258,2
DA:259,2
DA:260,2
DA:262,20
DA:264,20
DA:265,20
DA:266,20
DA:268,20
LF:215
LH:192
BRDA:25,0,0,5
BRDA:26,1,0,0
BRDA:27,2,0,0
BRDA:46,3,0,1
BRDA:49,4,0,2
BRDA:93,5,0,0
BRDA:95,6,0,1
BRDA:96,7,0,1
BRDA:54,8,0,1
BRDA:59,9,0,1
BRDA:72,10,0,0
BRDA:74,11,0,0
BRDA:80,12,0,1
BRDA:109,13,0,3
BRDA:115,14,0,1
BRDA:115,15,0,2
BRDA:141,16,0,1
BRDA:141,17,0,2
BRDA:143,18,0,1
BRDA:144,19,0,2
BRDA:148,20,0,1
BRDA:148,21,0,2
BRDA:163,22,0,2
BRDA:163,23,0,2
BRDA:113,24,0,1
BRDA:117,25,0,3
BRDA:122,26,0,0
BRDA:126,27,0,0
BRDA:139,28,0,2
BRDA:139,29,0,2
BRDA:171,30,0,20
BRDA:178,31,0,1
BRDA:196,32,0,19
BRDA:217,33,0,2
BRDA:218,34,0,3
BRDA:219,35,0,0
BRDA:220,36,0,1
BRDA:221,37,0,2
BRDA:221,38,0,1
BRDA:224,39,0,1
BRDA:236,40,0,2
BRDA:239,41,0,1
BRDA:245,42,0,1
BRDA:252,43,0,2
BRDA:257,44,0,2
BRF:45
BRH:37
end_of_record
TN:
SF:apps/web/src/components/ReceiptsList.tsx
FN:14,ReceiptsList
FN:22,queryFn
FNF:2
FNH:2
FNDA:7,ReceiptsList
FNDA:4,queryFn
DA:2,1
DA:3,1
DA:4,1
DA:5,1
DA:14,1
DA:15,7
DA:16,7
DA:17,7
DA:18,7
DA:19,7
DA:20,7
DA:21,7
DA:22,7
DA:23,7
DA:25,7
DA:26,4
DA:27,4
DA:29,7
DA:30,1
DA:31,1
DA:32,1
DA:33,1
DA:34,1
DA:36,1
DA:38,7
DA:39,1
DA:40,1
DA:42,1
DA:44,1
DA:45,1
DA:46,1
DA:47,2
DA:48,2
DA:49,2
DA:50,2
DA:51,2
DA:52,2
DA:53,2
DA:55,2
DA:56,2
DA:57,2
DA:58,1
DA:60,1
DA:62,2
DA:63,2
DA:64,2
DA:65,2
DA:66,2
DA:67,2
DA:68,2
DA:69,2
DA:70,2
DA:71,2
DA:72,2
DA:73,2
DA:74,2
DA:76,2
DA:77,2
DA:78,2
DA:80,2
DA:81,2
DA:82,2
DA:83,2
DA:84,2
DA:85,2
DA:86,2
DA:88,2
DA:89,2
DA:90,2
DA:91,2
DA:92,2
DA:93,2
DA:94,2
DA:96,2
DA:97,2
DA:98,2
DA:99,2
DA:100,2
DA:101,1
DA:102,1
DA:104,1
LF:81
LH:81
BRDA:14,0,0,7
BRDA:25,1,0,4
BRDA:27,2,0,3
BRDA:29,3,0,1
BRDA:36,4,0,2
BRDA:38,5,0,0
BRDA:38,6,0,1
BRDA:22,7,0,4
BRDA:46,8,0,2
BRDA:51,9,0,0
BRDA:57,10,0,1
BRDA:58,11,0,1
BRDA:65,12,0,1
BRDA:65,13,0,1
BRDA:92,14,0,0
BRDA:96,15,0,0
BRF:16
BRH:12
end_of_record
TN:
SF:apps/web/src/components/ui/Button.tsx
FNF:0
FNH:0
DA:1,1
DA:2,1
DA:3,1
DA:24,1
DA:25,1
DA:26,116
DA:27,116
DA:28,116
DA:29,116
DA:30,116
DA:31,116
DA:32,116
DA:33,116
DA:34,116
DA:35,116
DA:36,116
DA:37,116
DA:38,116
DA:39,116
DA:40,116
DA:41,116
DA:43,116
DA:44,116
DA:45,116
DA:46,116
DA:47,116
DA:48,116
DA:49,116
DA:50,116
DA:51,116
DA:53,116
DA:54,116
DA:55,116
DA:56,116
DA:57,116
DA:58,116
DA:60,116
DA:61,116
DA:62,116
DA:63,116
DA:64,116
DA:65,116
DA:66,116
DA:67,116
DA:68,116
DA:69,116
DA:70,116
DA:71,116
DA:73,116
DA:74,116
DA:75,116
DA:76,116
DA:77,116
DA:79,116
DA:80,1
DA:82,1
LF:56
LH:56
BRDA:25,0,0,116
BRDA:63,1,0,58
BRDA:68,2,0,6
BRDA:73,3,0,5
BRDA:74,4,0,111
BRDA:76,5,0,111
BRF:6
BRH:6
end_of_record
TN:
SF:apps/web/src/components/ui/Card.tsx
FN:20,Card
FNF:1
FNH:1
FNDA:63,Card
DA:1,1
DA:20,1
DA:21,63
DA:22,63
DA:23,63
DA:24,63
DA:25,63
DA:26,63
DA:27,63
DA:28,63
DA:29,63
DA:30,63
DA:31,63
DA:32,63
DA:33,63
DA:35,63
DA:36,63
DA:37,63
DA:38,63
DA:39,63
DA:40,63
DA:42,63
DA:43,63
DA:44,63
DA:45,63
DA:46,63
DA:47,63
DA:48,63
DA:49,3
DA:50,63
DA:51,63
DA:52,63
DA:54,63
DA:55,63
DA:57,63
LF:35
LH:35
BRDA:20,0,0,63
BRDA:48,1,0,3
BRF:2
BRH:2
end_of_record
TN:
SF:apps/web/src/components/ui/Dialog.tsx
FN:31,sheetPositionClasses
FN:45,sheetAnimationClasses
FN:111,DialogHeader
FN:150,DialogBody
FN:157,DialogFooter
FNF:5
FNH:5
FNDA:9,sheetPositionClasses
FNDA:9,sheetAnimationClasses
FNDA:1,DialogHeader
FNDA:2,DialogBody
FNDA:1,DialogFooter
DA:1,1
DA:2,1
DA:3,1
DA:8,1
DA:9,1
DA:10,1
DA:12,1
DA:14,1
DA:17,1
DA:18,2
DA:19,2
DA:20,2
DA:21,2
DA:22,2
DA:23,2
DA:24,2
DA:25,2
DA:26,2
DA:27,2
DA:28,2
DA:29,1
DA:31,9
DA:32,9
DA:33,9
DA:34,1
DA:35,9
DA:36,8
DA:37,9
DA:38,0
DA:39,9
DA:40,9
DA:41,0
DA:42,9
DA:43,9
DA:45,9
DA:46,9
DA:47,9
DA:48,1
DA:49,9
DA:50,8
DA:51,9
DA:52,0
DA:53,9
DA:54,9
DA:55,0
DA:56,9
DA:57,9
DA:66,1
DA:70,1
DA:71,10
DA:72,10
DA:73,10
DA:74,10
DA:76,10
DA:77,10
DA:78,10
DA:79,10
DA:80,10
DA:81,10
DA:82,10
DA:83,10
DA:84,10
DA:85,10
DA:86,10
DA:87,10
DA:88,9
DA:89,9
DA:90,9
DA:91,9
DA:92,9
DA:93,9
DA:94,9
DA:95,1
DA:96,1
DA:97,1
DA:98,1
DA:99,10
DA:100,10
DA:101,10
DA:103,10
DA:104,10
DA:105,10
DA:107,10
DA:108,1
DA:109,1
DA:111,1
DA:112,1
DA:113,1
DA:114,1
DA:115,1
DA:116,1
DA:117,1
DA:118,1
DA:119,1
DA:120,1
DA:121,1
DA:122,1
DA:124,1
DA:126,1
DA:129,1
DA:130,1
DA:131,1
DA:132,1
DA:133,1
DA:134,1
DA:135,1
DA:136,1
DA:138,1
DA:141,1
DA:142,1
DA:143,1
DA:144,1
DA:145,1
DA:146,1
DA:147,1
DA:148,1
DA:150,1
DA:151,2
DA:152,2
DA:153,2
DA:154,2
DA:155,2
DA:157,1
DA:158,1
DA:159,1
DA:160,1
DA:161,1
DA:162,1
DA:163,1
DA:164,1
DA:165,1
DA:166,1
DA:167,1
DA:168,1
DA:170,1
LF:135
LH:131
BRDA:17,0,0,2
BRDA:31,1,0,9
BRDA:33,2,0,1
BRDA:35,3,0,8
BRDA:37,4,0,0
BRDA:39,5,0,0
BRDA:40,6,0,0
BRDA:45,7,0,9
BRDA:47,8,0,1
BRDA:49,9,0,8
BRDA:51,10,0,0
BRDA:53,11,0,0
BRDA:54,12,0,0
BRDA:70,13,0,10
BRDA:87,14,0,9
BRDA:94,15,0,1
BRDA:111,16,0,1
BRDA:129,17,0,1
BRDA:141,18,0,1
BRDA:150,19,0,2
BRDA:157,20,0,1
BRF:21
BRH:15
end_of_record
TN:
SF:apps/web/src/components/ui/DropdownMenu.tsx
FNF:0
FNH:0
DA:1,1
DA:2,1
DA:3,1
DA:5,1
DA:6,1
DA:7,1
DA:9,1
DA:12,1
DA:13,78
DA:14,78
DA:15,78
DA:16,78
DA:17,78
DA:18,78
DA:19,78
DA:20,78
DA:21,78
DA:22,78
DA:23,78
DA:24,78
DA:25,78
DA:26,78
DA:27,78
DA:28,78
DA:29,1
DA:30,1
DA:32,1
DA:35,1
DA:36,18
DA:37,18
DA:38,18
DA:39,18
DA:40,18
DA:41,18
DA:42,18
DA:43,18
DA:44,18
DA:45,18
DA:46,18
DA:47,18
DA:48,18
DA:49,1
DA:51,1
DA:54,1
DA:55,6
DA:56,6
DA:57,6
DA:58,6
DA:59,6
DA:60,6
DA:61,1
DA:63,1
DA:66,1
DA:67,0
DA:68,0
DA:69,0
DA:70,0
DA:71,0
DA:72,0
DA:73,1
DA:75,1
DA:78,1
DA:79,0
DA:80,0
DA:81,0
DA:82,0
DA:83,0
DA:84,0
DA:85,0
DA:86,0
DA:87,0
DA:88,0
DA:89,0
DA:91,0
DA:92,0
DA:93,0
DA:94,1
LF:77
LH:57
BRDA:12,0,0,78
BRDA:35,1,0,18
BRDA:54,2,0,6
BRF:3
BRH:3
end_of_record
TN:
SF:apps/web/src/components/ui/Input.tsx
FNF:0
FNH:0
DA:1,1
DA:2,1
DA:3,1
DA:20,1
DA:21,1
DA:22,70
DA:23,70
DA:24,70
DA:25,70
DA:27,70
DA:28,70
DA:29,70
DA:30,21
DA:31,21
DA:32,21
DA:34,21
DA:35,21
DA:37,70
DA:38,70
DA:39,58
DA:40,58
DA:41,58
DA:43,70
DA:44,70
DA:45,70
DA:46,70
DA:47,70
DA:48,70
DA:49,70
DA:50,70
DA:51,3
DA:52,67
DA:53,70
DA:54,70
DA:55,70
DA:56,70
DA:57,70
DA:58,70
DA:59,70
DA:60,7
DA:61,7
DA:62,7
DA:64,70
DA:65,70
DA:66,3
DA:67,3
DA:68,3
DA:69,3
DA:71,70
DA:72,3
DA:74,70
DA:76,70
DA:77,1
DA:79,1
LF:54
LH:54
BRDA:21,0,0,70
BRDA:29,1,0,21
BRDA:38,2,0,58
BRDA:50,3,0,3
BRDA:51,4,0,67
BRDA:53,5,0,58
BRDA:54,6,0,7
BRDA:59,7,0,7
BRDA:65,8,0,3
BRDA:71,9,0,3
BRDA:71,10,0,3
BRF:11
BRH:11
end_of_record
TN:
SF:apps/web/src/components/ui/Skeleton.tsx
FN:17,Skeleton
FN:51,MessageSkeleton
FN:86,ConversationListSkeleton
FN:102,PageSkeleton
FNF:4
FNH:3
FNDA:571,Skeleton
FNDA:84,MessageSkeleton
FNDA:23,ConversationListSkeleton
FNDA:0,PageSkeleton
DA:1,1
DA:17,1
DA:18,571
DA:19,571
DA:20,571
DA:21,571
DA:22,571
DA:23,571
DA:24,571
DA:25,571
DA:26,571
DA:27,571
DA:28,571
DA:29,571
DA:31,571
DA:32,571
DA:33,571
DA:34,571
DA:35,571
DA:36,571
DA:37,571
DA:38,571
DA:39,571
DA:40,571
DA:41,571
DA:42,571
DA:43,571
DA:44,571
DA:46,571
DA:51,1
DA:52,84
DA:53,84
DA:54,84
DA:55,84
DA:56,84
DA:57,84
DA:60,84
DA:63,84
DA:64,84
DA:65,84
DA:66,84
DA:67,84
DA:68,84
DA:70,84
DA:71,84
DA:72,84
DA:73,84
DA:74,84
DA:75,84
DA:76,84
DA:77,84
DA:78,84
DA:79,84
DA:81,84
DA:86,1
DA:87,23
DA:88,23
DA:89,23
DA:90,110
DA:91,110
DA:92,110
DA:93,110
DA:94,23
DA:95,23
DA:97,23
DA:102,1
DA:103,0
DA:104,0
DA:106,0
DA:107,0
DA:108,0
DA:109,0
DA:112,0
DA:113,0
DA:114,0
DA:115,0
DA:117,0
DA:118,0
DA:120,0
LF:79
LH:66
BRDA:17,0,0,571
BRDA:39,1,0,351
BRDA:39,2,0,220
BRDA:40,3,0,0
BRDA:51,4,0,84
BRDA:56,5,0,29
BRDA:56,6,0,55
BRDA:63,7,0,29
BRDA:67,8,0,29
BRDA:67,9,0,55
BRDA:72,10,0,29
BRDA:72,11,0,55
BRDA:86,12,0,23
BRDA:89,13,0,110
BRF:14
BRH:13
end_of_record
TN:
SF:apps/web/src/components/ui/Tabs.tsx
FNF:0
FNH:0
DA:1,1
DA:2,1
DA:3,1
DA:5,1
DA:7,1
DA:10,1
DA:11,27
DA:12,27
DA:13,27
DA:14,27
DA:15,27
DA:16,27
DA:17,27
DA:18,27
DA:19,27
DA:20,27
DA:21,1
DA:23,1
DA:26,1
DA:27,81
DA:28,81
DA:29,81
DA:30,81
DA:31,81
DA:32,81
DA:33,81
DA:34,81
DA:35,81
DA:36,81
DA:37,81
DA:38,81
DA:39,81
DA:40,1
DA:42,1
DA:45,1
DA:46,81
DA:47,81
DA:48,81
DA:49,81
DA:50,81
DA:51,81
DA:52,1
LF:42
LH:42
BRDA:10,0,0,27
BRDA:26,1,0,81
BRDA:45,2,0,81
BRF:3
BRH:3
end_of_record
TN:
SF:apps/web/src/components/ui/Toast.tsx
FN:102,useSimpleToast
FNF:1
FNH:1
FNDA:5,useSimpleToast
DA:1,1
DA:2,1
DA:3,1
DA:5,1
DA:6,1
DA:9,1
DA:10,10
DA:11,10
DA:12,10
DA:13,10
DA:14,10
DA:15,10
DA:16,10
DA:17,10
DA:18,10
DA:19,10
DA:20,10
DA:21,1
DA:23,1
DA:26,1
DA:27,5
DA:28,5
DA:29,5
DA:30,5
DA:31,5
DA:32,5
DA:33,5
DA:34,5
DA:35,5
DA:36,5
DA:37,5
DA:38,5
DA:39,5
DA:40,1
DA:42,1
DA:45,1
DA:46,2
DA:47,2
DA:48,2
DA:49,2
DA:50,2
DA:51,2
DA:52,1
DA:54,1
DA:57,1
DA:58,1
DA:59,1
DA:60,1
DA:61,1
DA:62,1
DA:63,1
DA:64,1
DA:66,1
DA:69,1
DA:70,0
DA:71,0
DA:72,0
DA:73,0
DA:74,0
DA:75,0
DA:76,0
DA:77,0
DA:78,0
DA:79,0
DA:80,0
DA:81,0
DA:82,1
DA:84,1
DA:87,1
DA:88,2
DA:89,2
DA:90,2
DA:91,2
DA:92,2
DA:93,2
DA:94,2
DA:95,2
DA:96,2
DA:97,2
DA:98,2
DA:99,1
DA:102,1
DA:103,5
DA:104,5
DA:105,5
DA:107,5
DA:108,5
DA:109,2
DA:110,2
DA:111,2
DA:112,2
DA:113,2
DA:114,5
DA:115,5
DA:117,5
DA:118,5
DA:119,5
DA:120,5
DA:121,5
DA:122,5
DA:123,5
DA:124,5
DA:127,5
DA:128,5
LF:104
LH:92
BRDA:9,0,0,10
BRDA:26,1,0,5
BRDA:45,2,0,2
BRDA:57,3,0,1
BRDA:87,4,0,2
BRDA:102,5,0,5
BRDA:119,6,0,4
BRDA:120,7,0,2
BRDA:108,8,0,2
BRDA:110,9,0,1
BRDA:112,10,0,2
BRF:11
BRH:11
end_of_record
TN:
SF:apps/web/src/components/ui/Tooltip.tsx
FN:33,IconButtonTooltip
FNF:1
FNH:1
FNDA:45,IconButtonTooltip
DA:1,1
DA:2,1
DA:3,1
DA:5,1
DA:6,1
DA:7,1
DA:9,1
DA:12,1
DA:13,33
DA:14,33
DA:15,33
DA:16,33
DA:17,33
DA:18,33
DA:19,33
DA:20,33
DA:21,33
DA:22,33
DA:23,33
DA:24,33
DA:25,33
DA:26,33
DA:27,33
DA:28,33
DA:29,33
DA:30,1
DA:31,1
DA:33,1
DA:34,45
DA:35,45
DA:36,45
DA:37,45
DA:41,45
DA:42,45
DA:46,45
DA:47,45
DA:48,45
DA:49,45
DA:51,45
DA:53,33
DA:54,33
DA:55,33
DA:56,33
DA:57,33
DA:58,33
DA:59,33
DA:61,33
LF:47
LH:47
BRDA:12,0,0,33
BRDA:33,1,0,45
BRDA:42,2,0,0
BRDA:51,3,0,12
BRDA:51,4,0,33
BRF:5
BRH:4
end_of_record
TN:
SF:apps/web/src/components/ui/index.ts
FNF:0
FNH:0
DA:8,1
DA:9,1
DA:10,1
DA:11,1
DA:26,1
DA:36,1
DA:43,1
DA:44,1
DA:54,1
LF:9
LH:9
BRF:0
BRH:0
end_of_record
TN:
SF:apps/web/src/contexts/ThemeContext.tsx
FN:21,getSystemTheme
FN:28,ThemeProvider
FN:42,updateResolved
FN:54,handler
FN:71,setTheme
FN:83,useTheme
FNF:6
FNH:4
FNDA:0,getSystemTheme
FNDA:12,ThemeProvider
FNDA:5,updateResolved
FNDA:0,handler
FNDA:2,setTheme
FNDA:8,useTheme
DA:1,1
DA:17,1
DA:19,1
DA:21,0
DA:22,0
DA:23,0
DA:24,0
DA:25,0
DA:26,0
DA:28,1
DA:29,12
DA:30,3
DA:31,3
DA:32,3
DA:33,12
DA:35,12
DA:36,3
DA:37,3
DA:38,12
DA:41,12
DA:42,5
DA:43,5
DA:44,0
DA:45,5
DA:46,5
DA:47,5
DA:48,5
DA:50,5
DA:53,5
DA:54,5
DA:55,0
DA:56,0
DA:57,0
DA:58,0
DA:60,5
DA:61,5
DA:62,12
DA:65,12
DA:66,5
DA:67,5
DA:68,5
DA:69,12
DA:71,12
DA:72,2
DA:73,2
DA:74,2
DA:76,12
DA:77,12
DA:78,12
DA:79,12
DA:81,12
DA:83,1
DA:84,8
DA:85,8
DA:86,2
DA:87,2
DA:88,5
DA:89,5
LF:58
LH:47
BRDA:28,0,0,12
BRDA:29,1,0,3
BRDA:30,2,0,0
BRDA:35,3,0,3
BRDA:36,4,0,0
BRDA:41,5,0,5
BRDA:42,6,0,5
BRDA:43,7,0,0
BRDA:61,8,0,5
BRDA:65,9,0,5
BRDA:71,10,0,2
BRDA:83,11,0,8
BRDA:85,12,0,2
BRDA:87,13,0,5
BRF:14
BRH:11
end_of_record
TN:
SF:apps/web/src/hooks/useKeyboardShortcuts.tsx
FN:16,useKeyboardShortcuts
FN:24,handler
FN:41,handler
FN:49,handler
FN:57,handler
FN:64,handler
FN:111,ShortcutHints
FNF:7
FNH:4
FNDA:2,useKeyboardShortcuts
FNDA:0,handler
FNDA:0,handler
FNDA:1,handler
FNDA:0,handler
FNDA:1,handler
FNDA:2,ShortcutHints
DA:1,1
DA:2,1
DA:16,1
DA:17,2
DA:20,2
DA:21,2
DA:22,2
DA:23,2
DA:24,2
DA:26,0
DA:28,0
DA:29,0
DA:30,0
DA:31,0
DA:32,0
DA:33,0
DA:34,0
DA:35,2
DA:36,2
DA:37,2
DA:38,2
DA:39,2
DA:40,2
DA:41,2
DA:42,0
DA:43,0
DA:44,2
DA:45,2
DA:46,2
DA:47,2
DA:48,2
DA:49,2
DA:50,1
DA:51,1
DA:52,2
DA:53,2
DA:54,2
DA:55,2
DA:56,2
DA:57,2
DA:58,0
DA:59,0
DA:60,2
DA:61,2
DA:62,2
DA:63,2
DA:64,2
DA:66,1
DA:67,1
DA:68,2
DA:69,2
DA:70,2
DA:72,2
DA:73,2
DA:75,3
DA:76,3
DA:77,1
DA:79,3
DA:80,1
DA:81,1
DA:83,3
DA:84,8
DA:85,7
DA:86,1
DA:87,8
DA:88,8
DA:90,8
DA:91,2
DA:92,2
DA:93,2
DA:94,2
DA:95,8
DA:96,3
DA:97,2
DA:98,2
DA:100,2
DA:101,2
DA:102,2
DA:103,2
DA:105,2
DA:106,2
DA:111,1
DA:112,2
DA:113,2
DA:120,2
DA:121,2
DA:122,2
DA:123,2
DA:124,2
DA:126,2
DA:127,2
DA:128,2
DA:129,10
DA:130,10
DA:131,10
DA:132,10
DA:133,10
DA:134,10
DA:135,10
DA:136,10
DA:137,2
DA:138,2
DA:140,2
LF:103
LH:91
BRDA:16,0,0,2
BRDA:49,1,0,1
BRDA:64,2,0,1
BRDA:73,3,0,3
BRDA:76,4,0,1
BRDA:79,5,0,2
BRDA:79,6,0,1
BRDA:81,7,0,2
BRDA:83,8,0,8
BRDA:84,9,0,7
BRDA:85,10,0,1
BRDA:87,11,0,2
BRDA:87,12,0,6
BRDA:90,13,0,4
BRDA:90,14,0,3
BRDA:90,15,0,2
BRDA:95,16,0,0
BRDA:100,17,0,2
BRDA:102,18,0,2
BRDA:111,19,0,2
BRDA:124,20,0,0
BRDA:128,21,0,10
BRDA:132,22,0,8
BRDA:133,23,0,2
BRF:24
BRH:22
end_of_record
TN:
SF:apps/web/src/hooks/useMediaQuery.ts
FN:3,useMediaQuery
FN:12,listener
FNF:2
FNH:1
FNDA:58,useMediaQuery
FNDA:0,listener
DA:1,1
DA:3,1
DA:4,58
DA:6,58
DA:7,21
DA:8,21
DA:9,4
DA:10,4
DA:12,21
DA:13,21
DA:15,21
DA:16,58
DA:18,58
DA:19,58
LF:14
LH:14
BRDA:3,0,0,58
BRDA:6,1,0,21
BRDA:8,2,0,4
BRDA:15,3,0,21
BRF:4
BRH:4
end_of_record
TN:
SF:apps/web/src/hooks/useWebSocket.ts
FN:10,shouldConnectWebSocket
FN:83,useWebSocket
FN:95,onConnect
FN:98,onDisconnect
FN:102,onMessage
FNF:5
FNH:2
FNDA:2,shouldConnectWebSocket
FNDA:2,useWebSocket
FNDA:0,onConnect
FNDA:0,onDisconnect
FNDA:0,onMessage
DA:1,1
DA:2,1
DA:7,1
DA:8,1
DA:10,2
DA:11,2
DA:12,2
DA:13,2
DA:14,2
DA:15,2
DA:16,2
DA:18,2
DA:19,2
DA:20,2
DA:21,2
DA:22,2
DA:23,2
DA:24,2
DA:25,2
DA:26,2
DA:27,0
DA:28,0
DA:29,0
DA:30,0
DA:31,0
DA:32,0
DA:33,0
DA:34,0
DA:36,2
DA:37,1
DA:38,1
DA:40,1
DA:41,1
DA:42,0
DA:43,0
DA:44,0
DA:46,2
DA:47,1
DA:48,1
DA:49,1
DA:50,1
DA:51,1
DA:52,1
DA:53,1
DA:54,1
DA:56,2
DA:57,0
DA:58,0
DA:59,0
DA:60,0
DA:61,0
DA:62,0
DA:63,0
DA:64,0
DA:66,0
DA:67,0
DA:68,0
DA:69,0
DA:70,0
DA:71,0
DA:72,0
DA:73,0
DA:83,1
DA:84,2
DA:85,2
DA:86,2
DA:88,2
DA:89,2
DA:90,2
DA:91,0
DA:92,2
DA:94,2
DA:95,2
DA:96,0
DA:97,0
DA:98,2
DA:99,0
DA:100,0
DA:101,0
DA:102,2
DA:103,0
DA:104,0
DA:105,0
DA:106,0
DA:107,0
DA:108,0
DA:109,0
DA:110,0
DA:111,0
DA:114,0
DA:115,0
DA:116,0
DA:117,0
DA:118,0
DA:119,0
DA:120,0
DA:122,0
DA:124,0
DA:126,0
DA:127,0
DA:128,0
DA:129,0
DA:130,2
DA:133,2
DA:134,2
DA:135,2
DA:136,2
DA:137,2
DA:138,2
DA:139,2
DA:140,2
DA:141,2
DA:144,2
DA:145,2
DA:146,2
DA:147,2
DA:148,2
DA:150,2
DA:151,0
DA:152,2
DA:154,2
DA:155,0
DA:156,0
DA:157,0
DA:158,0
DA:159,0
DA:160,2
DA:162,2
DA:163,0
DA:164,2
DA:166,2
DA:167,2
DA:168,2
DA:169,2
DA:170,2
DA:171,2
DA:172,2
DA:173,2
LF:138
LH:76
BRDA:10,0,0,2
BRDA:26,1,0,0
BRDA:36,2,0,1
BRDA:41,3,0,0
BRDA:42,4,0,0
BRDA:43,5,0,0
BRDA:46,6,0,1
BRDA:54,7,0,0
BRDA:56,8,0,0
BRDA:83,9,0,2
BRDA:88,10,0,2
BRDA:90,11,0,0
BRDA:134,12,0,2
BRDA:140,13,0,1
BRDA:144,14,0,2
BRF:15
BRH:8
end_of_record
TN:
SF:apps/web/src/lib/api.ts
FN:26,isFormData
FN:30,normalizeRequestInit
FN:192,fetchJson
FN:240,dashboard
FN:251,get
FN:258,set
FN:271,list
FN:278,create
FN:289,rename
FN:303,delete
FN:315,list
FN:332,create
FN:347,update
FN:366,clear
FN:378,create
FN:393,search
FN:412,summarize
FN:425,get
FN:434,send
FN:453,export
FN:477,stream
FN:560,analyze
FN:589,voice
FN:623,list
FN:632,create
FN:665,list
FN:673,upload
FN:693,getUrl
FN:696,list
FN:703,clear
FN:712,list
FN:729,promote
FN:744,summarize
FN:757,list
FN:776,create
FNF:35
FNH:30
FNDA:14,isFormData
FNDA:31,normalizeRequestInit
FNDA:27,fetchJson
FNDA:1,dashboard
FNDA:5,get
FNDA:1,set
FNDA:1,list
FNDA:1,create
FNDA:1,rename
FNDA:1,delete
FNDA:1,list
FNDA:0,create
FNDA:1,update
FNDA:1,clear
FNDA:1,create
FNDA:1,search
FNDA:1,summarize
FNDA:0,get
FNDA:1,send
FNDA:1,export
FNDA:1,stream
FNDA:1,analyze
FNDA:1,voice
FNDA:1,list
FNDA:0,create
FNDA:1,list
FNDA:0,upload
FNDA:0,getUrl
FNDA:1,list
FNDA:1,clear
FNDA:1,list
FNDA:1,promote
FNDA:1,summarize
FNDA:1,list
FNDA:1,create
DA:2,1
DA:3,1
DA:4,1
DA:6,1
DA:7,1
DA:9,1
DA:12,0
DA:13,0
DA:15,1
DA:16,0
DA:17,0
DA:18,0
DA:19,0
DA:21,1
DA:22,1
DA:23,1
DA:24,1
DA:26,14
DA:27,14
DA:28,14
DA:30,31
DA:31,31
DA:32,31
DA:34,31
DA:37,31
DA:38,0
DA:39,0
DA:42,31
DA:43,14
DA:44,14
DA:45,14
DA:49,31
DA:50,31
DA:51,14
DA:52,12
DA:53,12
DA:54,31
DA:55,12
DA:56,12
DA:59,31
DA:60,2
DA:61,2
DA:62,2
DA:64,31
DA:65,31
DA:67,31
DA:68,31
DA:69,31
DA:70,31
DA:192,27
DA:193,27
DA:194,27
DA:195,27
DA:196,27
DA:197,27
DA:199,27
DA:200,27
DA:201,27
DA:202,2
DA:203,2
DA:204,2
DA:205,2
DA:206,2
DA:207,2
DA:208,2
DA:209,0
DA:210,2
DA:211,2
DA:214,2
DA:215,2
DA:216,2
DA:217,2
DA:218,2
DA:219,2
DA:220,2
DA:222,24
DA:223,27
DA:225,3
DA:226,3
DA:227,3
DA:228,3
DA:229,3
DA:230,3
DA:231,0
DA:232,3
DA:233,3
DA:234,3
DA:235,3
DA:236,27
DA:238,1
DA:239,1
DA:240,1
DA:241,1
DA:242,1
DA:243,1
DA:244,1
DA:245,1
DA:246,1
DA:247,1
DA:248,1
DA:249,1
DA:250,1
DA:251,1
DA:252,5
DA:253,5
DA:254,5
DA:255,5
DA:256,5
DA:257,5
DA:258,1
DA:259,1
DA:260,1
DA:261,1
DA:262,1
DA:263,1
DA:264,1
DA:265,1
DA:266,1
DA:267,1
DA:268,1
DA:269,1
DA:270,1
DA:271,1
DA:272,1
DA:273,1
DA:274,1
DA:275,1
DA:276,1
DA:277,1
DA:278,1
DA:279,1
DA:280,1
DA:281,1
DA:282,1
DA:283,1
DA:284,1
DA:285,1
DA:286,1
DA:287,1
DA:288,1
DA:289,1
DA:290,1
DA:291,1
DA:292,1
DA:293,1
DA:294,1
DA:295,1
DA:296,1
DA:297,1
DA:298,1
DA:299,1
DA:300,1
DA:301,1
DA:302,1
DA:303,1
DA:304,1
DA:305,1
DA:306,1
DA:307,1
DA:308,1
DA:309,1
DA:310,1
DA:311,1
DA:312,1
DA:313,1
DA:314,1
DA:315,1
DA:316,1
DA:317,1
DA:318,1
DA:319,1
DA:320,1
DA:321,1
DA:322,1
DA:323,0
DA:324,1
DA:325,1
DA:326,1
DA:327,1
DA:328,1
DA:329,1
DA:330,1
DA:331,1
DA:332,1
DA:333,0
DA:334,0
DA:335,0
DA:336,0
DA:337,0
DA:338,0
DA:339,0
DA:340,0
DA:341,0
DA:342,0
DA:343,0
DA:344,0
DA:345,0
DA:346,0
DA:347,1
DA:348,1
DA:349,1
DA:350,1
DA:351,1
DA:352,1
DA:353,0
DA:354,1
DA:356,1
DA:357,1
DA:358,1
DA:359,1
DA:360,1
DA:361,1
DA:362,1
DA:363,1
DA:364,1
DA:365,1
DA:366,1
DA:367,1
DA:368,1
DA:369,1
DA:370,1
DA:371,1
DA:372,1
DA:373,1
DA:374,1
DA:375,1
DA:376,1
DA:377,1
DA:378,1
DA:379,1
DA:380,1
DA:381,1
DA:382,1
DA:383,1
DA:384,1
DA:385,1
DA:386,1
DA:387,1
DA:388,1
DA:389,1
DA:390,1
DA:391,1
DA:392,1
DA:393,1
DA:394,1
DA:395,1
DA:405,1
DA:406,1
DA:407,1
DA:408,1
DA:409,1
DA:410,1
DA:411,1
DA:412,1
DA:413,1
DA:414,1
DA:415,1
DA:416,1
DA:417,1
DA:418,1
DA:419,1
DA:420,1
DA:421,1
DA:422,1
DA:423,1
DA:425,1
DA:427,0
DA:428,0
DA:429,0
DA:430,0
DA:431,0
DA:432,1
DA:433,1
DA:434,1
DA:435,1
DA:436,1
DA:437,1
DA:438,1
DA:439,1
DA:440,1
DA:441,1
DA:442,1
DA:443,1
DA:444,1
DA:445,1
DA:446,1
DA:447,1
DA:448,1
DA:449,1
DA:450,1
DA:451,1
DA:452,1
DA:453,1
DA:454,1
DA:455,1
DA:456,1
DA:457,1
DA:458,1
DA:459,1
DA:460,1
DA:461,1
DA:463,1
DA:464,0
DA:465,0
DA:466,0
DA:468,1
DA:469,1
DA:477,1
DA:478,1
DA:479,1
DA:480,1
DA:481,1
DA:482,1
DA:483,1
DA:484,1
DA:485,1
DA:486,1
DA:487,1
DA:488,1
DA:489,1
DA:490,1
DA:491,1
DA:492,1
DA:493,1
DA:494,1
DA:495,1
DA:496,1
DA:497,1
DA:498,1
DA:500,0
DA:501,0
DA:502,0
DA:503,0
DA:505,1
DA:506,1
DA:507,0
DA:508,0
DA:510,0
DA:511,0
DA:512,0
DA:514,0
DA:515,0
DA:516,0
DA:517,0
DA:518,0
DA:519,0
DA:521,0
DA:524,0
DA:525,0
DA:527,0
DA:528,0
DA:529,0
DA:530,0
DA:531,0
DA:532,0
DA:533,0
DA:534,0
DA:535,0
DA:539,0
DA:540,0
DA:541,0
DA:542,0
DA:543,0
DA:544,0
DA:545,0
DA:547,0
DA:548,0
DA:549,0
DA:550,0
DA:552,0
DA:553,1
DA:560,1
DA:561,1
DA:562,1
DA:563,1
DA:564,1
DA:565,1
DA:566,1
DA:567,1
DA:568,1
DA:570,1
DA:571,1
DA:572,1
DA:573,1
DA:574,1
DA:575,1
DA:576,1
DA:577,1
DA:578,1
DA:579,1
DA:580,1
DA:582,1
DA:583,0
DA:584,0
DA:585,0
DA:587,1
DA:588,1
DA:589,1
DA:590,1
DA:598,1
DA:599,1
DA:600,1
DA:602,1
DA:603,1
DA:604,1
DA:605,1
DA:606,1
DA:607,1
DA:608,1
DA:609,1
DA:610,1
DA:611,1
DA:612,1
DA:614,1
DA:615,0
DA:616,0
DA:617,0
DA:619,1
DA:620,1
DA:621,1
DA:622,1
DA:623,1
DA:624,1
DA:625,1
DA:626,1
DA:627,1
DA:628,1
DA:629,1
DA:630,1
DA:631,1
DA:632,1
DA:633,0
DA:634,0
DA:635,0
DA:641,0
DA:646,0
DA:647,0
DA:648,0
DA:649,0
DA:650,0
DA:651,0
DA:652,0
DA:653,0
DA:654,0
DA:655,0
DA:656,0
DA:657,0
DA:658,0
DA:659,0
DA:660,0
DA:661,0
DA:662,0
DA:663,1
DA:664,1
DA:665,1
DA:666,1
DA:667,1
DA:668,1
DA:669,1
DA:670,1
DA:671,1
DA:672,1
DA:673,1
DA:674,0
DA:676,0
DA:677,0
DA:678,0
DA:679,0
DA:680,0
DA:681,0
DA:682,0
DA:683,0
DA:684,0
DA:685,0
DA:686,0
DA:688,0
DA:689,0
DA:690,0
DA:691,0
DA:692,0
DA:693,1
DA:694,1
DA:695,1
DA:696,1
DA:697,1
DA:698,1
DA:699,1
DA:700,1
DA:701,1
DA:702,1
DA:703,1
DA:704,1
DA:705,1
DA:706,1
DA:707,1
DA:708,1
DA:709,1
DA:710,1
DA:711,1
DA:712,1
DA:713,1
DA:714,1
DA:715,1
DA:716,1
DA:717,1
DA:718,1
DA:719,1
DA:720,1
DA:721,1
DA:723,1
DA:724,1
DA:725,1
DA:726,1
DA:727,1
DA:728,1
DA:729,1
DA:730,1
DA:731,1
DA:732,1
DA:733,1
DA:734,1
DA:735,1
DA:736,1
DA:737,1
DA:738,1
DA:739,1
DA:740,1
DA:741,1
DA:742,1
DA:743,1
DA:744,1
DA:745,1
DA:746,1
DA:747,1
DA:748,1
DA:749,1
DA:750,1
DA:751,1
DA:752,1
DA:753,1
DA:754,1
DA:755,1
DA:756,1
DA:757,1
DA:762,1
DA:763,1
DA:764,1
DA:765,1
DA:766,1
DA:767,1
DA:768,1
DA:770,1
DA:771,1
DA:772,1
DA:773,1
DA:774,1
DA:775,1
DA:776,1
DA:786,1
DA:787,1
DA:788,1
DA:789,1
DA:790,1
DA:791,1
DA:792,1
DA:793,1
DA:794,1
DA:795,1
DA:796,1
DA:797,1
DA:798,1
LF:571
LH:454
BRDA:9,0,0,0
BRDA:15,1,0,0
BRDA:15,2,0,0
BRDA:26,3,0,14
BRDA:30,4,0,31
BRDA:31,5,0,14
BRDA:37,6,0,0
BRDA:42,7,0,17
BRDA:42,8,0,14
BRDA:42,9,0,14
BRDA:50,10,0,14
BRDA:51,11,0,12
BRDA:52,12,0,12
BRDA:54,13,0,12
BRDA:59,14,0,14
BRDA:59,15,0,2
BRDA:192,16,0,27
BRDA:197,17,0,14
BRDA:200,18,0,26
BRDA:201,19,0,2
BRDA:208,20,0,0
BRDA:216,21,0,0
BRDA:218,22,0,0
BRDA:220,23,0,24
BRDA:223,24,0,3
BRDA:225,25,0,0
BRDA:230,26,0,0
BRDA:234,27,0,0
BRDA:240,28,0,1
BRDA:251,29,0,5
BRDA:258,30,0,1
BRDA:271,31,0,1
BRDA:278,32,0,1
BRDA:289,33,0,1
BRDA:303,34,0,1
BRDA:315,35,0,1
BRDA:319,36,0,0
BRDA:322,37,0,0
BRDA:347,38,0,1
BRDA:352,39,0,0
BRDA:366,40,0,1
BRDA:378,41,0,1
BRDA:393,42,0,1
BRDA:412,43,0,1
BRDA:434,44,0,1
BRDA:453,45,0,1
BRDA:463,46,0,0
BRDA:477,47,0,1
BRDA:498,48,0,0
BRDA:506,49,0,0
BRDA:560,50,0,1
BRDA:582,51,0,0
BRDA:589,52,0,1
BRDA:614,53,0,0
BRDA:623,54,0,1
BRDA:665,55,0,1
BRDA:696,56,0,1
BRDA:703,57,0,1
BRDA:712,58,0,1
BRDA:729,59,0,1
BRDA:744,60,0,1
BRDA:757,61,0,1
BRDA:776,62,0,1
BRF:63
BRH:45
end_of_record
TN:
SF:apps/web/src/lib/apiBaseUrl.ts
FN:3,isAbsoluteHttpUrl
FN:16,getApiBaseUrl
FN:25,apiBaseUrlHints
FNF:3
FNH:3
FNDA:7,isAbsoluteHttpUrl
FNDA:9,getApiBaseUrl
FNDA:7,apiBaseUrlHints
DA:1,1
DA:3,7
DA:4,7
DA:5,7
DA:16,1
DA:17,9
DA:18,9
DA:19,9
DA:20,9
DA:22,9
DA:23,9
DA:25,1
DA:28,7
DA:29,7
DA:30,7
DA:31,7
DA:33,0
DA:34,0
DA:35,0
DA:36,7
DA:37,7
DA:38,7
DA:39,0
DA:40,0
DA:41,7
LF:25
LH:20
BRDA:3,0,0,7
BRDA:16,1,0,9
BRDA:20,2,0,0
BRDA:22,3,0,0
BRDA:25,4,0,7
BRDA:31,5,0,0
BRDA:36,6,0,0
BRDA:36,7,0,0
BRDA:38,8,0,0
BRF:9
BRH:3
end_of_record
TN:
SF:apps/web/src/lib/authMode.ts
FN:3,getMode
FN:7,isTestMode
FN:11,isProdBuild
FN:15,isDevRuntime
FN:20,getWebAuthMode
FN:31,getDevAuthToken
FN:36,shouldSendBearerToken
FN:40,shouldAppendWebSocketToken
FN:45,shouldShowDevDebugUi
FNF:9
FNH:5
FNDA:2,getMode
FNDA:2,isTestMode
FNDA:0,isProdBuild
FNDA:2,isDevRuntime
FNDA:0,getWebAuthMode
FNDA:0,getDevAuthToken
FNDA:2,shouldSendBearerToken
FNDA:2,shouldAppendWebSocketToken
FNDA:0,shouldShowDevDebugUi
DA:3,2
DA:4,2
DA:5,2
DA:7,1
DA:8,2
DA:9,2
DA:11,1
DA:12,0
DA:13,0
DA:15,1
DA:17,2
DA:18,2
DA:20,1
DA:21,0
DA:22,0
DA:25,0
DA:26,0
DA:28,0
DA:29,0
DA:31,1
DA:33,0
DA:34,0
DA:36,1
DA:37,2
DA:38,2
DA:40,1
DA:42,2
DA:43,2
DA:45,1
DA:47,0
DA:48,0
LF:31
LH:19
BRDA:3,0,0,2
BRDA:4,1,0,0
BRDA:7,2,0,2
BRDA:15,3,0,2
BRDA:36,4,0,2
BRDA:40,5,0,2
BRF:6
BRH:5
end_of_record
TN:
SF:apps/web/src/lib/errorLog.ts
FN:22,safeNow
FN:26,safeId
FN:33,canUseLocalStorage
FN:41,loadFromStorage
FN:56,persistToStorage
FN:68,emit
FN:72,toMessage
FN:84,getErrorEntries
FN:89,clearErrorEntries
FN:95,subscribeToErrorLog
FN:100,logRuntimeError
FN:114,logApiError
FN:136,installGlobalErrorHandlers
FNF:13
FNH:12
FNDA:7,safeNow
FNDA:7,safeId
FNDA:17,canUseLocalStorage
FNDA:2,loadFromStorage
FNDA:15,persistToStorage
FNDA:15,emit
FNDA:4,toMessage
FNDA:8,getErrorEntries
FNDA:8,clearErrorEntries
FNDA:4,subscribeToErrorLog
FNDA:4,logRuntimeError
FNDA:3,logApiError
FNDA:0,installGlobalErrorHandlers
DA:15,1
DA:16,1
DA:18,1
DA:19,1
DA:20,1
DA:22,7
DA:23,7
DA:24,7
DA:26,7
DA:27,7
DA:28,7
DA:29,7
DA:30,0
DA:31,0
DA:33,17
DA:34,17
DA:35,17
DA:36,17
DA:37,0
DA:38,0
DA:39,17
DA:41,2
DA:42,2
DA:43,2
DA:44,2
DA:45,2
DA:46,1
DA:47,1
DA:48,1
DA:49,1
DA:50,1
DA:51,2
DA:53,0
DA:54,2
DA:56,15
DA:57,15
DA:58,15
DA:59,15
DA:60,15
DA:61,15
DA:62,15
DA:63,15
DA:65,0
DA:66,15
DA:68,15
DA:69,15
DA:70,15
DA:72,4
DA:73,4
DA:74,3
DA:75,3
DA:76,1
DA:77,0
DA:78,0
DA:79,0
DA:80,0
DA:81,0
DA:82,4
DA:84,1
DA:85,8
DA:86,8
DA:87,8
DA:89,1
DA:90,8
DA:91,8
DA:92,8
DA:93,8
DA:95,1
DA:96,4
DA:97,4
DA:98,4
DA:100,1
DA:101,4
DA:102,4
DA:103,4
DA:104,4
DA:105,4
DA:106,4
DA:107,4
DA:108,4
DA:109,4
DA:110,4
DA:111,4
DA:112,4
DA:114,1
DA:120,3
DA:121,3
DA:122,3
DA:123,3
DA:124,3
DA:125,3
DA:126,3
DA:127,3
DA:128,3
DA:129,3
DA:130,3
DA:131,3
DA:132,3
DA:133,3
DA:134,3
DA:136,1
DA:137,0
DA:138,0
DA:140,0
DA:142,0
DA:144,0
DA:146,0
DA:147,0
DA:148,0
DA:149,0
DA:150,0
DA:151,0
DA:153,0
DA:154,0
DA:155,0
DA:156,0
LF:116
LH:90
BRDA:22,0,0,7
BRDA:26,1,0,7
BRDA:29,2,0,0
BRDA:33,3,0,17
BRDA:36,4,0,0
BRDA:41,5,0,2
BRDA:42,6,0,0
BRDA:45,7,0,1
BRDA:47,8,0,0
BRDA:47,9,0,1
BRDA:51,10,0,0
BRDA:56,11,0,15
BRDA:57,12,0,0
BRDA:63,13,0,0
BRDA:68,14,0,15
BRDA:69,15,0,1
BRDA:72,16,0,4
BRDA:73,17,0,3
BRDA:74,18,0,0
BRDA:75,19,0,2
BRDA:75,20,0,1
BRDA:76,21,0,0
BRDA:84,22,0,8
BRDA:85,23,0,2
BRDA:86,24,0,1
BRDA:89,25,0,8
BRDA:95,26,0,4
BRDA:97,27,0,4
BRDA:100,28,0,4
BRDA:114,29,0,3
BRF:30
BRH:21
end_of_record
TN:
SF:apps/web/src/lib/theme.ts
FN:6,getTheme
FN:11,applyTheme
FN:16,setTheme
FN:27,toggleTheme
FN:33,onThemeChange
FN:34,detailTheme
FN:36,listener
FNF:7
FNH:6
FNDA:3,getTheme
FNDA:9,applyTheme
FNDA:8,setTheme
FNDA:2,toggleTheme
FNDA:4,onThemeChange
FNDA:0,detailTheme
FNDA:1,listener
DA:3,1
DA:4,1
DA:6,1
DA:7,3
DA:8,3
DA:9,3
DA:11,1
DA:12,9
DA:13,9
DA:14,9
DA:16,1
DA:17,8
DA:18,8
DA:19,8
DA:20,8
DA:21,7
DA:22,7
DA:23,8
DA:24,8
DA:25,8
DA:27,1
DA:28,2
DA:29,2
DA:30,2
DA:31,2
DA:33,1
DA:34,4
DA:36,4
DA:37,1
DA:38,1
DA:39,1
DA:41,4
DA:42,4
DA:43,4
LF:34
LH:34
BRDA:6,0,0,3
BRDA:7,1,0,0
BRDA:8,2,0,1
BRDA:8,3,0,2
BRDA:11,4,0,9
BRDA:12,5,0,0
BRDA:16,6,0,8
BRDA:17,7,0,1
BRDA:20,8,0,7
BRDA:27,9,0,2
BRDA:28,10,0,1
BRDA:28,11,0,1
BRDA:33,12,0,4
BRDA:34,13,0,0
BRDA:36,14,0,1
BRDA:38,15,0,0
BRDA:42,16,0,4
BRF:17
BRH:13
end_of_record
TN:
SF:apps/web/src/lib/websocket.ts
FN:26,<instance_members_initializer>
FN:50,WebSocketClient
FN:60,connect
FN:76,ws.onopen
FN:92,ws.onmessage
FN:101,ws.onclose
FN:126,ws.onerror
FN:134,disconnect
FN:145,send
FN:164,sendTyping
FN:168,get isConnected
FN:172,startPing
FN:179,stopPing
FN:186,attemptReconnect
FN:209,computeReconnectDelayMs
FN:217,clearReconnectTimeout
FN:224,getTelemetrySnapshot
FN:238,getWebSocketClient
FN:242,getWebSocketTelemetry
FN:248,initializeWebSocket
FN:275,globalThis.__aperionWsTelemetry
FN:281,buildWebSocketUrl
FN:296,resolveHttpUrl
FNF:23
FNH:19
FNDA:3,<instance_members_initializer>
FNDA:3,WebSocketClient
FNDA:3,connect
FNDA:2,ws.onopen
FNDA:1,ws.onmessage
FNDA:1,ws.onclose
FNDA:0,ws.onerror
FNDA:0,disconnect
FNDA:3,send
FNDA:1,sendTyping
FNDA:1,get isConnected
FNDA:2,startPing
FNDA:3,stopPing
FNDA:1,attemptReconnect
FNDA:1,computeReconnectDelayMs
FNDA:0,clearReconnectTimeout
FNDA:1,getTelemetrySnapshot
FNDA:1,getWebSocketClient
FNDA:1,getWebSocketTelemetry
FNDA:1,initializeWebSocket
FNDA:0,globalThis.__aperionWsTelemetry
FNDA:1,buildWebSocketUrl
FNDA:1,resolveHttpUrl
DA:26,1
DA:27,3
DA:28,3
DA:29,3
DA:30,3
DA:31,3
DA:32,3
DA:33,3
DA:34,3
DA:35,3
DA:36,3
DA:38,3
DA:39,3
DA:40,3
DA:41,3
DA:42,3
DA:43,3
DA:44,3
DA:46,3
DA:47,3
DA:48,3
DA:50,3
DA:51,3
DA:52,3
DA:53,3
DA:54,3
DA:55,3
DA:56,3
DA:57,3
DA:58,3
DA:60,3
DA:61,3
DA:62,0
DA:63,0
DA:65,3
DA:66,3
DA:68,3
DA:70,3
DA:71,3
DA:72,0
DA:74,3
DA:76,3
DA:77,2
DA:78,2
DA:79,2
DA:81,2
DA:82,2
DA:83,2
DA:84,2
DA:86,2
DA:87,2
DA:88,2
DA:89,2
DA:90,2
DA:92,3
DA:93,1
DA:94,1
DA:95,1
DA:96,1
DA:98,0
DA:99,1
DA:101,3
DA:103,1
DA:104,1
DA:105,1
DA:106,1
DA:107,1
DA:108,1
DA:109,1
DA:110,1
DA:111,1
DA:112,1
DA:113,1
DA:114,1
DA:115,0
DA:116,0
DA:118,1
DA:119,1
DA:121,1
DA:122,1
DA:123,1
DA:124,1
DA:126,3
DA:128,0
DA:129,3
DA:130,0
DA:131,0
DA:132,3
DA:134,3
DA:135,0
DA:136,0
DA:137,0
DA:139,0
DA:140,0
DA:141,0
DA:142,0
DA:143,0
DA:145,3
DA:146,3
DA:148,2
DA:149,1
DA:150,1
DA:151,1
DA:152,2
DA:153,2
DA:155,1
DA:156,1
DA:157,1
DA:158,3
DA:159,0
DA:160,0
DA:161,0
DA:162,3
DA:164,3
DA:165,1
DA:166,1
DA:168,3
DA:169,1
DA:170,1
DA:172,3
DA:173,2
DA:174,2
DA:175,0
DA:176,2
DA:177,2
DA:179,3
DA:180,3
DA:181,1
DA:182,1
DA:183,1
DA:184,3
DA:186,3
DA:187,1
DA:188,0
DA:189,0
DA:190,0
DA:191,0
DA:192,0
DA:194,1
DA:195,1
DA:196,1
DA:197,1
DA:198,1
DA:199,1
DA:200,1
DA:201,1
DA:202,1
DA:204,1
DA:205,1
DA:206,1
DA:207,1
DA:209,3
DA:210,1
DA:211,1
DA:212,1
DA:213,1
DA:214,1
DA:215,1
DA:217,3
DA:218,0
DA:219,0
DA:220,0
DA:221,0
DA:222,0
DA:224,3
DA:230,1
DA:231,1
DA:232,1
DA:233,3
DA:236,1
DA:238,1
DA:239,1
DA:240,1
DA:242,1
DA:244,1
DA:245,1
DA:246,1
DA:248,1
DA:249,1
DA:250,1
DA:251,1
DA:256,1
DA:257,1
DA:258,0
DA:259,0
DA:261,1
DA:263,1
DA:264,1
DA:265,1
DA:266,1
DA:267,1
DA:268,1
DA:269,1
DA:272,1
DA:273,1
DA:274,1
DA:275,1
DA:276,1
DA:278,1
DA:279,1
DA:281,1
DA:282,1
DA:284,1
DA:285,1
DA:287,1
DA:288,1
DA:289,1
DA:290,1
DA:291,1
DA:293,1
DA:294,1
DA:296,1
DA:297,1
DA:298,1
DA:299,1
DA:301,0
DA:302,1
DA:303,0
DA:304,0
DA:305,0
DA:306,0
DA:308,0
DA:309,0
LF:223
LH:183
BRDA:26,0,0,3
BRDA:50,1,0,3
BRDA:53,2,0,2
BRDA:54,3,0,2
BRDA:60,4,0,3
BRDA:61,5,0,1
BRDA:61,6,0,0
BRDA:71,7,0,0
BRDA:129,8,0,0
BRDA:76,9,0,2
BRDA:92,10,0,1
BRDA:96,11,0,0
BRDA:101,12,0,1
BRDA:114,13,0,0
BRDA:145,14,0,3
BRDA:146,15,0,1
BRDA:146,16,0,2
BRDA:148,17,0,1
BRDA:153,18,0,1
BRDA:158,19,0,0
BRDA:164,20,0,1
BRDA:168,21,0,1
BRDA:172,22,0,2
BRDA:179,23,0,3
BRDA:180,24,0,1
BRDA:186,25,0,1
BRDA:187,26,0,0
BRDA:204,27,0,1
BRDA:209,28,0,1
BRDA:224,29,0,1
BRDA:238,30,0,1
BRDA:242,31,0,1
BRDA:245,32,0,0
BRDA:248,33,0,1
BRDA:257,34,0,0
BRDA:281,35,0,1
BRDA:291,36,0,0
BRDA:296,37,0,1
BRDA:299,38,0,0
BRDA:302,39,0,0
BRF:40
BRH:28
end_of_record
TN:
SF:apps/web/src/pages/Analytics.tsx
FN:13,formatRangeLabel
FN:19,safeMax
FN:23,Analytics
FN:28,queryFn
FN:60,onChange
FN:69,onClick
FNF:6
FNH:5
FNDA:6,formatRangeLabel
FNDA:4,safeMax
FNDA:10,Analytics
FNDA:6,queryFn
FNDA:1,onChange
FNDA:0,onClick
DA:1,1
DA:2,1
DA:10,1
DA:11,1
DA:13,6
DA:14,6
DA:15,6
DA:16,2
DA:17,2
DA:19,4
DA:20,4
DA:21,4
DA:23,1
DA:24,10
DA:26,10
DA:27,10
DA:28,10
DA:29,10
DA:30,10
DA:32,10
DA:33,8
DA:34,8
DA:36,2
DA:37,2
DA:38,2
DA:39,2
DA:41,2
DA:42,10
DA:44,10
DA:45,10
DA:46,10
DA:47,10
DA:48,10
DA:49,10
DA:51,10
DA:52,10
DA:54,10
DA:55,10
DA:56,10
DA:57,10
DA:58,10
DA:59,10
DA:60,10
DA:62,10
DA:63,10
DA:64,10
DA:65,10
DA:66,10
DA:68,10
DA:69,10
DA:70,10
DA:71,10
DA:73,10
DA:74,10
DA:75,10
DA:76,10
DA:78,10
DA:79,6
DA:80,6
DA:82,6
DA:83,4
DA:84,1
DA:85,1
DA:86,1
DA:87,3
DA:88,1
DA:90,1
DA:92,2
DA:94,2
DA:95,2
DA:96,6
DA:97,6
DA:98,6
DA:100,6
DA:101,6
DA:102,6
DA:103,6
DA:104,6
DA:105,6
DA:106,6
DA:107,6
DA:108,6
DA:109,6
DA:110,6
DA:111,6
DA:112,6
DA:113,6
DA:114,6
DA:115,6
DA:116,6
DA:117,6
DA:118,6
DA:119,6
DA:120,6
DA:121,6
DA:122,6
DA:123,6
DA:124,6
DA:125,6
DA:126,2
DA:127,2
DA:130,2
DA:131,2
DA:132,2
DA:133,2
DA:135,2
DA:136,2
DA:138,2
DA:139,2
DA:140,2
DA:141,2
DA:142,2
DA:143,2
DA:145,2
DA:146,2
DA:147,2
DA:148,2
DA:149,2
DA:151,2
DA:152,2
DA:153,2
DA:155,2
DA:156,2
DA:158,2
DA:159,2
DA:160,2
DA:161,2
DA:162,2
DA:163,2
DA:164,2
DA:165,2
DA:166,2
DA:168,2
DA:169,2
DA:170,2
DA:171,2
DA:172,2
DA:173,2
DA:174,2
DA:175,2
DA:176,2
DA:178,2
DA:179,2
DA:181,2
DA:183,2
DA:184,2
DA:186,2
DA:189,2
DA:190,2
DA:191,2
DA:193,2
DA:194,2
DA:196,2
DA:198,2
DA:199,0
DA:201,2
DA:202,2
DA:203,2
DA:204,2
DA:205,2
DA:206,2
DA:207,2
DA:208,2
DA:209,2
DA:210,2
DA:211,2
DA:212,2
DA:213,2
DA:214,2
DA:215,2
DA:216,2
DA:217,2
DA:218,2
DA:219,2
DA:220,2
DA:221,2
DA:222,2
DA:223,2
DA:224,2
DA:225,2
DA:226,2
DA:227,2
DA:228,2
DA:229,2
DA:230,2
DA:232,2
DA:234,2
DA:235,2
DA:236,2
DA:238,2
DA:240,2
DA:241,2
DA:242,2
DA:244,2
DA:245,2
DA:246,2
DA:247,2
DA:248,2
DA:250,2
DA:251,2
DA:253,2
DA:254,2
DA:255,2
DA:256,2
DA:257,2
DA:258,2
DA:259,2
DA:260,2
DA:261,2
DA:263,10
DA:265,10
LF:211
LH:210
BRDA:13,0,0,6
BRDA:14,1,0,2
BRDA:14,2,0,4
BRDA:15,3,0,2
BRDA:19,4,0,4
BRDA:20,5,0,4
BRDA:20,6,0,0
BRDA:23,7,0,10
BRDA:78,8,0,6
BRDA:82,9,0,4
BRDA:83,10,0,1
BRDA:86,11,0,3
BRDA:87,12,0,1
BRDA:90,13,0,2
BRDA:198,14,0,0
BRDA:28,15,0,6
BRDA:32,16,0,8
BRDA:34,17,0,6
BRDA:34,18,0,2
BRDA:37,19,0,2
BRDA:38,20,0,2
BRDA:60,21,0,1
BRDA:95,22,0,6
BRDA:159,23,0,2
BRDA:202,24,0,2
BRDA:216,25,0,0
BRF:26
BRH:23
end_of_record
TN:
SF:apps/web/src/pages/Chat.tsx
FN:52,formatDayLabel
FN:61,isSameDay
FN:71,Chat
FN:160,onChangeTone
FN:169,shareConversationLink
FN:184,shareMessageLink
FN:220,queryFn
FN:229,queryFn
FN:248,mutationFn
FN:251,onSuccess
FN:259,mutationFn
FN:262,onSuccess
FN:270,mutationFn
FN:274,onSuccess
FN:280,onSettled
FN:313,mutationFn
FN:316,onSuccess
FN:326,mutationFn
FN:332,onSuccess
FN:340,scrollToBottom
FN:352,getNearBottom
FN:361,mutationFn
FN:441,onError
FN:450,mutationFn
FN:518,__vite_ssr_import_16__.api.chat.stream.signal
FN:556,onSuccess
FN:561,onError
FN:581,onScroll
FN:644,onResize
FN:675,handleExport
FN:743,startRecording
FN:753,mediaRecorder.ondataavailable
FN:759,mediaRecorder.onstop
FN:775,stopRecording
FN:782,processVoiceInput
FN:819,handleSubmit
FN:842,cancelStreaming
FN:851,handleCopy
FN:861,handleRate
FN:875,mutationFn
FN:878,onSuccess
FN:884,onError
FN:890,startEditing
FN:896,cancelEditing
FN:902,saveEditing
FN:925,toggleOperatorPanel
FN:941,onOperatorToggle
FN:969,onClick
FN:991,onClick
FN:1012,onCreate
FN:1026,onClick
FN:1027,onRename
FN:1030,onDelete
FN:1031,onStartRename
FN:1035,onCancelRename
FN:1062,onClick
FN:1075,onDragEnd
FN:1090,onClick
FN:1112,onClick
FN:1136,onCreate
FN:1150,onClick
FN:1154,onRename
FN:1157,onDelete
FN:1158,onStartRename
FN:1162,onCancelRename
FN:1201,onClick
FN:1305,onSelect
FN:1310,onSelect
FN:1315,onSelect
FN:1325,onClick
FN:1403,onClick
FN:1495,onEditingContentChange
FN:1512,onClick
FN:1604,onChange
FN:1610,onFileSelect
FN:1657,onSelect
FN:1658,onNavigate
FN:1717,onClick
FNF:78
FNH:33
FNDA:7,formatDayLabel
FNDA:2,isSameDay
FNDA:58,Chat
FNDA:0,onChangeTone
FNDA:0,shareConversationLink
FNDA:0,shareMessageLink
FNDA:22,queryFn
FNDA:20,queryFn
FNDA:1,mutationFn
FNDA:1,onSuccess
FNDA:1,mutationFn
FNDA:1,onSuccess
FNDA:1,mutationFn
FNDA:1,onSuccess
FNDA:1,onSettled
FNDA:0,mutationFn
FNDA:0,onSuccess
FNDA:0,mutationFn
FNDA:0,onSuccess
FNDA:11,scrollToBottom
FNDA:40,getNearBottom
FNDA:0,mutationFn
FNDA:0,onError
FNDA:1,mutationFn
FNDA:1,__vite_ssr_import_16__.api.chat.stream.signal
FNDA:1,onSuccess
FNDA:0,onError
FNDA:29,onScroll
FNDA:0,onResize
FNDA:0,handleExport
FNDA:1,startRecording
FNDA:0,mediaRecorder.ondataavailable
FNDA:0,mediaRecorder.onstop
FNDA:1,stopRecording
FNDA:0,processVoiceInput
FNDA:1,handleSubmit
FNDA:0,cancelStreaming
FNDA:0,handleCopy
FNDA:0,handleRate
FNDA:1,mutationFn
FNDA:1,onSuccess
FNDA:0,onError
FNDA:1,startEditing
FNDA:0,cancelEditing
FNDA:1,saveEditing
FNDA:0,toggleOperatorPanel
FNDA:0,onOperatorToggle
FNDA:1,onClick
FNDA:0,onClick
FNDA:0,onCreate
FNDA:0,onClick
FNDA:1,onRename
FNDA:1,onDelete
FNDA:1,onStartRename
FNDA:0,onCancelRename
FNDA:0,onClick
FNDA:0,onDragEnd
FNDA:0,onClick
FNDA:0,onClick
FNDA:0,onCreate
FNDA:1,onClick
FNDA:0,onRename
FNDA:0,onDelete
FNDA:0,onStartRename
FNDA:0,onCancelRename
FNDA:1,onClick
FNDA:0,onSelect
FNDA:0,onSelect
FNDA:0,onSelect
FNDA:0,onClick
FNDA:0,onClick
FNDA:1,onEditingContentChange
FNDA:0,onClick
FNDA:1,onChange
FNDA:0,onFileSelect
FNDA:0,onSelect
FNDA:0,onNavigate
FNDA:0,onClick
DA:1,1
DA:2,1
DA:3,1
DA:4,1
DA:20,1
DA:21,1
DA:22,1
DA:23,1
DA:24,1
DA:25,1
DA:30,1
DA:31,1
DA:32,1
DA:36,1
DA:37,1
DA:38,1
DA:39,1
DA:40,1
DA:52,7
DA:53,7
DA:54,7
DA:55,7
DA:56,7
DA:57,7
DA:58,7
DA:59,7
DA:61,2
DA:62,2
DA:63,2
DA:64,2
DA:65,2
DA:66,2
DA:67,2
DA:69,2
DA:71,1
DA:72,58
DA:75,58
DA:76,58
DA:77,58
DA:78,58
DA:79,58
DA:81,58
DA:82,58
DA:83,58
DA:84,58
DA:85,58
DA:86,58
DA:87,58
DA:88,58
DA:89,58
DA:90,58
DA:91,58
DA:92,58
DA:93,58
DA:94,58
DA:95,58
DA:96,58
DA:97,58
DA:98,58
DA:99,58
DA:100,58
DA:102,58
DA:103,58
DA:104,58
DA:106,58
DA:107,58
DA:108,58
DA:109,58
DA:111,58
DA:112,58
DA:113,58
DA:114,58
DA:115,58
DA:117,58
DA:119,58
DA:120,58
DA:121,58
DA:122,58
DA:123,58
DA:126,58
DA:128,58
DA:130,58
DA:131,58
DA:133,58
DA:134,58
DA:135,58
DA:137,58
DA:138,58
DA:141,58
DA:142,17
DA:143,17
DA:144,17
DA:145,17
DA:146,17
DA:147,17
DA:148,17
DA:149,17
DA:150,17
DA:151,17
DA:153,0
DA:154,17
DA:155,17
DA:156,17
DA:157,17
DA:158,58
DA:160,58
DA:161,0
DA:162,0
DA:163,0
DA:164,0
DA:166,0
DA:167,0
DA:169,58
DA:170,0
DA:171,0
DA:172,0
DA:173,0
DA:174,0
DA:175,0
DA:176,0
DA:177,0
DA:178,0
DA:179,0
DA:181,0
DA:182,0
DA:184,58
DA:185,0
DA:186,0
DA:187,0
DA:188,0
DA:189,0
DA:190,0
DA:191,0
DA:192,0
DA:193,0
DA:194,0
DA:195,0
DA:196,0
DA:197,0
DA:199,0
DA:200,0
DA:203,58
DA:204,17
DA:205,17
DA:207,17
DA:208,0
DA:209,0
DA:210,17
DA:211,58
DA:214,58
DA:215,58
DA:216,58
DA:217,58
DA:218,58
DA:219,58
DA:220,58
DA:221,22
DA:222,22
DA:223,22
DA:224,58
DA:225,58
DA:227,58
DA:228,58
DA:229,58
DA:230,58
DA:231,58
DA:234,58
DA:235,28
DA:236,28
DA:238,28
DA:239,27
DA:240,27
DA:242,1
DA:243,2
DA:244,1
DA:245,58
DA:247,58
DA:248,58
DA:249,1
DA:250,1
DA:251,58
DA:252,1
DA:253,1
DA:254,1
DA:255,1
DA:256,58
DA:258,58
DA:259,58
DA:260,1
DA:261,1
DA:262,58
DA:263,1
DA:264,1
DA:265,1
DA:266,1
DA:267,58
DA:269,58
DA:270,58
DA:271,1
DA:272,1
DA:273,1
DA:274,58
DA:275,1
DA:276,1
DA:277,0
DA:278,0
DA:279,1
DA:280,58
DA:281,1
DA:282,1
DA:283,58
DA:286,58
DA:287,58
DA:288,58
DA:289,58
DA:290,58
DA:292,58
DA:293,58
DA:294,58
DA:295,58
DA:296,58
DA:297,58
DA:298,58
DA:299,58
DA:300,58
DA:301,58
DA:303,58
DA:304,0
DA:305,58
DA:306,58
DA:307,0
DA:308,58
DA:309,58
DA:310,58
DA:312,58
DA:313,58
DA:314,0
DA:315,0
DA:316,58
DA:317,0
DA:318,0
DA:319,0
DA:320,0
DA:321,0
DA:322,0
DA:323,58
DA:325,58
DA:326,58
DA:327,0
DA:328,0
DA:329,0
DA:330,0
DA:331,0
DA:332,58
DA:333,0
DA:334,0
DA:335,0
DA:336,0
DA:337,0
DA:338,58
DA:340,58
DA:341,11
DA:342,11
DA:343,11
DA:344,11
DA:345,11
DA:346,0
DA:347,11
DA:348,11
DA:349,11
DA:350,11
DA:352,58
DA:353,40
DA:354,40
DA:355,40
DA:356,40
DA:357,40
DA:358,40
DA:360,58
DA:361,58
DA:362,0
DA:363,0
DA:364,0
DA:365,0
DA:366,0
DA:367,0
DA:368,0
DA:369,0
DA:371,0
DA:373,0
DA:374,0
DA:375,0
DA:376,0
DA:377,0
DA:378,0
DA:379,0
DA:380,0
DA:381,0
DA:382,0
DA:383,0
DA:384,0
DA:385,0
DA:387,0
DA:388,0
DA:389,0
DA:390,0
DA:391,0
DA:393,0
DA:394,0
DA:396,0
DA:397,0
DA:398,0
DA:399,0
DA:400,0
DA:401,0
DA:402,0
DA:403,0
DA:404,0
DA:405,0
DA:406,0
DA:407,0
DA:408,0
DA:409,0
DA:410,0
DA:411,0
DA:412,0
DA:413,0
DA:414,0
DA:415,0
DA:416,0
DA:417,0
DA:418,0
DA:419,0
DA:420,0
DA:421,0
DA:422,0
DA:423,0
DA:424,0
DA:425,0
DA:426,0
DA:427,0
DA:428,0
DA:429,0
DA:430,0
DA:431,0
DA:433,0
DA:434,0
DA:435,0
DA:436,0
DA:437,0
DA:438,0
DA:439,0
DA:440,0
DA:441,58
DA:442,0
DA:443,0
DA:444,0
DA:445,0
DA:446,58
DA:449,58
DA:450,58
DA:451,1
DA:452,1
DA:453,1
DA:456,1
DA:458,1
DA:459,1
DA:460,1
DA:461,1
DA:462,1
DA:463,1
DA:464,1
DA:465,1
DA:466,1
DA:467,0
DA:468,1
DA:469,1
DA:472,1
DA:474,1
DA:477,1
DA:478,0
DA:479,0
DA:480,0
DA:481,0
DA:482,0
DA:483,0
DA:484,0
DA:485,0
DA:488,1
DA:489,1
DA:490,1
DA:491,1
DA:492,1
DA:494,1
DA:495,1
DA:497,1
DA:498,0
DA:499,0
DA:500,0
DA:501,0
DA:502,0
DA:503,1
DA:505,1
DA:506,1
DA:507,1
DA:508,1
DA:509,1
DA:510,1
DA:511,2
DA:512,2
DA:513,1
DA:514,0
DA:515,0
DA:516,0
DA:517,0
DA:518,1
DA:519,1
DA:520,1
DA:521,1
DA:522,1
DA:523,1
DA:524,1
DA:525,1
DA:526,1
DA:527,1
DA:528,0
DA:529,0
DA:530,0
DA:531,1
DA:532,1
DA:533,1
DA:534,1
DA:535,1
DA:536,1
DA:537,1
DA:538,1
DA:539,1
DA:540,1
DA:541,1
DA:542,1
DA:543,0
DA:545,0
DA:546,0
DA:547,0
DA:548,0
DA:549,0
DA:550,1
DA:551,1
DA:552,1
DA:554,1
DA:555,1
DA:556,58
DA:557,1
DA:558,1
DA:559,1
DA:560,1
DA:561,58
DA:562,0
DA:563,0
DA:564,0
DA:567,0
DA:568,58
DA:570,58
DA:571,30
DA:572,30
DA:573,30
DA:574,58
DA:577,58
DA:578,29
DA:579,29
DA:581,29
DA:582,29
DA:583,29
DA:584,29
DA:585,29
DA:586,29
DA:587,29
DA:588,29
DA:589,29
DA:590,29
DA:592,29
DA:593,29
DA:594,29
DA:595,29
DA:596,29
DA:597,58
DA:599,58
DA:600,29
DA:601,29
DA:602,29
DA:604,29
DA:606,29
DA:607,11
DA:608,11
DA:609,11
DA:610,11
DA:611,11
DA:612,11
DA:614,0
DA:615,0
DA:616,0
DA:617,0
DA:618,58
DA:621,58
DA:622,18
DA:623,0
DA:624,0
DA:625,58
DA:628,58
DA:629,17
DA:630,0
DA:631,0
DA:632,0
DA:633,0
DA:634,0
DA:635,0
DA:636,58
DA:640,58
DA:641,17
DA:642,17
DA:644,0
DA:645,0
DA:646,0
DA:647,0
DA:648,0
DA:649,0
DA:650,0
DA:651,0
DA:652,0
DA:654,0
DA:655,0
DA:656,58
DA:659,58
DA:660,29
DA:661,29
DA:662,29
DA:664,0
DA:665,0
DA:666,0
DA:667,0
DA:669,0
DA:670,0
DA:671,0
DA:672,0
DA:673,58
DA:675,58
DA:676,0
DA:677,0
DA:678,0
DA:679,0
DA:681,0
DA:682,0
DA:683,0
DA:685,0
DA:687,0
DA:688,0
DA:689,0
DA:690,0
DA:692,0
DA:694,0
DA:697,0
DA:698,0
DA:700,0
DA:704,0
DA:715,0
DA:716,0
DA:721,0
DA:724,0
DA:725,0
DA:726,0
DA:727,0
DA:728,0
DA:729,0
DA:730,0
DA:731,0
DA:733,0
DA:734,0
DA:735,0
DA:736,0
DA:737,0
DA:738,0
DA:739,0
DA:740,0
DA:743,58
DA:744,1
DA:745,1
DA:746,1
DA:747,1
DA:748,1
DA:749,1
DA:750,1
DA:751,1
DA:753,1
DA:754,0
DA:755,0
DA:756,0
DA:757,0
DA:759,1
DA:760,0
DA:761,0
DA:762,0
DA:763,0
DA:764,0
DA:765,0
DA:767,1
DA:768,1
DA:769,1
DA:770,0
DA:771,0
DA:772,0
DA:773,1
DA:775,58
DA:776,1
DA:777,1
DA:778,1
DA:779,1
DA:780,1
DA:782,58
DA:783,0
DA:784,0
DA:786,0
DA:787,0
DA:790,0
DA:792,0
DA:793,0
DA:794,0
DA:795,0
DA:796,0
DA:797,0
DA:798,0
DA:799,0
DA:800,0
DA:801,0
DA:803,0
DA:804,0
DA:805,0
DA:806,0
DA:807,0
DA:810,0
DA:811,0
DA:812,0
DA:813,0
DA:814,0
DA:815,0
DA:816,0
DA:817,0
DA:819,58
DA:820,1
DA:821,1
DA:822,1
DA:824,1
DA:825,0
DA:826,0
DA:827,0
DA:829,1
DA:830,0
DA:831,0
DA:832,0
DA:834,1
DA:836,1
DA:837,1
DA:838,1
DA:839,1
DA:840,1
DA:842,58
DA:843,0
DA:844,0
DA:845,0
DA:846,0
DA:847,0
DA:848,0
DA:849,0
DA:851,58
DA:852,0
DA:853,0
DA:854,0
DA:855,0
DA:856,0
DA:857,0
DA:858,0
DA:859,0
DA:861,58
DA:862,0
DA:863,0
DA:865,0
DA:866,0
DA:867,0
DA:868,0
DA:869,0
DA:870,0
DA:872,0
DA:874,58
DA:875,58
DA:876,1
DA:877,1
DA:878,58
DA:879,1
DA:880,1
DA:881,1
DA:882,1
DA:883,1
DA:884,58
DA:885,0
DA:886,0
DA:887,0
DA:888,58
DA:890,58
DA:891,1
DA:892,1
DA:893,1
DA:894,1
DA:896,58
DA:897,0
DA:898,0
DA:899,0
DA:900,0
DA:902,58
DA:903,1
DA:904,1
DA:905,1
DA:906,0
DA:907,0
DA:908,0
DA:909,1
DA:910,1
DA:911,1
DA:913,58
DA:914,58
DA:916,58
DA:917,17
DA:918,17
DA:919,17
DA:920,17
DA:922,0
DA:923,58
DA:925,58
DA:926,0
DA:927,0
DA:928,0
DA:929,0
DA:930,0
DA:931,0
DA:932,0
DA:933,0
DA:935,0
DA:936,0
DA:937,0
DA:938,0
DA:940,58
DA:941,58
DA:942,0
DA:943,0
DA:944,0
DA:945,0
DA:946,0
DA:947,0
DA:949,58
DA:950,21
DA:951,17
DA:952,17
DA:953,17
DA:954,58
DA:956,58
DA:957,58
DA:958,58
DA:959,58
DA:962,58
DA:963,47
DA:964,47
DA:965,47
DA:967,47
DA:968,47
DA:969,47
DA:970,47
DA:971,47
DA:972,47
DA:973,47
DA:974,47
DA:976,47
DA:977,0
DA:979,47
DA:981,47
DA:982,47
DA:984,47
DA:985,47
DA:986,47
DA:987,47
DA:989,47
DA:990,47
DA:991,47
DA:992,47
DA:993,47
DA:994,47
DA:995,44
DA:996,3
DA:997,47
DA:998,47
DA:999,47
DA:1000,47
DA:1002,47
DA:1004,47
DA:1005,20
DA:1006,27
DA:1007,0
DA:1008,0
DA:1009,0
DA:1010,27
DA:1011,15
DA:1012,15
DA:1013,15
DA:1014,12
DA:1015,0
DA:1017,0
DA:1019,12
DA:1020,14
DA:1021,14
DA:1022,14
DA:1023,14
DA:1024,14
DA:1025,14
DA:1026,14
DA:1027,14
DA:1028,1
DA:1030,14
DA:1031,14
DA:1032,1
DA:1033,1
DA:1034,1
DA:1035,14
DA:1036,0
DA:1037,0
DA:1038,0
DA:1039,14
DA:1040,14
DA:1041,0
DA:1043,14
DA:1044,14
DA:1045,0
DA:1047,14
DA:1048,12
DA:1050,47
DA:1051,47
DA:1055,58
DA:1056,58
DA:1057,3
DA:1058,3
DA:1059,3
DA:1060,3
DA:1061,3
DA:1062,3
DA:1063,3
DA:1064,3
DA:1065,3
DA:1066,3
DA:1067,3
DA:1068,3
DA:1069,3
DA:1070,3
DA:1071,3
DA:1072,3
DA:1073,3
DA:1074,3
DA:1075,3
DA:1076,0
DA:1077,0
DA:1078,0
DA:1079,0
DA:1080,3
DA:1081,3
DA:1082,3
DA:1083,3
DA:1085,3
DA:1086,3
DA:1088,3
DA:1089,3
DA:1090,3
DA:1091,3
DA:1092,3
DA:1093,3
DA:1094,3
DA:1095,3
DA:1097,3
DA:1098,0
DA:1100,3
DA:1102,3
DA:1103,3
DA:1105,3
DA:1106,3
DA:1107,3
DA:1108,3
DA:1110,3
DA:1111,3
DA:1112,3
DA:1113,0
DA:1114,0
DA:1115,0
DA:1116,3
DA:1117,3
DA:1118,3
DA:1119,3
DA:1120,0
DA:1121,3
DA:1122,3
DA:1123,3
DA:1124,3
DA:1126,3
DA:1128,3
DA:1129,1
DA:1130,2
DA:1131,0
DA:1132,0
DA:1133,0
DA:1134,2
DA:1135,0
DA:1136,0
DA:1137,0
DA:1138,2
DA:1139,0
DA:1141,0
DA:1143,2
DA:1144,2
DA:1145,2
DA:1146,2
DA:1147,2
DA:1148,2
DA:1149,2
DA:1150,2
DA:1151,1
DA:1152,1
DA:1153,1
DA:1154,2
DA:1155,0
DA:1157,2
DA:1158,2
DA:1159,0
DA:1160,0
DA:1161,0
DA:1162,2
DA:1163,0
DA:1164,0
DA:1165,0
DA:1166,2
DA:1167,2
DA:1168,0
DA:1170,2
DA:1171,2
DA:1172,0
DA:1174,2
DA:1175,2
DA:1177,3
DA:1178,3
DA:1179,3
DA:1181,58
DA:1184,58
DA:1185,58
DA:1188,58
DA:1189,58
DA:1190,58
DA:1191,58
DA:1192,58
DA:1193,58
DA:1194,58
DA:1195,58
DA:1197,58
DA:1199,58
DA:1200,11
DA:1201,11
DA:1202,11
DA:1203,11
DA:1204,11
DA:1205,11
DA:1207,11
DA:1208,11
DA:1210,58
DA:1212,58
DA:1214,58
DA:1215,58
DA:1216,58
DA:1217,58
DA:1218,58
DA:1219,58
DA:1221,58
DA:1222,58
DA:1224,0
DA:1226,58
DA:1227,58
DA:1229,58
DA:1230,58
DA:1231,58
DA:1232,58
DA:1234,58
DA:1235,58
DA:1236,58
DA:1237,58
DA:1238,58
DA:1239,58
DA:1240,58
DA:1242,58
DA:1243,58
DA:1244,58
DA:1245,0
DA:1246,58
DA:1249,58
DA:1250,58
DA:1251,58
DA:1252,58
DA:1253,58
DA:1254,58
DA:1255,0
DA:1256,58
DA:1257,58
DA:1258,58
DA:1259,58
DA:1260,0
DA:1261,58
DA:1263,58
DA:1265,58
DA:1266,58
DA:1267,58
DA:1270,58
DA:1271,0
DA:1272,0
DA:1273,0
DA:1274,0
DA:1275,0
DA:1276,0
DA:1277,0
DA:1278,0
DA:1279,0
DA:1280,0
DA:1282,0
DA:1286,58
DA:1287,58
DA:1288,58
DA:1289,58
DA:1290,58
DA:1291,58
DA:1292,58
DA:1293,58
DA:1295,58
DA:1296,58
DA:1297,0
DA:1298,0
DA:1299,0
DA:1300,58
DA:1301,58
DA:1302,58
DA:1303,58
DA:1304,58
DA:1305,58
DA:1307,58
DA:1308,58
DA:1309,58
DA:1310,58
DA:1312,58
DA:1313,58
DA:1314,58
DA:1315,58
DA:1317,58
DA:1318,58
DA:1319,58
DA:1320,58
DA:1321,58
DA:1324,58
DA:1325,58
DA:1326,58
DA:1327,58
DA:1328,58
DA:1329,58
DA:1330,30
DA:1331,30
DA:1332,30
DA:1334,58
DA:1335,58
DA:1336,58
DA:1337,0
DA:1338,58
DA:1339,58
DA:1340,58
DA:1342,58
DA:1343,0
DA:1345,58
DA:1347,58
DA:1350,58
DA:1351,58
DA:1352,58
DA:1353,58
DA:1354,58
DA:1355,7
DA:1356,51
DA:1357,58
DA:1358,58
DA:1359,58
DA:1360,58
DA:1361,7
DA:1362,51
DA:1365,58
DA:1366,0
DA:1368,58
DA:1370,58
DA:1373,58
DA:1374,58
DA:1375,58
DA:1376,58
DA:1377,58
DA:1378,58
DA:1379,0
DA:1380,58
DA:1381,0
DA:1382,58
DA:1383,58
DA:1385,58
DA:1386,0
DA:1387,58
DA:1388,0
DA:1390,58
DA:1392,58
DA:1393,58
DA:1394,0
DA:1395,58
DA:1396,0
DA:1397,58
DA:1398,58
DA:1399,58
DA:1402,58
DA:1403,58
DA:1404,58
DA:1405,58
DA:1406,58
DA:1407,0
DA:1408,58
DA:1409,58
DA:1410,58
DA:1412,58
DA:1413,0
DA:1415,58
DA:1417,58
DA:1418,58
DA:1419,58
DA:1420,58
DA:1421,58
DA:1422,58
DA:1423,58
DA:1426,58
DA:1427,0
DA:1428,0
DA:1429,0
DA:1430,0
DA:1434,58
DA:1435,58
DA:1436,58
DA:1438,58
DA:1439,58
DA:1440,28
DA:1441,28
DA:1442,28
DA:1443,28
DA:1444,28
DA:1445,30
DA:1446,0
DA:1447,0
DA:1448,0
DA:1449,0
DA:1450,30
DA:1451,23
DA:1452,19
DA:1454,4
DA:1457,7
DA:1458,9
DA:1459,9
DA:1460,9
DA:1461,9
DA:1463,9
DA:1464,0
DA:1465,0
DA:1466,0
DA:1467,9
DA:1469,9
DA:1470,9
DA:1471,9
DA:1472,7
DA:1473,7
DA:1474,7
DA:1475,7
DA:1476,7
DA:1479,9
DA:1480,9
DA:1481,9
DA:1482,9
DA:1483,9
DA:1484,9
DA:1485,9
DA:1486,9
DA:1487,9
DA:1488,9
DA:1489,9
DA:1490,9
DA:1491,9
DA:1492,9
DA:1493,9
DA:1494,9
DA:1495,9
DA:1496,1
DA:1498,9
DA:1499,9
DA:1501,9
DA:1502,9
DA:1504,7
DA:1508,58
DA:1509,0
DA:1510,0
DA:1511,0
DA:1512,0
DA:1513,0
DA:1514,0
DA:1515,0
DA:1516,0
DA:1517,0
DA:1518,0
DA:1519,0
DA:1520,0
DA:1522,0
DA:1523,0
DA:1524,0
DA:1527,58
DA:1528,1
DA:1529,1
DA:1530,1
DA:1532,1
DA:1533,1
DA:1534,1
DA:1535,1
DA:1536,1
DA:1537,1
DA:1538,1
DA:1540,1
DA:1544,58
DA:1545,0
DA:1546,0
DA:1547,0
DA:1549,0
DA:1550,0
DA:1551,0
DA:1552,0
DA:1553,0
DA:1554,0
DA:1555,0
DA:1556,0
DA:1557,0
DA:1558,0
DA:1559,0
DA:1561,0
DA:1562,0
DA:1563,0
DA:1565,0
DA:1566,0
DA:1567,0
DA:1568,0
DA:1569,0
DA:1571,0
DA:1575,58
DA:1576,0
DA:1577,0
DA:1578,0
DA:1579,0
DA:1580,0
DA:1581,0
DA:1582,0
DA:1583,0
DA:1584,0
DA:1585,0
DA:1586,0
DA:1587,0
DA:1588,0
DA:1589,0
DA:1590,0
DA:1591,0
DA:1592,0
DA:1594,58
DA:1595,58
DA:1598,58
DA:1599,58
DA:1600,58
DA:1602,58
DA:1603,58
DA:1604,58
DA:1605,1
DA:1606,1
DA:1607,1
DA:1608,1
DA:1609,58
DA:1610,58
DA:1611,0
DA:1612,0
DA:1613,0
DA:1614,0
DA:1615,0
DA:1616,0
DA:1617,0
DA:1618,0
DA:1619,0
DA:1620,0
DA:1621,0
DA:1622,0
DA:1623,0
DA:1624,0
DA:1625,0
DA:1626,58
DA:1627,58
DA:1628,58
DA:1629,58
DA:1630,57
DA:1631,57
DA:1633,58
DA:1634,58
DA:1635,58
DA:1636,58
DA:1637,58
DA:1638,0
DA:1639,0
DA:1640,0
DA:1641,58
DA:1643,58
DA:1644,58
DA:1645,58
DA:1646,57
DA:1647,57
DA:1648,57
DA:1650,58
DA:1651,58
DA:1652,58
DA:1653,58
DA:1654,0
DA:1655,0
DA:1656,0
DA:1657,0
DA:1658,0
DA:1659,0
DA:1660,0
DA:1661,0
DA:1662,0
DA:1663,0
DA:1664,0
DA:1665,0
DA:1666,58
DA:1668,58
DA:1669,58
DA:1670,58
DA:1671,58
DA:1674,58
DA:1675,0
DA:1676,0
DA:1677,0
DA:1678,0
DA:1679,0
DA:1680,0
DA:1682,0
DA:1683,0
DA:1684,0
DA:1685,0
DA:1686,0
DA:1687,0
DA:1688,0
DA:1689,0
DA:1691,0
DA:1692,0
DA:1693,0
DA:1695,0
DA:1696,0
DA:1697,0
DA:1698,0
DA:1702,58
DA:1703,11
DA:1704,11
DA:1705,11
DA:1707,11
DA:1708,11
DA:1709,11
DA:1710,11
DA:1711,11
DA:1713,11
DA:1714,11
DA:1715,11
DA:1716,11
DA:1717,11
DA:1718,11
DA:1719,11
DA:1721,11
DA:1722,11
DA:1723,11
DA:1725,11
DA:1726,11
DA:1727,11
DA:1728,11
DA:1729,11
DA:1731,58
DA:1732,58
DA:1734,58
LF:1398
LH:880
BRDA:52,0,0,7
BRDA:61,1,0,2
BRDA:71,2,0,58
BRDA:303,3,0,0
BRDA:306,4,0,0
BRDA:310,5,0,0
BRDA:310,6,0,0
BRDA:940,7,0,11
BRDA:940,8,0,47
BRDA:962,9,0,47
BRDA:976,10,0,0
BRDA:994,11,0,44
BRDA:995,12,0,3
BRDA:1004,13,0,20
BRDA:1005,14,0,27
BRDA:1006,15,0,0
BRDA:1010,16,0,15
BRDA:1013,17,0,12
BRDA:1014,18,0,0
BRDA:1056,19,0,11
BRDA:1056,20,0,3
BRDA:1097,21,0,0
BRDA:1119,22,0,0
BRDA:1128,23,0,1
BRDA:1129,24,0,2
BRDA:1130,25,0,0
BRDA:1134,26,0,0
BRDA:1138,27,0,0
BRDA:1199,28,0,11
BRDA:1217,29,0,0
BRDA:1219,30,0,0
BRDA:1222,31,0,0
BRDA:1231,32,0,30
BRDA:1231,33,0,28
BRDA:1244,34,0,0
BRDA:1254,35,0,0
BRDA:1259,36,0,0
BRDA:1270,37,0,0
BRDA:1296,38,0,0
BRDA:1307,39,0,0
BRDA:1312,40,0,0
BRDA:1317,41,0,0
BRDA:1329,42,0,30
BRDA:1330,43,0,0
BRDA:1336,44,0,0
BRDA:1342,45,0,0
BRDA:1354,46,0,7
BRDA:1355,47,0,51
BRDA:1360,48,0,7
BRDA:1361,49,0,51
BRDA:1365,50,0,0
BRDA:1375,51,0,30
BRDA:1378,52,0,0
BRDA:1380,53,0,0
BRDA:1385,54,0,0
BRDA:1387,55,0,0
BRDA:1393,56,0,0
BRDA:1395,57,0,0
BRDA:1406,58,0,0
BRDA:1410,59,0,0
BRDA:1412,60,0,0
BRDA:1418,61,0,0
BRDA:1426,62,0,0
BRDA:1439,63,0,28
BRDA:1444,64,0,30
BRDA:1445,65,0,0
BRDA:1450,66,0,23
BRDA:1451,67,0,19
BRDA:1452,68,0,4
BRDA:1454,69,0,7
BRDA:1508,70,0,0
BRDA:1527,71,0,1
BRDA:1535,72,0,0
BRDA:1544,73,0,0
BRDA:1575,74,0,0
BRDA:1629,75,0,57
BRDA:1630,76,0,57
BRDA:1637,77,0,0
BRDA:1645,78,0,57
BRDA:1646,79,0,57
BRDA:1647,80,0,57
BRDA:1653,81,0,0
BRDA:1674,82,0,47
BRDA:1674,83,0,0
BRDA:1702,84,0,11
BRDA:141,85,0,17
BRDA:143,86,0,17
BRDA:146,87,0,0
BRDA:147,88,0,0
BRDA:151,89,0,0
BRDA:155,90,0,17
BRDA:203,91,0,17
BRDA:207,92,0,0
BRDA:207,93,0,0
BRDA:210,94,0,0
BRDA:220,95,0,22
BRDA:222,96,0,20
BRDA:229,97,0,20
BRDA:234,98,0,28
BRDA:235,99,0,17
BRDA:238,100,0,27
BRDA:240,101,0,1
BRDA:242,102,0,2
BRDA:243,103,0,0
BRDA:248,104,0,1
BRDA:251,105,0,1
BRDA:259,106,0,1
BRDA:262,107,0,1
BRDA:270,108,0,1
BRDA:274,109,0,1
BRDA:276,110,0,0
BRDA:280,111,0,1
BRDA:340,112,0,11
BRDA:342,113,0,0
BRDA:345,114,0,0
BRDA:352,115,0,40
BRDA:354,116,0,0
BRDA:450,117,0,1
BRDA:466,118,0,0
BRDA:477,119,0,0
BRDA:542,120,0,0
BRDA:510,121,0,2
BRDA:511,122,0,2
BRDA:518,123,0,1
BRDA:527,124,0,0
BRDA:532,125,0,1
BRDA:556,126,0,1
BRDA:570,127,0,30
BRDA:571,128,0,29
BRDA:571,129,0,1
BRDA:573,130,0,0
BRDA:577,131,0,29
BRDA:579,132,0,0
BRDA:581,133,0,29
BRDA:587,134,0,18
BRDA:587,135,0,2
BRDA:587,136,0,27
BRDA:594,137,0,29
BRDA:599,138,0,29
BRDA:600,139,0,18
BRDA:600,140,0,11
BRDA:601,141,0,2
BRDA:601,142,0,9
BRDA:604,143,0,2
BRDA:606,144,0,11
BRDA:607,145,0,10
BRDA:607,146,0,1
BRDA:612,147,0,0
BRDA:621,148,0,18
BRDA:622,149,0,0
BRDA:628,150,0,17
BRDA:629,151,0,0
BRDA:640,152,0,17
BRDA:642,153,0,0
BRDA:659,154,0,29
BRDA:661,155,0,0
BRDA:662,156,0,0
BRDA:743,157,0,1
BRDA:769,158,0,0
BRDA:775,159,0,1
BRDA:819,160,0,1
BRDA:822,161,0,0
BRDA:824,162,0,0
BRDA:829,163,0,0
BRDA:834,164,0,0
BRDA:875,165,0,1
BRDA:878,166,0,1
BRDA:890,167,0,1
BRDA:902,168,0,1
BRDA:903,169,0,0
BRDA:905,170,0,0
BRDA:916,171,0,17
BRDA:919,172,0,0
BRDA:920,173,0,0
BRDA:949,174,0,21
BRDA:950,175,0,17
BRDA:969,176,0,1
BRDA:1019,177,0,14
BRDA:1040,178,0,0
BRDA:1044,179,0,0
BRDA:1027,180,0,1
BRDA:1030,181,0,1
BRDA:1031,182,0,1
BRDA:1143,183,0,2
BRDA:1167,184,0,0
BRDA:1171,185,0,0
BRDA:1150,186,0,1
BRDA:1201,187,0,1
BRDA:1331,188,0,7
BRDA:1457,189,0,9
BRDA:1458,190,0,2
BRDA:1458,191,0,7
BRDA:1460,192,0,2
BRDA:1463,193,0,0
BRDA:1471,194,0,7
BRDA:1499,195,0,0
BRDA:1495,196,0,1
BRDA:1604,197,0,1
BRF:198
BRH:114
end_of_record
TN:
SF:apps/web/src/pages/Identity.tsx
FN:25,Identity
FN:38,queryFn
FN:42,mutationFn
FN:59,onSuccess
FN:65,mutationFn
FN:73,onSuccess
FN:81,mutationFn
FN:89,onSuccess
FN:96,handleCreate
FN:102,handleUpdate
FN:107,startEditing
FN:149,onChange
FN:176,onChange
FN:197,onChange
FN:235,onChange
FN:242,onChange
FN:315,onClick
FN:327,onChange
FN:333,onClick
FN:345,onClick
FNF:20
FNH:17
FNDA:19,Identity
FNDA:10,queryFn
FNDA:1,mutationFn
FNDA:1,onSuccess
FNDA:1,mutationFn
FNDA:1,onSuccess
FNDA:1,mutationFn
FNDA:1,onSuccess
FNDA:1,handleCreate
FNDA:1,handleUpdate
FNDA:1,startEditing
FNDA:1,onChange
FNDA:0,onChange
FNDA:0,onChange
FNDA:1,onChange
FNDA:1,onChange
FNDA:1,onClick
FNDA:1,onChange
FNDA:1,onClick
FNDA:0,onClick
DA:1,1
DA:2,1
DA:3,1
DA:4,1
DA:5,1
DA:25,1
DA:26,19
DA:27,19
DA:28,19
DA:29,19
DA:30,19
DA:32,19
DA:33,19
DA:34,19
DA:35,19
DA:36,19
DA:37,19
DA:38,19
DA:39,19
DA:41,19
DA:42,19
DA:46,1
DA:47,1
DA:48,1
DA:49,1
DA:50,1
DA:51,1
DA:52,1
DA:53,1
DA:54,1
DA:55,1
DA:56,1
DA:57,1
DA:58,1
DA:59,19
DA:60,1
DA:61,1
DA:62,19
DA:64,19
DA:65,19
DA:66,1
DA:67,1
DA:68,1
DA:69,1
DA:70,1
DA:71,1
DA:72,1
DA:73,19
DA:74,1
DA:75,1
DA:76,1
DA:77,1
DA:78,19
DA:80,19
DA:81,19
DA:82,1
DA:83,1
DA:84,1
DA:85,1
DA:86,1
DA:87,1
DA:88,1
DA:89,19
DA:90,1
DA:91,1
DA:92,1
DA:93,1
DA:94,19
DA:96,19
DA:97,1
DA:98,1
DA:99,1
DA:100,1
DA:102,19
DA:103,1
DA:104,1
DA:105,1
DA:107,19
DA:108,1
DA:109,1
DA:110,1
DA:112,19
DA:113,19
DA:114,19
DA:115,19
DA:117,19
DA:118,19
DA:120,19
DA:121,19
DA:122,19
DA:123,19
DA:124,19
DA:125,19
DA:127,19
DA:128,19
DA:131,19
DA:133,19
DA:134,19
DA:135,19
DA:137,19
DA:138,19
DA:139,19
DA:140,19
DA:141,19
DA:142,19
DA:143,19
DA:145,19
DA:146,19
DA:147,19
DA:148,19
DA:149,19
DA:150,1
DA:151,1
DA:152,1
DA:153,1
DA:154,1
DA:156,19
DA:158,19
DA:159,19
DA:160,19
DA:161,19
DA:162,19
DA:163,19
DA:165,19
DA:166,19
DA:167,19
DA:168,19
DA:169,19
DA:171,19
DA:172,19
DA:173,19
DA:174,19
DA:175,19
DA:176,19
DA:177,0
DA:178,0
DA:179,0
DA:180,0
DA:181,0
DA:183,19
DA:184,19
DA:185,19
DA:187,19
DA:188,19
DA:189,19
DA:190,19
DA:191,19
DA:193,19
DA:194,19
DA:195,19
DA:196,19
DA:197,19
DA:198,0
DA:199,0
DA:200,0
DA:201,0
DA:202,0
DA:204,19
DA:206,19
DA:207,19
DA:208,19
DA:209,19
DA:210,19
DA:211,19
DA:212,19
DA:213,0
DA:214,0
DA:216,0
DA:218,19
DA:221,19
DA:222,19
DA:223,19
DA:225,19
DA:226,19
DA:227,19
DA:228,19
DA:230,19
DA:231,19
DA:232,19
DA:233,19
DA:234,19
DA:235,19
DA:236,19
DA:237,19
DA:238,19
DA:239,19
DA:240,19
DA:241,19
DA:242,19
DA:243,19
DA:244,19
DA:245,19
DA:246,19
DA:247,19
DA:248,19
DA:249,19
DA:251,19
DA:252,19
DA:253,19
DA:254,0
DA:255,19
DA:256,19
DA:258,19
DA:259,0
DA:261,19
DA:262,19
DA:264,19
DA:265,19
DA:266,0
DA:267,0
DA:268,0
DA:269,0
DA:270,0
DA:271,0
DA:273,19
DA:274,19
DA:277,19
DA:278,19
DA:280,19
DA:281,9
DA:282,9
DA:284,9
DA:285,10
DA:286,1
DA:287,1
DA:288,1
DA:289,1
DA:290,9
DA:291,3
DA:293,6
DA:294,6
DA:295,6
DA:296,6
DA:297,6
DA:298,6
DA:299,6
DA:301,6
DA:302,6
DA:303,6
DA:304,6
DA:305,6
DA:306,6
DA:307,6
DA:308,6
DA:309,1
DA:310,5
DA:311,6
DA:312,6
DA:313,6
DA:314,6
DA:315,6
DA:316,6
DA:318,6
DA:319,6
DA:320,6
DA:321,6
DA:323,6
DA:324,2
DA:325,2
DA:326,2
DA:327,2
DA:328,2
DA:329,2
DA:330,2
DA:331,2
DA:332,2
DA:333,2
DA:334,2
DA:335,2
DA:337,2
DA:338,0
DA:340,2
DA:341,2
DA:343,2
DA:344,2
DA:345,2
DA:346,2
DA:347,2
DA:349,2
DA:350,2
DA:351,2
DA:353,4
DA:354,4
DA:355,4
DA:357,6
DA:358,6
DA:359,6
DA:361,19
DA:362,19
DA:363,19
DA:365,19
LF:291
LH:269
BRDA:25,0,0,19
BRDA:112,1,0,9
BRDA:113,2,0,1
BRDA:113,3,0,18
BRDA:114,4,0,1
BRDA:114,5,0,18
BRDA:115,6,0,1
BRDA:115,7,0,18
BRDA:212,8,0,0
BRDA:249,9,0,2
BRDA:253,10,0,0
BRDA:258,11,0,0
BRDA:265,12,0,0
BRDA:280,13,0,9
BRDA:284,14,0,10
BRDA:285,15,0,1
BRDA:288,16,0,0
BRDA:289,17,0,9
BRDA:290,18,0,3
BRDA:291,19,0,6
BRDA:38,20,0,10
BRDA:42,21,0,1
BRDA:59,22,0,1
BRDA:65,23,0,1
BRDA:73,24,0,1
BRDA:81,25,0,1
BRDA:89,26,0,1
BRDA:96,27,0,1
BRDA:98,28,0,0
BRDA:102,29,0,1
BRDA:103,30,0,0
BRDA:107,31,0,1
BRDA:112,32,0,6
BRDA:149,33,0,1
BRDA:235,34,0,1
BRDA:242,35,0,1
BRDA:295,36,0,7
BRDA:296,37,0,6
BRDA:308,38,0,1
BRDA:309,39,0,5
BRDA:323,40,0,2
BRDA:337,41,0,0
BRDA:351,42,0,4
BRDA:315,43,0,1
BRDA:327,44,0,1
BRDA:333,45,0,1
BRF:46
BRH:38
end_of_record
TN:
SF:apps/web/src/pages/Insights.tsx
FN:5,Insights
FN:14,mutationFn
FN:15,onSuccess
FN:25,onError
FN:34,poll
FN:91,onChange
FN:99,onClick
FNF:7
FNH:7
FNDA:14,Insights
FNDA:4,mutationFn
FNDA:3,onSuccess
FNDA:1,onError
FNDA:3,poll
FNDA:1,onChange
FNDA:4,onClick
DA:1,1
DA:2,1
DA:3,1
DA:5,1
DA:6,14
DA:7,14
DA:8,14
DA:9,14
DA:10,14
DA:11,14
DA:13,14
DA:14,14
DA:15,14
DA:16,3
DA:17,3
DA:18,2
DA:19,2
DA:20,3
DA:21,1
DA:22,1
DA:23,1
DA:24,3
DA:25,14
DA:26,1
[...]
DA:29,1
DA:30,1
DA:31,1
DA:32,1
DA:33,1
DA:34,1
DA:36,1
DA:37,21
DA:38,21
DA:39,21
DA:40,21
DA:43,21
DA:44,21
DA:45,21
DA:46,21
DA:47,21
DA:48,21
DA:49,21
DA:50,21
DA:51,21
DA:52,21
DA:53,21
DA:56,21
DA:57,21
DA:58,21
DA:59,1
DA:60,1
DA:61,21
DA:64,21
DA:66,30
DA:67,2
DA:68,2
DA:70,30
DA:71,3
DA:72,3
DA:73,3
DA:74,2
DA:75,2
DA:77,3
DA:78,25
DA:79,21
DA:81,21
DA:82,26
DA:83,26
DA:84,26
DA:85,26
DA:86,26
DA:87,26
DA:88,26
DA:89,26
DA:91,21
DA:92,21
DA:94,21
DA:95,21
DA:96,21
DA:97,21
DA:99,21
DA:100,21
DA:102,21
DA:103,21
DA:105,21
DA:106,21
DA:107,21
DA:108,21
DA:109,21
DA:111,21
DA:112,21
DA:113,21
DA:115,21
DA:116,21
DA:117,21
DA:118,21
DA:119,21
DA:121,21
DA:122,0
DA:124,21
DA:125,21
DA:127,21
DA:128,21
DA:129,21
DA:132,21
DA:134,21
DA:135,21
DA:136,21
DA:137,21
DA:138,21
DA:139,21
DA:140,21
DA:141,21
DA:142,21
DA:143,21
DA:146,21
DA:147,21
DA:148,105
DA:149,105
DA:150,105
DA:151,105
DA:152,105
DA:153,105
DA:154,21
DA:155,84
DA:156,105
DA:158,105
DA:159,105
DA:160,21
DA:161,21
DA:162,21
DA:163,21
DA:166,21
DA:167,21
DA:168,9
DA:169,9
DA:170,9
DA:171,12
DA:172,1
DA:173,1
DA:174,1
DA:175,1
DA:176,1
DA:177,1
DA:178,1
DA:179,11
DA:180,1
DA:181,1
DA:182,1
DA:183,1
DA:184,1
DA:185,0
DA:186,1
DA:187,1
DA:188,1
DA:190,10
DA:191,10
DA:192,26
DA:193,26
DA:195,26
DA:196,26
DA:197,26
DA:198,26
DA:199,26
DA:200,26
DA:201,26
DA:202,26
DA:203,26
DA:205,26
DA:206,26
DA:207,26
DA:208,26
DA:209,26
DA:210,26
DA:211,26
DA:212,26
DA:213,26
DA:214,26
DA:215,26
DA:216,26
DA:217,26
DA:218,26
DA:219,26
DA:221,26
DA:222,26
DA:225,26
DA:226,1
DA:227,1
DA:228,0
DA:229,0
DA:231,0
DA:232,0
DA:233,0
DA:234,0
DA:235,0
DA:237,1
DA:238,1
DA:239,1
DA:241,1
DA:242,1
DA:243,1
DA:244,1
DA:245,1
DA:247,1
DA:249,26
DA:251,10
DA:252,10
DA:254,21
DA:257,21
DA:258,21
DA:259,21
DA:260,21
DA:261,21
DA:262,21
DA:263,21
DA:265,21
LF:205
LH:196
BRDA:36,0,0,21
BRDA:64,1,0,10
BRDA:112,2,0,9
BRDA:121,3,0,0
BRDA:167,4,0,9
BRDA:170,5,0,12
BRDA:171,6,0,1
BRDA:176,7,0,0
BRDA:178,8,0,11
BRDA:179,9,0,1
BRDA:184,10,0,0
BRDA:188,11,0,10
BRDA:259,12,0,11
BRDA:259,13,0,11
BRDA:51,14,0,11
BRDA:57,15,0,1
BRDA:58,16,0,1
BRDA:64,17,0,30
BRDA:66,18,0,3
BRDA:66,19,0,2
BRDA:68,20,0,28
BRDA:70,21,0,3
BRDA:73,22,0,2
BRDA:74,23,0,2
BRDA:75,24,0,1
BRDA:77,25,0,25
BRDA:81,26,0,26
BRDA:107,27,0,1
BRDA:117,28,0,1
BRDA:140,29,0,1
BRDA:147,30,0,105
BRDA:153,31,0,21
BRDA:154,32,0,84
BRDA:150,33,0,1
BRDA:191,34,0,26
BRDA:192,35,0,0
BRDA:200,36,0,0
BRDA:201,37,0,1
BRDA:201,38,0,25
BRDA:225,39,0,1
BRDA:227,40,0,0
BRDA:203,41,0,1
BRDA:203,42,0,0
BRF:43
BRH:36
end_of_record
TN:
SF:apps/web/src/pages/Memory.tsx
FN:28,RelationshipsPanel
FN:41,queryFn
FN:45,mutationFn
FN:58,onSuccess
FN:74,onClick
FN:150,onChange
FN:171,onChange
FN:182,onChange
FN:191,onChange
FN:197,onChange
FN:206,onClick
FN:230,Memory
FN:246,queryFn
FN:251,queryFn
FN:258,parseTags
FN:281,mutationFn
FN:284,onSuccess
FN:293,mutationFn
FN:297,onSuccess
FN:326,queryFn
FN:341,refetchInterval
FN:349,mutationFn
FN:354,onSuccess
FN:364,handleSearch
FN:383,onValueChange
FN:474,onChange
FN:481,onClick
FN:620,onChange
FN:627,onChange
FN:677,onClick
FN:717,onClick
FNF:31
FNH:19
FNDA:7,RelationshipsPanel
FNDA:3,queryFn
FNDA:1,mutationFn
FNDA:1,onSuccess
FNDA:0,onClick
FNDA:0,onChange
FNDA:0,onChange
FNDA:1,onChange
FNDA:1,onChange
FNDA:1,onChange
FNDA:1,onClick
FNDA:28,Memory
FNDA:6,queryFn
FNDA:6,queryFn
FNDA:11,parseTags
FNDA:0,mutationFn
FNDA:0,onSuccess
FNDA:4,mutationFn
FNDA:3,onSuccess
FNDA:0,queryFn
FNDA:39,refetchInterval
FNDA:0,mutationFn
FNDA:0,onSuccess
FNDA:4,handleSearch
FNDA:5,onValueChange
FNDA:0,onChange
FNDA:0,onClick
FNDA:4,onChange
FNDA:0,onChange
FNDA:0,onClick
FNDA:2,onClick
DA:1,1
DA:2,1
DA:3,1
DA:14,1
DA:15,1
DA:16,1
DA:17,1
DA:28,7
DA:29,7
DA:31,7
DA:33,7
DA:34,7
DA:35,7
DA:36,7
DA:37,7
DA:39,7
DA:40,7
DA:41,7
DA:42,7
DA:44,7
DA:45,7
DA:46,1
DA:47,1
DA:48,1
DA:49,1
DA:50,1
DA:51,1
DA:52,1
DA:53,1
DA:54,1
DA:55,1
DA:56,1
DA:57,1
DA:58,7
DA:59,1
DA:60,1
DA:61,1
DA:62,1
DA:63,1
DA:64,1
DA:65,1
DA:66,7
DA:68,7
DA:69,7
DA:70,7
DA:71,7
DA:72,7
DA:73,7
DA:74,7
DA:75,7
DA:76,7
DA:77,7
DA:79,7
DA:80,7
DA:82,7
DA:83,2
DA:84,5
DA:85,0
DA:86,0
DA:87,0
DA:88,5
DA:89,0
DA:91,0
DA:93,5
DA:94,5
DA:95,5
DA:96,5
DA:97,0
DA:98,5
DA:100,5
DA:101,5
DA:102,0
DA:103,5
DA:105,5
DA:106,5
DA:107,5
DA:108,5
DA:110,5
DA:111,5
DA:112,5
DA:113,5
DA:114,5
DA:115,5
DA:116,5
DA:117,5
DA:118,5
DA:119,5
DA:120,5
DA:121,5
DA:122,5
DA:124,5
DA:125,5
DA:126,5
DA:127,5
DA:128,5
DA:129,0
DA:130,0
DA:131,0
DA:133,5
DA:134,5
DA:135,5
DA:136,5
DA:137,5
DA:138,5
DA:140,5
DA:141,5
DA:144,7
DA:145,7
DA:147,7
DA:148,7
DA:149,7
DA:150,7
DA:151,0
DA:152,0
DA:158,0
DA:160,7
DA:162,7
DA:163,7
DA:164,7
DA:165,7
DA:166,7
DA:167,7
DA:169,7
DA:170,7
DA:171,7
DA:172,0
DA:174,7
DA:176,7
DA:177,7
DA:178,7
DA:180,7
DA:181,7
DA:182,7
DA:183,7
DA:184,7
DA:185,7
DA:186,7
DA:188,7
DA:189,7
DA:190,7
DA:191,7
DA:192,7
DA:193,7
DA:194,7
DA:195,7
DA:196,7
DA:197,7
DA:198,7
DA:199,7
DA:200,7
DA:201,7
DA:203,7
DA:204,7
DA:205,7
DA:206,7
DA:207,7
DA:208,7
DA:210,7
DA:211,7
DA:212,7
DA:213,0
DA:214,7
DA:215,7
DA:216,7
DA:218,7
DA:219,7
DA:220,0
DA:221,0
DA:222,0
DA:224,7
DA:225,7
DA:226,7
DA:228,7
DA:230,1
DA:231,28
DA:232,28
DA:233,28
DA:235,28
DA:238,28
DA:239,28
DA:240,28
DA:241,28
DA:242,28
DA:244,28
DA:245,28
DA:246,28
DA:247,28
DA:249,28
DA:250,28
DA:251,28
DA:252,28
DA:254,28
DA:255,28
DA:256,28
DA:258,28
DA:259,11
DA:260,11
DA:261,11
DA:262,11
DA:263,11
DA:264,11
DA:266,28
DA:267,11
DA:268,11
DA:269,11
DA:271,0
DA:272,0
DA:273,0
DA:274,0
DA:275,0
DA:276,0
DA:277,0
DA:278,28
DA:280,28
DA:281,28
DA:282,0
DA:283,0
DA:284,28
DA:285,0
DA:286,0
DA:287,0
DA:288,0
DA:289,28
DA:292,28
DA:293,28
DA:294,4
DA:295,3
DA:296,4
DA:297,28
DA:298,3
DA:299,3
DA:300,3
DA:301,28
DA:304,28
DA:305,6
DA:306,6
DA:308,0
DA:309,0
DA:310,0
DA:311,28
DA:313,28
DA:314,9
DA:315,9
DA:316,0
DA:317,0
DA:318,0
DA:319,28
DA:322,28
DA:324,28
DA:325,28
DA:326,28
DA:327,0
DA:328,0
DA:329,0
DA:330,0
DA:331,0
DA:332,0
DA:333,0
DA:334,0
DA:335,0
DA:336,0
DA:337,0
DA:338,0
DA:339,0
DA:340,28
DA:341,28
DA:342,39
DA:343,39
DA:344,39
DA:345,28
DA:348,28
DA:349,28
DA:350,0
DA:351,0
DA:352,0
DA:353,0
DA:354,28
DA:355,0
DA:356,0
DA:357,0
DA:358,0
DA:359,0
DA:360,0
DA:361,0
DA:362,28
DA:364,28
DA:365,4
DA:366,4
DA:367,4
DA:368,4
DA:370,28
DA:372,28
DA:373,28
DA:374,28
DA:375,28
DA:376,28
DA:378,28
DA:379,28
DA:381,28
DA:382,28
DA:383,28
DA:384,5
DA:387,28
DA:388,28
DA:389,28
DA:391,28
DA:392,28
DA:393,28
DA:395,28
DA:396,28
DA:397,28
DA:398,28
DA:399,28
DA:400,28
DA:401,28
DA:403,28
DA:405,28
DA:406,28
DA:408,28
DA:409,28
DA:410,28
DA:411,28
DA:412,11
DA:413,17
DA:414,0
DA:415,0
DA:416,0
DA:417,0
DA:418,17
DA:419,17
DA:421,17
DA:423,0
DA:424,0
DA:425,0
DA:426,0
DA:427,0
DA:429,0
DA:430,0
DA:431,0
DA:432,0
DA:433,0
DA:434,0
DA:435,0
DA:436,0
DA:437,0
DA:438,0
DA:439,0
DA:440,0
DA:441,0
DA:442,0
DA:443,0
DA:444,0
DA:445,0
DA:446,0
DA:447,0
DA:448,0
DA:449,0
DA:451,28
DA:452,28
DA:454,28
DA:455,28
DA:456,28
DA:457,11
DA:458,17
DA:459,1
DA:460,1
DA:461,1
DA:462,1
DA:464,16
DA:465,16
DA:466,16
DA:467,16
DA:468,16
DA:469,16
DA:470,16
DA:471,16
DA:472,16
DA:473,16
DA:474,16
DA:475,16
DA:476,16
DA:477,16
DA:478,16
DA:479,0
DA:480,0
DA:481,0
DA:482,0
DA:483,0
DA:484,0
DA:486,0
DA:488,16
DA:489,16
DA:491,16
DA:492,16
DA:493,16
DA:494,16
DA:495,16
DA:496,16
DA:497,16
DA:498,16
DA:499,16
DA:500,16
DA:501,16
DA:502,16
DA:503,0
DA:504,0
DA:505,0
DA:506,0
DA:507,0
DA:508,0
DA:509,0
DA:510,0
DA:511,0
DA:512,0
DA:513,0
DA:514,0
DA:515,0
DA:516,0
DA:518,0
DA:519,0
DA:520,0
DA:521,0
DA:522,0
DA:523,0
DA:524,0
DA:525,0
DA:526,0
DA:527,0
DA:528,0
DA:530,0
DA:531,0
DA:532,0
DA:533,0
DA:534,0
DA:535,0
DA:536,0
DA:538,0
DA:539,0
DA:540,0
DA:541,0
DA:542,0
DA:543,0
DA:544,0
DA:545,0
DA:546,0
DA:547,0
DA:549,0
DA:550,0
DA:552,0
DA:553,0
DA:554,0
DA:555,0
DA:557,0
DA:559,0
DA:560,0
DA:561,0
DA:562,0
DA:563,0
DA:564,0
DA:565,0
DA:566,0
DA:567,0
DA:568,0
DA:569,0
DA:570,0
DA:571,0
DA:572,0
DA:573,0
DA:575,0
DA:576,0
DA:577,0
DA:579,0
DA:581,0
DA:582,0
DA:583,0
DA:584,0
DA:585,0
DA:586,0
DA:587,0
DA:588,0
DA:589,0
DA:590,0
DA:592,0
DA:593,0
DA:595,0
DA:596,0
DA:597,0
DA:598,0
DA:599,0
DA:600,0
DA:601,16
DA:602,16
DA:603,16
DA:604,16
DA:605,16
DA:607,28
DA:608,28
DA:610,28
DA:611,28
DA:613,28
DA:614,28
DA:615,28
DA:616,28
DA:617,28
DA:618,28
DA:619,28
DA:620,28
DA:621,28
DA:622,28
DA:623,28
DA:624,28
DA:625,28
DA:626,28
DA:627,28
DA:628,28
DA:630,28
DA:631,28
DA:632,28
DA:633,28
DA:634,28
DA:635,28
DA:636,28
DA:637,28
DA:638,28
DA:639,28
DA:640,28
DA:641,0
DA:642,28
DA:643,28
DA:645,28
DA:646,0
DA:648,28
DA:649,28
DA:651,28
DA:652,28
DA:653,28
DA:656,28
DA:657,1
DA:658,1
DA:659,1
DA:660,1
DA:661,0
DA:662,0
DA:663,0
DA:664,0
DA:665,1
DA:669,28
DA:670,6
DA:672,6
DA:673,6
DA:674,6
DA:675,6
DA:676,6
DA:677,6
DA:678,6
DA:679,6
DA:680,6
DA:681,6
DA:682,0
DA:683,6
DA:684,6
DA:686,6
DA:687,0
DA:689,6
DA:691,6
DA:692,6
DA:693,6
DA:696,6
DA:697,0
DA:698,0
DA:699,0
DA:700,0
DA:702,0
DA:703,0
DA:704,0
DA:705,0
DA:709,6
DA:710,6
DA:711,6
DA:712,6
DA:713,6
DA:715,6
DA:716,6
DA:717,6
DA:718,2
DA:719,2
DA:720,2
DA:723,6
DA:724,6
DA:725,6
DA:726,6
DA:727,6
DA:728,6
DA:729,6
DA:730,0
DA:731,0
DA:732,0
DA:733,6
DA:735,6
DA:736,6
DA:737,6
DA:738,6
DA:739,6
DA:740,6
DA:741,6
DA:742,6
DA:743,2
DA:745,4
DA:747,6
DA:748,6
DA:749,6
DA:750,6
DA:751,6
DA:752,6
DA:755,6
DA:756,2
DA:757,2
DA:758,2
DA:760,2
DA:761,2
DA:762,2
DA:763,2
DA:764,2
DA:765,2
DA:767,2
DA:768,2
DA:770,2
DA:773,2
DA:775,2
DA:776,2
DA:777,2
DA:778,2
DA:779,2
DA:780,2
DA:782,2
DA:783,2
DA:784,2
DA:786,2
DA:787,2
DA:788,2
DA:789,2
DA:790,2
DA:792,2
DA:793,2
DA:794,2
DA:795,2
DA:796,2
DA:798,2
DA:799,2
DA:800,2
DA:801,2
DA:802,2
DA:804,6
DA:805,6
DA:806,6
DA:807,6
DA:811,28
DA:812,22
DA:813,22
DA:814,22
DA:815,22
DA:817,22
DA:818,22
DA:820,28
DA:821,28
DA:822,28
DA:823,28
DA:824,28
DA:826,28
LF:669
LH:466
BRDA:28,0,0,7
BRDA:82,1,0,2
BRDA:83,2,0,5
BRDA:84,3,0,0
BRDA:88,4,0,0
BRDA:88,5,0,0
BRDA:208,6,0,3
BRDA:212,7,0,0
BRDA:219,8,0,0
BRDA:41,9,0,3
BRDA:45,10,0,1
BRDA:46,11,0,0
BRDA:58,12,0,1
BRDA:94,13,0,5
BRDA:96,14,0,0
BRDA:96,15,0,0
BRDA:101,16,0,0
BRDA:101,17,0,0
BRDA:128,18,0,0
BRDA:182,19,0,1
BRDA:191,20,0,1
BRDA:197,21,0,1
BRDA:206,22,0,1
BRDA:230,23,0,28
BRDA:411,24,0,11
BRDA:412,25,0,17
BRDA:413,26,0,0
BRDA:421,27,0,0
BRDA:456,28,0,11
BRDA:457,29,0,17
BRDA:458,30,0,1
BRDA:462,31,0,16
BRDA:468,32,0,0
BRDA:478,33,0,0
BRDA:640,34,0,0
BRDA:645,35,0,0
BRDA:656,36,0,1
BRDA:660,37,0,0
BRDA:669,38,0,6
BRDA:681,39,0,0
BRDA:686,40,0,0
BRDA:691,41,0,0
BRDA:696,42,0,0
BRDA:811,43,0,22
BRDA:811,44,0,22
BRDA:246,45,0,6
BRDA:251,46,0,6
BRDA:258,47,0,11
BRDA:261,48,0,11
BRDA:266,49,0,11
BRDA:267,50,0,6
BRDA:269,51,0,0
BRDA:293,52,0,4
BRDA:294,53,0,3
BRDA:297,54,0,3
BRDA:304,55,0,6
BRDA:306,56,0,0
BRDA:313,57,0,9
BRDA:315,58,0,0
BRDA:341,59,0,39
BRDA:342,60,0,0
BRDA:343,61,0,0
BRDA:364,62,0,4
BRDA:366,63,0,0
BRDA:383,64,0,5
BRDA:620,65,0,4
BRDA:710,66,0,6
BRDA:729,67,0,0
BRDA:742,68,0,2
BRDA:743,69,0,4
BRDA:755,70,0,2
BRDA:773,71,0,0
BRDA:776,72,0,0
BRDA:784,73,0,1
BRDA:717,74,0,2
BRDA:719,75,0,0
BRF:76
BRH:44
end_of_record
TN:
SF:apps/web/src/pages/Receipts.tsx
FN:4,Receipts
FNF:1
FNH:1
FNDA:4,Receipts
DA:2,1
DA:4,1
DA:5,4
DA:6,4
DA:7,4
DA:8,4
DA:9,4
DA:11,4
DA:12,4
DA:14,4
DA:15,4
DA:17,4
LF:12
LH:12
BRDA:4,0,0,4
BRF:1
BRH:1
end_of_record
TN:
SF:apps/web/src/pages/Settings.tsx
FN:19,Settings
FN:27,queryFn
FN:65,runAuthCheck
FN:86,onToggleTheme
FNF:4
FNH:4
FNDA:16,Settings
FNDA:7,queryFn
FNDA:2,runAuthCheck
FNDA:1,onToggleTheme
DA:1,1
DA:2,1
DA:3,1
DA:13,1
DA:14,1
DA:15,1
DA:16,1
DA:17,1
DA:19,1
DA:20,16
DA:21,7
DA:22,16
DA:25,16
DA:26,16
DA:27,16
DA:28,7
DA:29,7
DA:30,7
DA:31,2
DA:32,7
DA:33,5
DA:34,5
DA:35,7
DA:36,16
DA:37,16
DA:39,16
DA:40,16
DA:42,16
DA:44,16
DA:45,7
DA:46,0
DA:47,0
DA:48,0
DA:49,0
DA:50,0
DA:52,7
DA:53,7
DA:54,7
DA:55,7
DA:56,16
DA:58,16
DA:63,16
DA:65,16
DA:66,2
DA:67,2
DA:68,2
DA:69,2
DA:70,1
DA:71,1
DA:72,1
DA:73,1
DA:74,1
DA:75,1
DA:76,1
DA:77,1
DA:78,1
DA:79,2
DA:81,16
DA:82,7
DA:83,7
DA:84,16
DA:86,16
DA:87,1
DA:88,1
DA:89,1
DA:91,16
DA:92,16
DA:94,16
DA:95,16
DA:96,16
DA:97,16
DA:100,16
DA:102,16
DA:103,16
DA:104,16
DA:106,16
DA:107,16
DA:108,16
DA:109,16
DA:110,16
DA:111,16
DA:112,1
DA:113,15
DA:114,16
DA:116,16
DA:117,1
DA:119,15
DA:121,16
DA:122,16
DA:123,10
DA:124,6
DA:125,1
DA:126,5
DA:127,16
DA:128,16
DA:129,16
DA:130,1
DA:131,1
DA:132,1
DA:134,16
DA:135,16
DA:138,16
DA:139,16
DA:140,16
DA:141,16
DA:142,16
DA:143,16
DA:145,16
DA:146,16
DA:147,16
DA:148,16
DA:149,16
DA:150,16
DA:151,16
DA:152,16
DA:154,16
DA:155,16
DA:156,16
DA:157,16
DA:158,16
DA:160,16
DA:161,1
DA:163,15
DA:165,16
DA:166,16
DA:167,16
DA:168,16
DA:171,16
DA:172,8
DA:173,8
DA:174,8
DA:175,2
DA:176,6
DA:177,2
DA:179,4
DA:180,8
DA:182,8
DA:184,8
DA:185,8
DA:186,8
DA:187,8
DA:188,8
DA:189,8
DA:190,8
DA:191,8
DA:192,8
DA:193,8
DA:195,8
DA:196,8
DA:197,8
DA:199,8
DA:200,8
DA:201,8
DA:202,8
DA:203,8
DA:204,8
DA:205,8
DA:206,2
DA:207,6
DA:208,8
DA:209,2
DA:210,8
DA:212,8
DA:213,2
DA:214,6
DA:215,8
DA:216,8
DA:217,8
DA:218,2
DA:219,2
DA:220,2
DA:221,2
DA:223,8
DA:224,2
DA:225,2
DA:226,2
DA:227,0
DA:228,2
DA:229,2
DA:231,8
DA:232,2
DA:233,2
DA:234,2
DA:236,8
DA:237,2
DA:239,8
DA:240,8
DA:242,8
DA:243,8
DA:244,8
DA:245,0
DA:248,0
DA:250,8
DA:252,8
DA:253,8
DA:257,16
DA:258,16
DA:259,16
DA:261,16
DA:262,16
DA:263,16
DA:264,16
DA:265,16
DA:266,16
DA:267,16
DA:268,16
DA:269,16
DA:271,16
DA:272,16
DA:273,16
DA:276,16
DA:277,16
DA:278,16
DA:279,16
DA:280,16
DA:281,16
DA:282,16
DA:283,16
DA:284,16
DA:285,64
DA:286,64
DA:287,64
DA:289,64
DA:290,64
DA:291,64
DA:292,64
DA:293,64
DA:294,64
DA:295,64
DA:296,64
DA:297,16
DA:298,16
DA:299,16
DA:300,16
DA:301,16
DA:303,16
LF:236
LH:228
BRDA:19,0,0,16
BRDA:111,1,0,6
BRDA:111,2,0,1
BRDA:112,3,0,15
BRDA:116,4,0,6
BRDA:116,5,0,1
BRDA:117,6,0,15
BRDA:122,7,0,10
BRDA:123,8,0,6
BRDA:124,9,0,1
BRDA:125,10,0,5
BRDA:129,11,0,6
BRDA:129,12,0,1
BRDA:151,13,0,1
BRDA:151,14,0,15
BRDA:157,15,0,1
BRDA:157,16,0,15
BRDA:160,17,0,1
BRDA:161,18,0,15
BRDA:171,19,0,8
BRDA:174,20,0,2
BRDA:175,21,0,6
BRDA:176,22,0,2
BRDA:177,23,0,4
BRDA:205,24,0,2
BRDA:206,25,0,6
BRDA:208,26,0,2
BRDA:212,27,0,2
BRDA:213,28,0,6
BRDA:217,29,0,2
BRDA:223,30,0,2
BRDA:226,31,0,0
BRDA:226,32,0,0
BRDA:231,33,0,2
BRDA:236,34,0,2
BRDA:244,35,0,0
BRDA:244,36,0,0
BRDA:266,37,0,0
BRDA:20,38,0,7
BRDA:27,39,0,7
BRDA:30,40,0,2
BRDA:32,41,0,5
BRDA:40,42,0,7
BRDA:42,43,0,7
BRDA:44,44,0,7
BRDA:45,45,0,0
BRDA:45,46,0,0
BRDA:65,47,0,2
BRDA:69,48,0,1
BRDA:76,49,0,0
BRDA:81,50,0,7
BRDA:86,51,0,1
BRDA:284,52,0,64
BRDA:292,53,0,0
BRF:54
BRH:45
end_of_record
TN:
SF:apps/web/src/pages/SystemStatus.tsx
FN:24,formatTs
FN:32,EntryRow
FN:84,SystemStatus
FN:119,onClick
FN:126,onClick
FN:172,onClick
FN:189,onClick
FN:206,onClick
FNF:8
FNH:6
FNDA:6,formatTs
FNDA:6,EntryRow
FNDA:7,SystemStatus
FNDA:0,onClick
FNDA:1,onClick
FNDA:0,onClick
FNDA:1,onClick
FNDA:1,onClick
DA:1,1
DA:2,1
DA:11,1
DA:12,1
DA:24,6
DA:25,6
DA:26,6
DA:27,6
DA:28,0
DA:29,0
DA:30,6
DA:32,6
DA:33,6
DA:34,6
DA:36,6
DA:37,3
DA:38,3
DA:39,3
DA:40,0
DA:41,0
DA:42,0
DA:44,6
DA:45,6
DA:46,6
DA:47,6
DA:48,6
DA:49,6
DA:50,6
DA:51,6
DA:52,6
DA:53,6
DA:54,6
DA:55,6
DA:56,6
DA:57,6
DA:58,6
DA:59,6
DA:60,6
DA:62,6
DA:63,3
DA:64,3
DA:65,3
DA:66,3
DA:69,6
DA:70,1
DA:71,1
DA:72,1
DA:75,6
DA:76,3
DA:77,3
DA:78,3
DA:80,6
DA:82,6
DA:84,1
DA:85,7
DA:86,7
DA:89,7
DA:90,4
DA:91,7
DA:93,7
DA:94,5
DA:95,5
DA:96,7
DA:98,7
DA:99,8
DA:100,8
DA:101,4
DA:102,7
DA:104,7
DA:105,7
DA:107,7
DA:108,7
DA:109,7
DA:110,7
DA:111,7
DA:112,7
DA:114,7
DA:115,7
DA:117,7
DA:118,7
DA:119,7
DA:120,7
DA:121,7
DA:123,7
DA:124,7
DA:125,7
DA:126,7
DA:127,1
DA:128,1
DA:129,1
DA:130,7
DA:131,7
DA:132,7
DA:133,5
DA:134,2
DA:135,7
DA:136,7
DA:138,7
DA:140,7
DA:141,7
DA:142,7
DA:145,7
DA:146,7
DA:147,7
DA:148,7
DA:149,7
DA:151,7
DA:152,7
DA:155,7
DA:156,7
DA:157,7
DA:158,7
DA:159,7
DA:160,7
DA:161,7
DA:162,7
DA:163,7
DA:165,7
DA:166,7
DA:167,7
DA:170,7
DA:171,7
DA:172,7
DA:173,7
DA:174,7
DA:175,7
DA:176,5
DA:177,2
DA:178,7
DA:180,7
DA:182,7
DA:183,7
DA:184,7
DA:185,7
DA:186,7
DA:188,7
DA:189,7
DA:190,7
DA:191,7
DA:192,7
DA:193,1
DA:194,6
DA:195,7
DA:197,7
DA:199,7
DA:200,7
DA:201,7
DA:202,7
DA:203,7
DA:205,7
DA:206,7
DA:207,7
DA:208,7
DA:209,7
DA:210,1
DA:211,6
DA:212,7
DA:214,7
DA:216,7
DA:217,7
DA:218,7
DA:219,7
DA:220,7
DA:221,7
DA:223,7
DA:224,2
DA:225,2
DA:226,2
DA:227,2
DA:228,2
DA:229,2
DA:231,5
DA:232,5
DA:233,6
DA:234,5
DA:235,5
DA:237,7
DA:239,7
LF:178
LH:173
BRDA:24,0,0,6
BRDA:27,1,0,0
BRDA:32,2,0,6
BRDA:36,3,0,3
BRDA:39,4,0,0
BRDA:51,5,0,0
BRDA:56,6,0,3
BRDA:56,7,0,3
BRDA:62,8,0,3
BRDA:62,9,0,3
BRDA:64,10,0,0
BRDA:65,11,0,0
BRDA:69,12,0,1
BRDA:75,13,0,3
BRDA:84,14,0,7
BRDA:132,15,0,5
BRDA:133,16,0,2
BRDA:175,17,0,5
BRDA:176,18,0,2
BRDA:192,19,0,1
BRDA:193,20,0,6
BRDA:209,21,0,1
BRDA:210,22,0,6
BRDA:223,23,0,2
BRDA:229,24,0,5
BRDA:89,25,0,4
BRDA:90,26,0,1
BRDA:90,27,0,1
BRDA:93,28,0,5
BRDA:95,29,0,1
BRDA:98,30,0,8
BRDA:99,31,0,2
BRDA:99,32,0,6
BRDA:100,33,0,2
BRDA:100,34,0,4
BRDA:104,35,0,8
BRDA:105,36,0,8
BRDA:126,37,0,1
BRDA:128,38,0,1
BRDA:189,39,0,1
BRDA:206,40,0,1
BRDA:232,41,0,6
BRF:42
BRH:37
end_of_record
TN:
SF:apps/web/src/pages/UILab.tsx
FN:28,UILab
FN:147,onChange
FN:158,onClick
FNF:3
FNH:3
FNDA:3,UILab
FNDA:1,onChange
FNDA:1,onClick
DA:1,1
DA:9,1
DA:10,1
DA:28,1
DA:29,3
DA:30,3
DA:32,3
DA:33,3
DA:35,3
DA:36,3
DA:37,3
DA:38,3
DA:40,3
DA:41,3
DA:42,3
DA:44,3
DA:45,3
DA:47,3
DA:49,3
DA:50,3
DA:51,3
DA:53,3
DA:54,3
DA:55,3
DA:57,3
DA:58,3
DA:60,3
DA:61,3
DA:62,3
DA:63,3
DA:64,3
DA:65,3
DA:66,3
DA:67,3
DA:70,3
DA:71,3
DA:73,3
DA:74,3
DA:75,3
DA:76,3
DA:77,3
DA:78,3
DA:79,3
DA:80,3
DA:83,3
DA:84,3
DA:86,3
DA:87,3
DA:88,3
DA:90,3
DA:91,3
DA:92,3
DA:93,3
DA:94,3
DA:96,3
DA:97,3
DA:98,3
DA:99,3
DA:100,3
DA:102,3
DA:103,3
DA:104,3
DA:107,3
DA:108,3
DA:110,3
DA:111,3
DA:112,3
DA:113,3
DA:114,3
DA:115,3
DA:116,3
DA:117,3
DA:118,3
DA:119,3
DA:122,3
DA:123,3
DA:124,3
DA:126,3
DA:127,3
DA:128,3
DA:129,3
DA:130,3
DA:131,3
DA:132,3
DA:133,3
DA:135,3
DA:136,3
DA:137,3
DA:138,3
DA:139,3
DA:140,3
DA:142,3
DA:143,3
DA:144,3
DA:145,3
DA:146,3
DA:147,3
DA:148,3
DA:150,3
DA:151,3
DA:152,3
DA:153,3
DA:154,3
DA:155,3
DA:157,3
DA:158,3
DA:159,3
DA:160,3
DA:162,3
DA:164,3
DA:165,3
DA:166,3
DA:167,3
DA:170,3
DA:171,3
DA:172,3
DA:174,3
DA:175,3
DA:176,3
DA:177,3
DA:179,3
DA:180,3
DA:182,3
DA:183,3
DA:185,3
DA:186,3
DA:188,3
DA:189,3
DA:191,3
DA:192,3
DA:194,3
DA:195,3
DA:197,3
DA:198,3
DA:200,3
DA:201,3
DA:203,3
DA:204,3
DA:206,3
DA:207,3
DA:208,3
DA:210,3
DA:211,3
DA:213,3
DA:214,3
DA:216,3
DA:217,3
DA:218,3
DA:219,3
DA:222,3
DA:223,3
DA:224,3
DA:226,3
DA:227,3
DA:228,3
DA:229,3
DA:230,3
DA:232,3
DA:233,3
DA:234,3
DA:235,3
DA:236,3
DA:237,3
DA:238,3
DA:240,3
DA:241,3
DA:243,3
DA:244,3
DA:245,3
DA:246,3
DA:247,3
DA:248,3
DA:250,3
DA:251,3
DA:253,3
DA:254,3
DA:255,3
DA:256,3
DA:257,3
DA:259,3
DA:260,3
DA:262,3
DA:263,3
DA:264,3
DA:265,3
DA:266,3
DA:267,3
DA:268,3
DA:269,3
DA:270,3
DA:273,3
DA:274,3
DA:275,3
DA:277,3
DA:278,3
DA:279,3
DA:281,3
DA:282,3
DA:284,3
DA:285,3
DA:286,3
DA:287,3
DA:288,3
DA:289,3
DA:290,3
DA:291,3
DA:292,3
DA:293,3
DA:294,3
DA:295,3
DA:296,3
DA:297,3
DA:299,3
DA:300,3
DA:301,3
DA:302,3
DA:305,3
DA:306,3
DA:307,3
DA:308,3
DA:310,3
DA:311,3
DA:313,3
DA:314,3
DA:315,3
DA:318,3
DA:319,3
DA:320,3
DA:321,3
DA:323,3
DA:324,3
DA:325,3
DA:326,3
DA:327,3
DA:328,3
DA:329,3
DA:331,3
DA:332,3
DA:333,3
DA:334,3
DA:335,3
DA:338,3
DA:339,3
DA:340,3
DA:342,3
DA:343,3
DA:344,3
DA:346,3
DA:347,3
DA:349,3
DA:350,3
DA:351,3
DA:352,3
DA:353,30
DA:354,30
DA:355,30
DA:356,30
DA:357,30
DA:358,30
DA:359,30
DA:360,30
DA:362,3
DA:363,3
DA:364,3
DA:367,3
DA:368,3
DA:370,3
DA:371,3
DA:372,3
DA:373,27
DA:374,27
DA:375,27
DA:376,27
DA:377,27
DA:378,27
DA:379,27
DA:380,27
DA:381,27
DA:382,3
DA:383,3
DA:384,3
DA:385,3
DA:386,3
DA:387,3
DA:388,3
DA:391,3
DA:392,3
DA:394,3
DA:395,3
DA:396,3
DA:398,3
LF:291
LH:291
BRDA:28,0,0,3
BRDA:153,1,0,2
BRDA:147,2,0,1
BRDA:158,3,0,1
BRDA:352,4,0,30
BRDA:372,5,0,27
BRF:6
BRH:6
end_of_record
TN:
SF:apps/web/src/types/prismjs.d.ts
FN:1,(empty-report)
FNF:1
FNH:1
FNDA:1,(empty-report)
LF:0
LH:0
BRDA:1,0,0,1
BRF:1
BRH:1
end_of_record
