TN:
SF:apps/api-worker/src/app.ts
FN:24,createApp
FN:27,router.finally
FN:230,fetch
FN:242,maybeRewritePathForSameOriginMount
FNF:4
FNH:4
FNDA:8,createApp
FNDA:8,router.finally
FNDA:8,fetch
FNDA:8,maybeRewritePathForSameOriginMount
DA:1,1
DA:2,1
DA:3,1
DA:4,1
DA:5,1
DA:6,1
DA:7,1
DA:8,1
DA:9,1
DA:10,1
DA:11,1
DA:12,1
DA:13,1
DA:14,1
DA:15,1
DA:16,1
DA:17,1
DA:18,1
DA:19,1
DA:20,1
DA:22,1
DA:24,1
DA:25,8
DA:26,8
DA:27,8
DA:31,8
DA:32,8
DA:33,8
DA:35,8
DA:36,8
DA:37,8
DA:38,48
DA:39,8
DA:41,8
DA:42,8
DA:43,8
DA:44,8
DA:45,8
DA:46,8
DA:47,8
DA:48,8
DA:51,8
DA:52,8
DA:53,8
DA:54,8
DA:55,8
DA:56,8
DA:59,8
DA:60,8
DA:61,8
DA:62,8
DA:63,8
DA:64,8
DA:65,8
DA:66,8
DA:67,8
DA:68,8
DA:70,8
DA:71,8
DA:72,8
DA:73,8
DA:74,8
DA:75,8
DA:76,8
DA:77,8
DA:79,8
DA:81,8
DA:82,1
DA:83,1
DA:84,8
DA:87,8
DA:88,8
DA:89,8
DA:90,8
DA:93,8
DA:94,8
DA:95,8
DA:96,8
DA:97,8
DA:98,8
DA:99,8
DA:100,8
DA:103,8
DA:104,8
DA:107,8
DA:110,8
DA:113,8
DA:114,8
DA:115,8
DA:116,8
DA:119,8
DA:120,8
DA:121,8
DA:122,8
DA:125,8
DA:126,8
DA:129,8
DA:130,8
DA:133,8
DA:134,8
DA:137,8
DA:138,8
DA:141,8
DA:142,2
DA:143,1
DA:144,1
DA:145,1
DA:146,1
DA:151,1
DA:152,1
DA:153,1
DA:155,1
DA:156,1
DA:157,0
DA:158,0
DA:159,0
DA:160,0
DA:161,0
DA:162,0
DA:163,1
DA:164,0
DA:165,0
DA:167,0
DA:168,0
DA:169,0
DA:170,1
DA:171,0
DA:172,0
DA:173,0
DA:174,0
DA:175,1
DA:177,2
DA:178,0
DA:179,0
DA:181,1
DA:182,1
DA:183,0
DA:184,0
DA:185,0
DA:186,0
DA:187,0
DA:188,0
DA:189,0
DA:190,0
DA:191,0
DA:192,0
DA:193,0
DA:194,0
DA:195,0
DA:196,0
DA:197,1
DA:198,0
DA:199,0
DA:200,0
DA:201,0
DA:202,0
DA:203,0
DA:204,0
DA:205,1
DA:207,1
DA:208,2
DA:209,2
DA:210,2
DA:212,2
DA:213,8
DA:216,8
DA:217,8
DA:220,8
DA:221,8
DA:222,8
DA:225,8
DA:226,8
DA:227,8
DA:229,8
DA:230,8
DA:231,8
DA:232,8
DA:233,8
DA:234,8
DA:235,0
DA:236,0
DA:237,0
DA:238,8
DA:239,8
DA:240,8
DA:242,8
DA:243,8
DA:248,8
DA:249,0
DA:250,0
DA:251,0
DA:253,8
DA:254,8
LF:193
LH:149
BRDA:24,0,0,8
BRDA:27,1,0,8
BRDA:33,2,0,0
BRDA:37,3,0,48
BRDA:81,4,0,1
BRDA:141,5,0,2
BRDA:142,6,0,1
BRDA:177,7,0,0
BRDA:179,8,0,1
BRDA:208,9,0,0
BRDA:155,10,0,1
BRDA:156,11,0,0
BRDA:160,12,0,0
BRDA:161,13,0,0
BRDA:163,14,0,0
BRDA:170,15,0,0
BRDA:181,16,0,1
BRDA:182,17,0,0
BRDA:197,18,0,0
BRDA:230,19,0,8
BRDA:234,20,0,0
BRDA:242,21,0,8
BRDA:248,22,0,0
BRF:23
BRH:11
end_of_record
TN:
SF:apps/api-worker/src/index.ts
FN:8,fetch
FN:11,queue
FN:15,scheduled
FNF:3
FNH:3
FNDA:1,fetch
FNDA:1,queue
FNDA:1,scheduled
DA:1,1
DA:2,1
DA:3,1
DA:5,1
DA:7,1
DA:8,1
DA:9,1
DA:11,1
DA:12,1
DA:13,1
DA:15,1
DA:17,1
DA:18,1
DA:19,1
DA:20,1
DA:21,1
DA:24,1
DA:25,1
DA:26,1
DA:27,1
DA:28,1
DA:29,1
DA:30,1
DA:31,1
DA:32,1
LF:25
LH:25
BRDA:8,0,0,1
BRDA:11,1,0,1
BRDA:15,2,0,1
BRDA:18,3,0,1
BRDA:25,4,0,1
BRDA:26,5,0,1
BRF:6
BRH:6
end_of_record
TN:
SF:apps/api-worker/src/types.ts
FN:1,(empty-report)
FNF:1
FNH:1
FNDA:1,(empty-report)
LF:0
LH:0
BRDA:1,0,0,1
BRF:1
BRH:1
end_of_record
TN:
SF:apps/api-worker/src/controllers/AnalyticsController.ts
FN:11,__vite_ssr_import_1__.z.object.days.__vite_ssr_import_1__.z.string.optional.transform.refine.message
FN:17,dashboard
FNF:2
FNH:2
FNDA:2,__vite_ssr_import_1__.z.object.days.__vite_ssr_import_1__.z.string.optional.transform.refine.message
FNDA:2,dashboard
DA:1,1
DA:2,1
DA:3,1
DA:6,1
DA:7,1
DA:8,1
DA:9,1
DA:10,1
DA:11,1
DA:12,1
DA:13,1
DA:14,1
DA:16,1
DA:17,1
DA:18,2
DA:19,2
DA:20,1
DA:21,1
DA:22,1
DA:23,1
DA:24,1
DA:26,1
DA:28,1
DA:29,1
DA:30,1
DA:31,1
DA:33,1
DA:34,1
DA:35,2
DA:36,0
DA:37,0
DA:38,0
DA:39,2
DA:40,1
LF:34
LH:31
BRDA:10,0,0,2
BRDA:10,1,0,0
BRDA:11,2,0,2
BRDA:11,3,0,1
BRDA:17,4,0,2
BRDA:19,5,0,1
BRDA:35,6,0,0
BRDA:22,7,0,1
BRF:8
BRH:6
end_of_record
TN:
SF:apps/api-worker/src/controllers/ChatController.ts
FN:11,chat
FN:43,stream
FN:114,start
FN:217,export
FN:241,analyze
FNF:5
FNH:4
FNDA:3,chat
FNDA:1,stream
FNDA:1,start
FNDA:1,export
FNDA:0,analyze
DA:1,1
DA:2,1
DA:3,1
DA:4,1
DA:5,1
DA:6,1
DA:7,1
DA:10,1
DA:11,1
DA:12,3
DA:13,3
DA:15,3
DA:16,1
DA:17,1
DA:18,1
DA:19,1
DA:20,1
DA:22,2
DA:24,2
DA:25,2
DA:26,2
DA:27,2
DA:28,2
DA:29,2
DA:30,2
DA:31,2
DA:32,1
DA:33,1
DA:34,1
DA:35,1
DA:36,1
DA:37,3
DA:43,1
DA:44,1
DA:45,1
DA:47,1
DA:48,0
DA:49,0
DA:50,0
DA:51,0
DA:52,0
DA:54,1
DA:56,1
DA:59,1
DA:60,1
DA:61,1
DA:62,0
DA:63,0
DA:64,1
DA:66,0
DA:68,1
DA:69,1
DA:70,1
DA:74,1
DA:75,1
DA:76,1
DA:77,1
DA:78,1
DA:79,1
DA:80,0
DA:81,0
DA:82,0
DA:83,0
DA:84,0
DA:85,0
DA:86,0
DA:87,0
DA:88,1
DA:90,0
DA:93,1
DA:94,1
DA:95,1
DA:96,1
DA:98,1
DA:99,1
DA:100,0
DA:103,1
DA:104,1
DA:105,1
DA:106,1
DA:107,1
DA:109,1
DA:110,1
DA:111,1
DA:113,1
DA:114,1
DA:115,1
DA:116,1
DA:117,1
DA:119,1
DA:121,1
DA:122,0
DA:123,0
DA:124,0
DA:125,0
DA:126,0
DA:127,0
DA:130,1
DA:131,4
DA:132,4
DA:134,3
DA:136,3
DA:137,3
DA:139,4
DA:140,3
DA:141,3
DA:142,3
DA:143,1
DA:144,1
DA:146,2
DA:147,0
DA:148,2
DA:149,3
DA:151,2
DA:152,2
DA:153,2
DA:154,2
DA:155,2
DA:156,2
DA:157,2
DA:158,2
DA:159,2
DA:160,2
DA:161,3
DA:163,0
DA:164,0
DA:165,0
DA:166,0
DA:167,0
DA:168,0
DA:169,0
DA:170,3
DA:171,3
DA:174,1
DA:175,1
DA:176,1
DA:177,1
DA:178,1
DA:179,1
DA:180,1
DA:181,1
DA:182,1
DA:183,1
DA:184,1
DA:185,0
DA:186,1
DA:187,1
DA:188,1
DA:189,0
DA:190,1
DA:191,1
DA:192,1
DA:194,1
DA:195,1
DA:196,1
DA:197,0
DA:198,0
DA:199,0
DA:200,0
DA:201,1
DA:202,1
DA:204,1
DA:205,1
DA:206,1
DA:207,1
DA:208,1
DA:209,1
DA:210,1
DA:211,1
DA:212,0
DA:213,0
DA:214,0
DA:215,1
DA:217,1
DA:218,1
DA:219,1
DA:221,1
DA:222,1
DA:223,1
DA:225,1
DA:226,1
DA:227,1
DA:228,1
DA:229,1
DA:230,1
DA:231,1
DA:232,0
DA:233,0
DA:234,0
DA:235,1
DA:241,1
DA:242,0
DA:243,0
DA:244,0
DA:245,0
DA:247,0
DA:248,0
DA:249,0
DA:250,0
DA:252,0
DA:253,0
DA:254,0
DA:256,0
DA:257,0
DA:259,0
DA:260,0
DA:262,0
DA:263,0
DA:264,0
DA:265,0
DA:266,0
DA:267,0
DA:268,0
DA:269,0
DA:270,0
DA:271,0
DA:272,1
LF:217
LH:148
BRDA:11,0,0,3
BRDA:15,1,0,1
BRDA:20,2,0,2
BRDA:31,3,0,1
BRDA:34,4,0,0
BRDA:18,5,0,1
BRDA:43,6,0,1
BRDA:47,7,0,0
BRDA:61,8,0,0
BRDA:61,9,0,0
BRDA:61,10,0,0
BRDA:64,11,0,0
BRDA:79,12,0,0
BRDA:88,13,0,0
BRDA:94,14,0,0
BRDA:99,15,0,0
BRDA:211,16,0,0
BRDA:114,17,0,1
BRDA:121,18,0,0
BRDA:130,19,0,4
BRDA:132,20,0,1
BRDA:132,21,0,3
BRDA:139,22,0,3
BRDA:141,23,0,0
BRDA:142,24,0,2
BRDA:142,25,0,1
BRDA:144,26,0,2
BRDA:146,27,0,0
BRDA:147,28,0,2
BRDA:149,29,0,0
BRDA:149,30,0,2
BRDA:161,31,0,0
BRDA:184,32,0,0
BRDA:188,33,0,0
BRDA:196,34,0,0
BRDA:217,35,0,1
BRDA:219,36,0,0
BRDA:231,37,0,0
BRF:38
BRH:17
end_of_record
TN:
SF:apps/api-worker/src/controllers/ConversationsController.ts
FN:15,list
FN:29,create
FN:48,rename
FN:73,delete
FNF:4
FNH:4
FNDA:1,list
FNDA:1,create
FNDA:1,rename
FNDA:1,delete
DA:1,1
DA:2,1
DA:3,1
DA:6,1
DA:7,1
DA:8,1
DA:10,1
DA:11,1
DA:12,1
DA:14,1
DA:15,1
DA:16,1
DA:17,1
DA:18,1
DA:20,1
DA:21,1
DA:22,1
DA:23,1
DA:24,1
DA:25,0
DA:26,0
DA:27,1
DA:29,1
DA:30,1
DA:31,1
DA:32,1
DA:33,0
DA:34,0
DA:35,0
DA:36,0
DA:37,0
DA:39,1
DA:40,1
DA:41,1
DA:42,1
DA:43,1
DA:44,0
DA:45,0
DA:46,1
DA:48,1
DA:49,1
DA:50,1
DA:52,1
DA:53,1
DA:54,1
DA:55,0
DA:56,0
DA:57,0
DA:58,0
DA:59,0
DA:61,1
DA:62,1
DA:63,1
DA:64,1
DA:65,1
DA:66,0
DA:67,0
DA:68,0
DA:69,0
DA:70,0
DA:71,1
DA:73,1
DA:74,1
DA:75,1
DA:77,1
DA:78,1
DA:79,1
DA:80,1
DA:81,1
DA:82,0
DA:83,0
DA:84,0
DA:85,0
DA:86,0
DA:87,1
DA:88,1
LF:76
LH:52
BRDA:15,0,0,1
BRDA:17,1,0,0
BRDA:18,2,0,0
BRDA:24,3,0,0
BRDA:29,4,0,1
BRDA:32,5,0,0
BRDA:43,6,0,0
BRDA:48,7,0,1
BRDA:50,8,0,0
BRDA:54,9,0,0
BRDA:65,10,0,0
BRDA:73,11,0,1
BRDA:75,12,0,0
BRDA:81,13,0,0
BRF:14
BRH:4
end_of_record
TN:
SF:apps/api-worker/src/controllers/EpisodicController.ts
FN:8,create
FN:33,list
FN:55,update
FN:82,delete
FNF:4
FNH:4
FNDA:2,create
FNDA:1,list
FNDA:4,update
FNDA:2,delete
DA:2,1
DA:3,1
DA:4,1
DA:7,1
DA:8,1
DA:9,2
DA:10,2
DA:12,2
DA:13,1
DA:14,1
DA:15,1
DA:16,1
DA:17,1
DA:19,1
DA:20,1
DA:21,1
DA:22,1
DA:23,2
DA:24,2
DA:25,2
DA:26,0
DA:27,0
DA:28,0
DA:29,0
DA:30,0
DA:31,2
DA:33,1
DA:34,1
DA:35,1
DA:36,1
DA:38,1
DA:39,1
DA:40,1
DA:41,1
DA:42,1
DA:43,1
DA:44,1
DA:46,1
DA:48,1
DA:49,1
DA:50,1
DA:51,0
DA:52,0
DA:53,1
DA:55,1
DA:56,4
DA:57,4
DA:59,3
DA:60,3
DA:62,4
DA:63,1
DA:64,1
DA:65,1
DA:66,1
DA:67,1
DA:69,2
DA:70,2
DA:71,2
DA:72,2
DA:73,4
DA:74,0
DA:75,0
DA:76,0
DA:77,0
DA:78,0
DA:79,0
DA:80,4
DA:82,1
DA:83,2
DA:84,2
DA:85,1
DA:86,1
DA:88,1
DA:89,1
DA:90,1
DA:91,1
DA:92,2
DA:93,0
DA:94,0
DA:95,2
DA:96,1
LF:81
LH:66
BRDA:8,0,0,2
BRDA:12,1,0,1
BRDA:23,2,0,0
BRDA:25,3,0,0
BRDA:15,4,0,2
BRDA:33,5,0,1
BRDA:35,6,0,0
BRDA:50,7,0,0
BRDA:55,8,0,4
BRDA:57,9,0,1
BRDA:57,10,0,3
BRDA:62,11,0,1
BRDA:67,12,0,2
BRDA:73,13,0,0
BRDA:65,14,0,1
BRDA:82,15,0,2
BRDA:84,16,0,1
BRDA:92,17,0,0
BRF:18
BRH:12
end_of_record
TN:
SF:apps/api-worker/src/controllers/IdentityController.ts
FN:8,upsert
FN:37,get
FNF:2
FNH:2
FNDA:3,upsert
FNDA:1,get
DA:2,1
DA:3,1
DA:4,1
DA:7,1
DA:8,1
DA:9,3
DA:10,3
DA:12,3
DA:13,1
DA:14,1
DA:15,1
DA:16,1
DA:17,1
DA:19,2
DA:25,2
DA:26,2
DA:27,2
DA:28,1
DA:29,1
DA:30,1
DA:31,1
DA:32,0
DA:33,0
DA:34,0
DA:35,3
DA:37,1
DA:38,1
DA:39,1
DA:40,1
DA:41,1
DA:42,1
DA:43,0
DA:44,0
DA:45,0
DA:46,1
DA:47,1
LF:36
LH:30
BRDA:8,0,0,3
BRDA:12,1,0,1
BRDA:17,2,0,2
BRDA:27,3,0,1
BRDA:30,4,0,0
BRDA:31,5,0,0
BRDA:15,6,0,2
BRDA:37,7,0,1
BRDA:42,8,0,0
BRF:9
BRH:6
end_of_record
TN:
SF:apps/api-worker/src/controllers/InsightsController.ts
FN:7,summarize
FNF:1
FNH:1
FNDA:2,summarize
DA:1,1
DA:2,1
DA:3,1
DA:6,1
DA:7,1
DA:8,2
DA:9,2
DA:10,2
DA:11,0
DA:12,0
DA:13,0
DA:14,0
DA:15,0
DA:17,2
DA:18,2
DA:19,2
DA:20,2
DA:21,2
DA:22,2
DA:25,2
DA:26,1
DA:27,1
DA:28,1
DA:29,1
DA:30,1
DA:31,1
DA:32,1
DA:34,1
DA:35,1
DA:36,1
DA:37,1
DA:38,1
DA:39,1
DA:40,2
DA:41,0
DA:42,0
DA:43,2
DA:44,1
LF:38
LH:31
BRDA:7,0,0,2
BRDA:10,1,0,0
BRDA:25,2,0,1
BRDA:40,3,0,0
BRF:4
BRH:2
end_of_record
TN:
SF:apps/api-worker/src/controllers/JobsController.ts
FN:5,get
FNF:1
FNH:1
FNDA:3,get
DA:1,1
DA:4,1
DA:5,1
DA:6,3
DA:7,3
DA:8,3
DA:9,3
DA:11,3
DA:12,1
DA:13,1
DA:15,2
DA:16,2
DA:17,2
DA:18,2
DA:19,2
DA:20,1
DA:21,1
DA:22,2
DA:24,2
DA:25,2
DA:26,2
DA:27,2
DA:28,2
DA:29,2
DA:30,2
DA:31,2
DA:32,2
DA:33,3
DA:34,1
LF:29
LH:29
BRDA:5,0,0,3
BRDA:11,1,0,1
BRDA:13,2,0,2
BRDA:19,3,0,1
BRF:4
BRH:4
end_of_record
TN:
SF:apps/api-worker/src/controllers/KnowledgeController.ts
FN:7,list
FN:23,promote
FNF:2
FNH:2
FNDA:1,list
FNDA:1,promote
DA:1,1
DA:2,1
DA:3,1
DA:6,1
DA:7,1
DA:8,1
DA:9,1
DA:10,1
DA:11,1
DA:12,1
DA:14,1
DA:15,1
DA:16,1
DA:17,1
DA:18,1
DA:19,0
DA:20,0
DA:21,1
DA:23,1
DA:24,1
DA:25,1
DA:26,1
DA:27,0
DA:28,0
DA:29,0
DA:30,0
DA:31,0
DA:33,1
DA:34,1
DA:35,1
DA:36,1
DA:37,1
DA:38,0
DA:39,0
DA:40,0
DA:41,0
DA:42,0
DA:43,1
DA:44,1
LF:39
LH:27
BRDA:7,0,0,1
BRDA:9,1,0,0
BRDA:11,2,0,0
BRDA:18,3,0,0
BRDA:23,4,0,1
BRDA:26,5,0,0
BRDA:37,6,0,0
BRF:7
BRH:2
end_of_record
TN:
SF:apps/api-worker/src/controllers/LogsController.ts
FN:9,list
FN:40,clear
FN:58,create
FNF:3
FNH:3
FNDA:2,list
FNDA:2,clear
FNDA:3,create
DA:1,1
DA:4,1
DA:9,1
DA:10,2
DA:12,2
DA:13,2
DA:14,2
DA:15,2
DA:16,2
DA:17,2
DA:19,1
DA:20,1
DA:21,1
DA:22,1
DA:23,1
DA:24,1
DA:25,1
DA:26,1
DA:27,1
DA:28,1
DA:29,1
DA:30,1
DA:31,1
DA:32,1
DA:33,1
DA:34,2
DA:40,1
DA:41,2
DA:42,2
DA:44,1
DA:45,1
DA:46,2
DA:47,2
DA:48,2
DA:49,1
DA:50,1
DA:51,1
DA:52,2
DA:58,1
DA:59,3
DA:60,3
DA:68,3
DA:69,1
DA:70,1
DA:72,2
DA:73,2
DA:75,2
DA:76,2
DA:77,2
DA:78,2
DA:79,2
DA:80,2
DA:81,2
DA:82,2
DA:83,2
DA:84,3
DA:85,3
DA:86,3
DA:87,3
DA:89,1
DA:90,1
DA:91,1
DA:92,1
DA:93,1
DA:94,3
DA:95,1
LF:66
LH:66
BRDA:9,0,0,2
BRDA:17,1,0,1
BRDA:31,2,0,0
BRDA:20,3,0,1
BRDA:40,4,0,2
BRDA:42,5,0,1
BRDA:46,6,0,0
BRDA:48,7,0,1
BRDA:49,8,0,0
BRDA:58,9,0,3
BRDA:68,10,0,1
BRDA:70,11,0,2
BRDA:84,12,0,2
BRDA:85,13,0,2
BRDA:87,14,0,1
BRDA:91,15,0,0
BRF:16
BRH:12
end_of_record
TN:
SF:apps/api-worker/src/controllers/MediaController.ts
FN:5,upload
FN:14,download
FNF:2
FNH:2
FNDA:2,upload
FNDA:3,download
DA:1,1
DA:4,1
DA:5,1
DA:6,2
DA:7,1
DA:10,1
DA:11,2
DA:12,2
DA:14,1
DA:15,3
DA:16,2
DA:18,2
DA:19,3
DA:21,1
DA:22,1
DA:23,1
DA:24,1
DA:26,1
DA:27,3
DA:28,1
LF:20
LH:20
BRDA:5,0,0,2
BRDA:6,1,0,1
BRDA:14,2,0,3
BRDA:15,3,0,1
BRDA:15,4,0,2
BRDA:19,5,0,1
BRF:6
BRH:6
end_of_record
TN:
SF:apps/api-worker/src/controllers/PreferencesController.ts
FN:16,get
FN:43,set
FNF:2
FNH:2
FNDA:5,get
FNDA:5,set
DA:1,1
DA:2,1
DA:3,1
DA:5,1
DA:11,1
DA:12,1
DA:13,1
DA:15,1
DA:16,1
DA:17,5
DA:18,5
DA:21,5
DA:22,1
DA:23,1
DA:25,4
DA:26,4
DA:27,4
DA:28,5
DA:29,2
DA:30,2
DA:31,2
DA:32,2
DA:33,2
DA:34,2
DA:35,2
DA:36,2
DA:37,2
DA:38,5
DA:39,0
DA:40,0
DA:41,5
DA:43,1
DA:44,5
DA:45,5
DA:47,5
DA:48,1
DA:49,1
DA:51,4
DA:52,4
DA:53,5
DA:54,0
DA:55,0
DA:56,0
DA:57,0
DA:58,0
DA:60,4
DA:61,4
DA:62,5
DA:63,2
DA:64,2
DA:65,2
DA:66,2
DA:67,2
DA:68,5
DA:69,0
DA:70,0
DA:71,0
DA:72,0
DA:73,5
DA:74,1
LF:60
LH:49
BRDA:16,0,0,5
BRDA:18,1,0,0
BRDA:21,2,0,1
BRDA:23,3,0,4
BRDA:28,4,0,2
BRDA:38,5,0,0
BRDA:43,6,0,5
BRDA:45,7,0,0
BRDA:47,8,0,1
BRDA:49,9,0,4
BRDA:53,10,0,0
BRDA:58,11,0,4
BRDA:62,12,0,2
BRDA:68,13,0,0
BRF:14
BRH:9
end_of_record
TN:
SF:apps/api-worker/src/controllers/ReceiptsController.ts
FN:5,list
FNF:1
FNH:1
FNDA:2,list
DA:1,1
DA:4,1
DA:5,1
DA:6,2
DA:7,2
DA:8,2
DA:10,2
DA:11,2
DA:12,2
DA:13,2
DA:14,2
DA:15,2
DA:16,1
DA:17,1
DA:19,2
DA:20,2
DA:21,2
DA:22,2
DA:23,2
DA:24,2
DA:25,2
DA:26,2
DA:27,2
DA:28,2
DA:29,1
LF:25
LH:25
BRDA:5,0,0,2
BRDA:11,1,0,2
BRDA:15,2,0,1
BRDA:24,3,0,0
BRF:4
BRH:3
end_of_record
TN:
SF:apps/api-worker/src/controllers/RelationshipsController.ts
FN:10,list
FN:33,create
FNF:2
FNH:2
FNDA:1,list
FNDA:1,create
DA:1,1
DA:2,1
DA:6,1
DA:9,1
DA:10,1
DA:11,1
DA:12,1
DA:13,0
DA:14,0
DA:15,0
DA:16,0
DA:17,0
DA:19,1
DA:20,1
DA:21,1
DA:22,1
DA:23,1
DA:24,1
DA:25,1
DA:26,1
DA:27,1
DA:28,1
DA:29,0
DA:30,0
DA:31,1
DA:33,1
DA:34,1
DA:35,1
DA:36,1
DA:37,0
DA:38,0
DA:39,0
DA:40,0
DA:41,0
DA:43,1
DA:44,1
DA:45,1
DA:46,1
DA:47,1
DA:48,1
DA:49,1
DA:50,1
DA:51,1
DA:52,1
DA:53,1
DA:54,1
DA:55,1
DA:56,1
DA:57,1
DA:58,0
DA:59,0
DA:60,0
DA:61,0
DA:62,0
DA:63,0
DA:64,1
DA:65,1
LF:57
LH:39
BRDA:10,0,0,1
BRDA:12,1,0,0
BRDA:28,2,0,0
BRDA:33,3,0,1
BRDA:36,4,0,0
BRDA:57,5,0,0
BRF:6
BRH:2
end_of_record
TN:
SF:apps/api-worker/src/controllers/RunbooksController.ts
FN:5,hash
FNF:1
FNH:1
FNDA:2,hash
DA:1,1
DA:2,1
DA:4,1
DA:5,1
DA:6,2
DA:7,2
DA:9,1
DA:10,1
DA:11,2
DA:12,1
LF:10
LH:10
BRDA:5,0,0,2
BRDA:7,1,0,1
BRF:2
BRH:2
end_of_record
TN:
SF:apps/api-worker/src/controllers/SemanticController.ts
FN:8,create
FN:35,search
FN:53,summarize
FN:82,hybridSearch
FNF:4
FNH:3
FNDA:2,create
FNDA:3,search
FNDA:2,summarize
FNDA:0,hybridSearch
DA:2,1
DA:3,1
DA:4,1
DA:7,1
DA:8,1
DA:9,2
DA:10,2
DA:12,2
DA:13,1
DA:14,1
DA:15,1
DA:16,1
DA:17,1
DA:19,1
DA:22,1
DA:23,1
DA:24,1
DA:25,2
DA:26,2
DA:27,2
DA:28,0
DA:29,0
DA:30,0
DA:31,0
DA:32,0
DA:33,2
DA:35,1
DA:36,3
DA:37,3
DA:39,2
DA:40,2
DA:41,2
DA:42,2
DA:43,3
DA:44,3
DA:45,1
DA:46,1
DA:47,1
DA:48,1
DA:49,0
DA:50,0
DA:51,3
DA:53,1
DA:54,2
DA:55,2
DA:57,2
DA:58,1
DA:59,1
DA:60,1
DA:61,1
DA:62,1
DA:64,1
DA:66,1
DA:67,1
DA:68,1
DA:69,2
DA:70,2
DA:71,2
DA:72,0
DA:73,0
DA:74,0
DA:75,0
DA:76,2
DA:82,1
DA:83,0
DA:85,0
DA:86,0
DA:87,0
DA:89,0
DA:90,0
DA:91,0
DA:92,0
DA:93,0
DA:94,0
DA:95,0
DA:96,0
DA:97,0
DA:98,0
DA:99,0
DA:100,0
DA:101,1
LF:81
LH:54
BRDA:8,0,0,2
BRDA:12,1,0,1
BRDA:25,2,0,0
BRDA:27,3,0,0
BRDA:15,4,0,3
BRDA:35,5,0,3
BRDA:37,6,0,1
BRDA:37,7,0,2
BRDA:43,8,0,1
BRDA:44,9,0,1
BRDA:47,10,0,0
BRDA:48,11,0,0
BRDA:53,12,0,2
BRDA:57,13,0,1
BRDA:69,14,0,0
BRDA:69,15,0,1
BRDA:71,16,0,0
BRDA:60,17,0,1
BRF:18
BRH:12
end_of_record
TN:
SF:apps/api-worker/src/controllers/VoiceController.ts
FN:10,handle
FNF:1
FNH:1
FNDA:4,handle
DA:2,1
DA:3,1
DA:4,1
DA:5,1
DA:6,1
DA:9,1
DA:10,1
DA:12,4
DA:13,4
DA:14,1
DA:15,1
DA:16,1
DA:17,1
DA:18,1
DA:20,3
DA:21,3
DA:22,4
DA:23,4
DA:24,1
DA:25,1
DA:27,2
DA:28,2
DA:31,2
DA:32,2
DA:33,2
DA:34,4
DA:36,0
DA:37,0
DA:38,0
DA:39,0
DA:40,0
DA:41,0
DA:43,4
DA:44,0
DA:45,0
DA:48,2
DA:49,2
DA:50,2
DA:51,2
DA:52,2
DA:53,2
DA:55,2
DA:56,2
DA:57,2
DA:58,2
DA:60,2
DA:61,2
DA:62,2
DA:63,2
DA:64,2
DA:65,2
DA:66,2
DA:67,2
DA:68,2
DA:69,2
DA:70,2
DA:72,4
DA:73,1
DA:74,1
DA:75,1
DA:76,1
DA:77,1
DA:79,1
DA:80,1
DA:81,1
DA:82,1
DA:83,1
DA:84,1
DA:85,1
DA:86,1
DA:87,1
DA:90,1
DA:91,1
DA:92,1
DA:93,1
DA:94,1
DA:95,1
DA:96,1
DA:97,1
DA:98,4
DA:99,0
DA:100,0
DA:101,0
DA:102,0
DA:103,0
DA:104,0
DA:105,0
DA:106,0
DA:107,0
DA:108,0
DA:109,0
DA:110,0
DA:111,0
DA:114,1
DA:115,1
DA:116,1
DA:118,1
DA:119,1
DA:120,1
DA:121,1
DA:122,1
DA:123,1
DA:124,1
DA:125,4
DA:126,0
DA:127,0
DA:128,0
DA:129,0
DA:130,0
DA:131,0
DA:132,0
DA:134,4
DA:135,0
DA:136,0
DA:139,1
DA:140,1
DA:142,4
DA:143,0
DA:144,0
DA:145,0
DA:146,0
DA:147,0
DA:148,0
DA:149,0
DA:150,0
DA:151,0
DA:152,0
DA:153,0
DA:154,0
DA:155,0
DA:156,0
DA:158,1
DA:159,1
DA:160,1
DA:161,1
DA:162,1
DA:163,1
DA:164,4
DA:165,4
DA:166,4
DA:167,1
LF:141
LH:97
BRDA:10,0,0,4
BRDA:12,1,0,0
BRDA:13,2,0,1
BRDA:18,3,0,3
BRDA:22,4,0,2
BRDA:23,5,0,1
BRDA:25,6,0,2
BRDA:34,7,0,0
BRDA:41,8,0,2
BRDA:43,9,0,0
BRDA:45,10,0,2
BRDA:72,11,0,1
BRDA:95,12,0,0
BRDA:98,13,0,0
BRDA:111,14,0,1
BRDA:124,15,0,0
BRDA:125,16,0,0
BRDA:132,17,0,1
BRDA:134,18,0,0
BRDA:136,19,0,1
BRDA:142,20,0,0
BRDA:156,21,0,1
BRDA:164,22,0,0
BRF:23
BRH:13
end_of_record
TN:
SF:apps/api-worker/src/do/ChatState.ts
FN:14,<instance_members_initializer>
FN:19,ChatState
FN:26,fetch
FN:109,handleSession
FN:168,broadcast
FNF:5
FNH:5
FNDA:3,<instance_members_initializer>
FNDA:3,ChatState
FNDA:2,fetch
FNDA:2,handleSession
FNDA:5,broadcast
DA:1,1
DA:3,1
DA:7,1
DA:14,1
DA:15,3
DA:16,3
DA:17,3
DA:19,3
DA:20,3
DA:21,3
DA:22,3
DA:23,3
DA:24,3
DA:26,3
DA:27,2
DA:28,2
DA:29,1
DA:30,1
DA:32,1
DA:33,2
DA:34,2
DA:35,2
DA:36,2
DA:37,1
DA:38,1
DA:39,1
DA:40,0
DA:41,0
DA:42,2
DA:46,2
DA:47,1
DA:48,1
DA:49,1
DA:50,1
DA:51,1
DA:52,1
DA:53,1
DA:54,1
DA:55,1
DA:56,1
DA:57,1
DA:58,1
DA:59,1
DA:60,1
DA:61,1
DA:62,1
DA:63,1
DA:65,1
DA:66,1
DA:67,1
DA:68,1
DA:69,1
DA:71,0
DA:72,0
DA:73,0
DA:74,0
DA:75,0
DA:76,0
DA:77,0
DA:78,0
DA:79,0
DA:80,0
DA:81,0
DA:82,0
DA:83,0
DA:84,0
DA:85,0
DA:86,0
DA:87,0
DA:88,0
DA:90,0
DA:92,0
DA:97,0
DA:98,0
DA:99,0
DA:100,0
DA:101,0
DA:102,0
DA:103,0
DA:104,0
DA:105,0
DA:106,0
DA:107,2
DA:109,3
DA:111,2
DA:112,2
DA:113,2
DA:116,2
DA:117,4
DA:118,4
DA:120,4
DA:121,4
DA:122,1
DA:123,1
DA:124,1
DA:125,1
DA:127,4
DA:129,1
DA:130,1
DA:131,1
DA:132,1
DA:133,1
DA:135,4
DA:138,1
DA:139,4
DA:140,4
DA:142,1
DA:143,2
DA:145,2
DA:146,1
DA:147,1
DA:150,1
DA:151,1
DA:152,1
DA:153,1
DA:154,1
DA:155,1
DA:156,1
DA:157,1
DA:159,0
DA:160,2
DA:162,2
DA:163,1
DA:164,1
DA:165,2
DA:166,2
DA:168,3
DA:169,5
DA:170,5
DA:171,4
DA:172,4
DA:173,5
DA:174,1
DA:175,1
DA:176,5
DA:177,5
DA:178,3
LF:137
LH:104
BRDA:14,0,0,3
BRDA:19,1,0,3
BRDA:26,2,0,2
BRDA:28,3,0,1
BRDA:28,4,0,1
BRDA:33,5,0,0
BRDA:35,6,0,1
BRDA:46,7,0,1
BRDA:69,8,0,0
BRDA:36,9,0,1
BRDA:39,10,0,0
BRDA:109,11,0,2
BRDA:116,12,0,4
BRDA:121,13,0,1
BRDA:127,14,0,1
BRDA:135,15,0,1
BRDA:140,16,0,1
BRDA:145,17,0,1
BRDA:157,18,0,0
BRDA:162,19,0,1
BRDA:168,20,0,5
BRDA:170,21,0,2
BRDA:170,22,0,1
BRDA:170,23,0,4
BRDA:173,24,0,1
BRF:25
BRH:21
end_of_record
TN:
SF:apps/api-worker/src/lib/ai.ts
FN:11,generateEmbedding
FN:93,generateChatCompletion
FN:140,generateChatCompletionStream
FN:172,transform
FN:221,flush
FN:237,analyzeImage
FNF:6
FNH:6
FNDA:13,generateEmbedding
FNDA:3,generateChatCompletion
FNDA:1,generateChatCompletionStream
FNDA:4,transform
FNDA:1,flush
FNDA:2,analyzeImage
DA:6,1
DA:11,13
DA:12,13
DA:13,13
DA:14,13
DA:15,13
DA:16,13
DA:17,13
DA:22,13
DA:23,13
DA:24,3
DA:25,3
DA:26,10
DA:27,10
DA:38,1
DA:40,1
DA:43,1
DA:46,1
DA:49,1
DA:52,1
DA:53,1
DA:56,1
DA:57,1
DA:58,1
DA:59,1
DA:60,1
DA:93,3
DA:94,3
DA:95,3
DA:96,3
DA:97,3
DA:98,3
DA:99,3
DA:100,3
DA:101,3
DA:104,3
DA:106,3
DA:107,3
DA:108,0
DA:111,3
DA:112,3
DA:113,3
DA:114,3
DA:116,3
DA:117,1
DA:118,1
DA:121,3
DA:124,3
DA:126,3
DA:127,1
DA:128,1
DA:130,2
DA:131,2
DA:132,3
DA:133,3
DA:134,3
DA:140,1
DA:141,1
DA:142,1
DA:143,1
DA:144,1
DA:145,1
DA:146,1
DA:147,1
DA:150,1
DA:152,1
DA:153,0
DA:154,1
DA:157,1
DA:158,1
DA:159,1
DA:160,1
DA:161,1
DA:165,1
DA:169,1
DA:171,1
DA:172,1
DA:175,4
DA:178,4
DA:181,4
DA:182,4
DA:184,4
DA:185,1
DA:186,1
DA:187,1
DA:190,4
DA:191,4
DA:193,3
DA:194,3
DA:195,4
DA:197,2
DA:198,2
DA:199,2
DA:200,2
DA:201,2
DA:202,2
DA:203,4
DA:205,1
DA:206,1
DA:207,1
DA:208,1
DA:209,1
DA:210,1
DA:211,1
DA:212,1
DA:213,4
DA:214,4
DA:216,0
DA:217,0
DA:218,0
DA:219,0
DA:220,4
DA:221,1
DA:223,1
DA:224,1
DA:225,1
DA:227,1
DA:228,1
DA:237,2
DA:238,2
DA:239,2
DA:240,2
DA:241,2
DA:242,2
DA:243,2
DA:244,1
DA:245,1
DA:248,2
DA:250,2
DA:253,2
DA:254,2
DA:255,2
DA:256,2
DA:257,2
DA:259,2
DA:261,2
DA:262,1
DA:263,1
DA:265,2
DA:266,2
LF:140
LH:134
BRDA:11,0,0,13
BRDA:23,1,0,12
BRDA:23,2,0,12
BRDA:23,3,0,3
BRDA:25,4,0,10
BRDA:93,5,0,3
BRDA:101,6,0,0
BRDA:107,7,0,0
BRDA:116,8,0,1
BRDA:116,9,0,1
BRDA:126,10,0,1
BRDA:126,11,0,2
BRDA:126,12,0,1
BRDA:131,13,0,0
BRDA:140,14,0,1
BRDA:147,15,0,0
BRDA:152,16,0,0
BRDA:172,17,0,4
BRDA:184,18,0,1
BRDA:187,19,0,3
BRDA:190,20,0,2
BRDA:190,21,0,1
BRDA:191,22,0,0
BRDA:191,23,0,3
BRDA:195,24,0,2
BRDA:203,25,0,1
BRDA:214,26,0,0
BRDA:181,27,0,8
BRDA:221,28,0,1
BRDA:237,29,0,2
BRDA:243,30,0,1
BRDA:244,31,0,1
BRDA:261,32,0,1
BRDA:261,33,0,1
BRDA:265,34,0,0
BRDA:265,35,0,0
BRDA:244,36,0,2
BRF:37
BRH:28
end_of_record
TN:
SF:apps/api-worker/src/lib/authContext.ts
FN:53,getAuthMode
FN:61,normalizeTeamDomain
FN:70,expectedIssuer
FN:74,base64UrlToBytes
FN:81,decodeJwtPart
FN:87,getCookieValue
FN:98,getAccessAssertionToken
FN:124,fetchJwks
FN:180,importJwkForVerify
FN:190,parseExpectedAudiences
FN:199,audMatches
FN:208,assertJwtClaims
FN:248,verifyAccessJwt
FN:298,authFingerprintFromPrincipal
FN:302,userIdFromEmail
FN:306,getLegacyBearerToken
FN:334,getAuthFingerprintFromAuthContext
FN:339,getAuthContext
FNF:18
FNH:18
FNDA:17,getAuthMode
FNDA:8,normalizeTeamDomain
FNDA:4,expectedIssuer
FNDA:12,base64UrlToBytes
FNDA:8,decodeJwtPart
FNDA:1,getCookieValue
FNDA:16,getAccessAssertionToken
FNDA:5,fetchJwks
FNDA:4,importJwkForVerify
FNDA:4,parseExpectedAudiences
FNDA:4,audMatches
FNDA:4,assertJwtClaims
FNDA:6,verifyAccessJwt
FNDA:2,authFingerprintFromPrincipal
FNDA:4,userIdFromEmail
FNDA:6,getLegacyBearerToken
FNDA:2,getAuthFingerprintFromAuthContext
FNDA:17,getAuthContext
DA:1,1
DA:2,1
DA:47,1
DA:48,1
DA:50,1
DA:51,1
DA:53,17
DA:54,17
DA:55,17
DA:57,17
DA:58,3
DA:59,3
DA:61,8
DA:62,8
DA:63,8
DA:66,8
DA:67,0
DA:68,0
DA:70,4
DA:71,4
DA:72,4
DA:74,12
DA:75,12
DA:76,12
DA:77,12
DA:78,12
DA:79,12
DA:81,8
DA:82,8
DA:83,8
DA:84,8
DA:85,8
DA:87,1
DA:89,1
DA:90,1
DA:91,2
DA:92,2
DA:93,2
DA:94,2
DA:95,0
DA:96,0
DA:98,16
DA:99,16
DA:102,16
DA:104,16
DA:105,16
DA:106,11
DA:108,16
DA:109,5
DA:110,5
DA:113,11
DA:114,16
DA:115,1
DA:116,1
DA:117,1
DA:118,1
DA:119,1
DA:121,10
DA:122,10
DA:124,5
DA:125,5
DA:126,5
DA:127,5
DA:128,2
DA:129,3
DA:130,5
DA:131,5
DA:133,5
DA:134,1
DA:135,1
DA:137,5
DA:138,0
DA:139,0
DA:141,4
DA:142,5
DA:143,0
DA:144,0
DA:145,4
DA:146,4
DA:148,4
DA:149,4
DA:151,4
DA:152,4
DA:153,4
DA:154,4
DA:155,4
DA:156,4
DA:157,0
DA:158,0
DA:159,4
DA:160,4
DA:161,0
DA:162,0
DA:164,4
DA:165,4
DA:166,4
DA:167,4
DA:168,4
DA:170,4
DA:171,4
DA:173,4
DA:174,4
DA:175,4
DA:176,4
DA:177,4
DA:178,5
DA:180,4
DA:181,4
DA:182,4
DA:183,4
DA:184,4
DA:185,4
DA:186,4
DA:187,4
DA:188,4
DA:190,4
DA:193,4
DA:194,4
DA:195,4
DA:196,4
DA:197,4
DA:199,4
DA:200,4
DA:201,4
DA:202,4
DA:204,4
DA:205,4
DA:206,4
DA:208,4
DA:209,4
DA:210,4
DA:211,4
DA:212,4
DA:213,4
DA:214,4
DA:215,4
DA:216,0
DA:217,0
DA:218,0
DA:219,0
DA:220,4
DA:221,4
DA:222,0
DA:223,0
DA:224,4
DA:225,0
DA:226,0
DA:228,4
DA:229,0
DA:230,4
DA:231,4
DA:232,4
DA:234,4
DA:235,4
DA:236,4
DA:237,4
DA:238,0
DA:239,0
DA:240,4
DA:241,0
DA:242,0
DA:243,4
DA:244,0
DA:245,0
DA:246,4
DA:248,6
DA:249,6
DA:250,6
DA:251,2
DA:252,2
DA:253,4
DA:254,4
DA:255,4
DA:257,4
DA:258,0
DA:259,0
DA:260,4
DA:261,0
DA:262,0
DA:264,4
DA:265,4
DA:268,4
DA:269,4
DA:271,4
DA:272,4
DA:273,6
DA:275,1
DA:276,1
DA:277,1
DA:278,4
DA:279,0
DA:280,0
DA:282,4
DA:283,4
DA:284,4
DA:285,4
DA:286,4
DA:287,4
DA:288,4
DA:289,4
DA:290,0
DA:291,0
DA:293,4
DA:294,4
DA:295,4
DA:296,4
DA:298,2
DA:299,2
DA:300,2
DA:302,4
DA:303,4
DA:304,4
DA:306,6
DA:307,6
DA:310,6
DA:311,6
DA:312,6
DA:313,4
DA:314,1
DA:315,1
DA:316,1
DA:317,1
DA:318,1
DA:319,1
DA:320,3
DA:321,3
DA:322,3
DA:325,2
DA:326,2
DA:327,4
DA:328,1
DA:329,1
DA:331,1
DA:332,1
DA:334,1
DA:335,2
DA:336,2
DA:337,2
DA:339,17
DA:340,17
DA:341,17
DA:342,17
DA:343,17
DA:346,17
DA:347,17
DA:348,17
DA:349,17
DA:350,1
DA:351,1
DA:352,1
DA:353,1
DA:354,1
DA:355,17
DA:356,1
DA:357,1
DA:358,1
DA:359,1
DA:360,1
DA:361,1
DA:362,1
DA:363,1
DA:364,1
DA:365,1
DA:368,16
DA:369,17
DA:370,6
DA:371,6
DA:373,4
DA:374,6
DA:375,6
DA:376,6
DA:377,6
DA:378,4
DA:379,0
DA:381,6
DA:382,6
DA:383,6
DA:384,6
DA:385,6
DA:386,6
DA:387,6
DA:388,6
DA:389,6
DA:390,6
DA:391,2
DA:392,2
DA:393,2
DA:394,2
DA:395,2
DA:396,2
DA:397,2
DA:398,2
DA:399,6
DA:401,17
DA:403,4
DA:404,1
DA:405,1
DA:406,1
DA:407,1
DA:408,1
DA:409,1
DA:410,1
DA:411,1
DA:412,3
DA:413,3
DA:414,3
DA:415,3
DA:416,3
DA:417,3
DA:418,3
DA:419,3
DA:422,6
DA:423,17
DA:424,2
DA:425,2
DA:426,2
DA:427,2
DA:428,2
DA:429,2
DA:430,2
DA:431,2
DA:432,2
DA:433,17
DA:434,0
DA:435,0
DA:436,0
DA:437,0
DA:438,0
DA:439,0
DA:440,0
DA:441,17
DA:442,0
DA:443,0
DA:444,0
DA:445,0
DA:446,0
DA:447,0
DA:448,0
DA:450,4
DA:451,4
DA:452,4
DA:453,4
DA:454,4
DA:455,4
DA:456,4
DA:457,4
DA:458,4
LF:347
LH:297
BRDA:53,0,0,17
BRDA:54,1,0,3
BRDA:55,2,0,7
BRDA:55,3,0,7
BRDA:55,4,0,14
BRDA:55,5,0,3
BRDA:57,6,0,4
BRDA:57,7,0,0
BRDA:57,8,0,3
BRDA:61,9,0,8
BRDA:63,10,0,0
BRDA:66,11,0,0
BRDA:70,12,0,4
BRDA:74,13,0,12
BRDA:81,14,0,8
BRDA:87,15,0,1
BRDA:90,16,0,2
BRDA:92,17,0,0
BRDA:93,18,0,1
BRDA:94,19,0,0
BRDA:98,20,0,16
BRDA:105,21,0,11
BRDA:108,22,0,5
BRDA:108,23,0,5
BRDA:110,24,0,11
BRDA:114,25,0,1
BRDA:119,26,0,10
BRDA:124,27,0,5
BRDA:126,28,0,1
BRDA:127,29,0,2
BRDA:128,30,0,3
BRDA:131,31,0,0
BRDA:133,32,0,4
BRDA:133,33,0,1
BRDA:133,34,0,1
BRDA:135,35,0,4
BRDA:137,36,0,3
BRDA:137,37,0,0
BRDA:139,38,0,4
BRDA:142,39,0,0
BRDA:144,40,0,4
BRDA:148,41,0,4
BRDA:156,42,0,0
BRDA:160,43,0,0
BRDA:180,44,0,4
BRDA:190,45,0,4
BRDA:195,46,0,5
BRDA:199,47,0,4
BRDA:200,48,0,0
BRDA:202,49,0,0
BRDA:204,50,0,0
BRDA:208,51,0,4
BRDA:215,52,0,0
BRDA:221,53,0,0
BRDA:224,54,0,0
BRDA:228,55,0,0
BRDA:232,56,0,0
BRDA:237,57,0,0
BRDA:240,58,0,0
BRDA:243,59,0,0
BRDA:248,60,0,6
BRDA:250,61,0,2
BRDA:252,62,0,4
BRDA:257,63,0,0
BRDA:260,64,0,0
BRDA:272,65,0,1
BRDA:273,66,0,4
BRDA:273,67,0,1
BRDA:276,68,0,0
BRDA:278,69,0,0
BRDA:289,70,0,0
BRDA:272,71,0,4
BRDA:276,72,0,1
BRDA:298,73,0,2
BRDA:302,74,0,4
BRDA:306,75,0,6
BRDA:312,76,0,5
BRDA:312,77,0,4
BRDA:313,78,0,1
BRDA:319,79,0,3
BRDA:322,80,0,2
BRDA:327,81,0,1
BRDA:329,82,0,1
BRDA:334,83,0,2
BRDA:335,84,0,0
BRDA:339,85,0,17
BRDA:349,86,0,1
BRDA:350,87,0,1
BRDA:351,88,0,1
BRDA:352,89,0,1
BRDA:353,90,0,1
BRDA:355,91,0,1
BRDA:365,92,0,16
BRDA:369,93,0,6
BRDA:371,94,0,4
BRDA:374,95,0,0
BRDA:376,96,0,0
BRDA:377,97,0,4
BRDA:378,98,0,0
BRDA:390,99,0,2
BRDA:391,100,0,0
BRDA:399,101,0,10
BRDA:401,102,0,12
BRDA:401,103,0,4
BRDA:403,104,0,3
BRDA:403,105,0,3
BRDA:403,106,0,1
BRDA:419,107,0,6
BRDA:423,108,0,4
BRDA:423,109,0,2
BRDA:425,110,0,1
BRDA:425,111,0,1
BRDA:432,112,0,4
BRDA:433,113,0,0
BRDA:440,114,0,4
BRDA:441,115,0,0
BRDA:448,116,0,4
BRF:117
BRH:84
end_of_record
TN:
SF:apps/api-worker/src/lib/base64.ts
FN:6,getNodeBuffer
FN:10,utf8ToBytes
FN:14,bytesToBase64
FN:29,base64ToBytes
FN:43,bytesToBase64Url
FN:50,jsonToBase64Url
FNF:6
FNH:6
FNDA:22,getNodeBuffer
FNDA:10,utf8ToBytes
FNDA:7,bytesToBase64
FNDA:15,base64ToBytes
FNDA:6,bytesToBase64Url
FNDA:4,jsonToBase64Url
DA:6,22
DA:7,22
DA:8,22
DA:10,1
DA:11,10
DA:12,10
DA:14,1
DA:15,7
DA:16,7
DA:17,7
DA:18,7
DA:20,0
DA:21,0
DA:22,0
DA:23,0
DA:24,0
DA:25,0
DA:26,0
DA:27,0
DA:29,1
DA:30,15
DA:31,15
DA:32,15
DA:33,15
DA:35,0
DA:36,0
DA:37,0
DA:38,0
DA:39,0
DA:40,0
DA:41,0
DA:43,1
DA:44,6
DA:45,6
DA:46,6
DA:47,6
DA:48,6
DA:50,1
DA:51,4
DA:52,4
LF:40
LH:25
BRDA:6,0,0,22
BRDA:10,1,0,10
BRDA:14,2,0,7
BRDA:18,3,0,0
BRDA:29,4,0,15
BRDA:33,5,0,0
BRDA:43,6,0,6
BRDA:50,7,0,4
BRF:8
BRH:6
end_of_record
TN:
SF:apps/api-worker/src/lib/gemini.ts
FN:14,generateAssistantReply
FNF:1
FNH:1
FNDA:1,generateAssistantReply
DA:14,1
DA:15,1
DA:16,1
DA:17,1
DA:18,1
DA:19,1
DA:20,0
DA:21,0
DA:23,1
DA:24,1
DA:25,1
DA:26,1
DA:28,1
DA:29,1
DA:30,1
DA:31,1
DA:32,1
DA:33,1
DA:34,1
DA:35,1
DA:36,1
DA:37,1
DA:38,1
DA:39,1
DA:40,1
DA:41,1
DA:42,1
DA:44,1
DA:45,0
DA:46,0
DA:47,0
DA:49,1
DA:50,1
DA:51,1
DA:52,1
DA:53,1
DA:54,1
DA:56,1
DA:57,1
LF:39
LH:34
BRDA:14,0,0,1
BRDA:19,1,0,0
BRDA:44,2,0,0
BRDA:54,3,0,0
BRDA:52,4,0,1
BRDA:52,5,0,0
BRF:6
BRH:2
end_of_record
TN:
SF:apps/api-worker/src/lib/googleAuth.ts
FN:8,toArrayBuffer
FN:31,pemToDer
FN:40,importPrivateKey
FN:54,signJwtRS256
FN:73,loadServiceAccount
FN:84,getGoogleAccessToken
FNF:6
FNH:6
FNDA:4,toArrayBuffer
FNDA:2,pemToDer
FNDA:2,importPrivateKey
FNDA:2,signJwtRS256
FNDA:3,loadServiceAccount
FNDA:4,getGoogleAccessToken
DA:1,1
DA:8,4
DA:9,4
DA:10,4
DA:11,4
DA:12,4
DA:29,1
DA:31,2
DA:32,2
DA:33,2
DA:34,2
DA:35,2
DA:36,2
DA:37,2
DA:38,2
DA:40,2
DA:41,2
DA:42,2
DA:43,2
DA:44,2
DA:45,2
DA:46,2
DA:47,2
DA:48,2
DA:49,2
DA:50,2
DA:51,2
DA:52,2
DA:54,2
DA:55,2
DA:56,2
DA:57,2
DA:58,2
DA:59,2
DA:60,2
DA:61,2
DA:63,2
DA:64,2
DA:65,2
DA:66,2
DA:67,2
DA:68,2
DA:69,2
DA:70,2
DA:71,2
DA:73,3
DA:74,3
DA:75,1
DA:76,1
DA:77,1
DA:78,1
DA:79,2
DA:80,2
DA:81,2
DA:82,2
DA:84,4
DA:85,4
DA:86,4
DA:87,1
DA:88,1
DA:90,3
DA:91,3
DA:92,3
DA:94,3
DA:95,3
DA:96,3
DA:97,3
DA:98,3
DA:99,3
DA:100,3
DA:101,3
DA:102,3
DA:103,3
DA:105,2
DA:106,2
DA:107,2
DA:108,2
DA:110,2
DA:111,2
DA:112,2
DA:113,2
DA:114,2
DA:116,4
DA:117,1
DA:118,1
DA:119,1
DA:121,1
DA:127,1
DA:128,1
DA:129,4
DA:130,4
DA:132,4
DA:133,4
LF:93
LH:93
BRDA:8,0,0,4
BRDA:31,1,0,2
BRDA:35,2,0,6
BRDA:40,3,0,2
BRDA:54,4,0,2
BRDA:73,5,0,3
BRDA:74,6,0,1
BRDA:78,7,0,2
BRDA:84,8,0,4
BRDA:86,9,0,1
BRDA:86,10,0,1
BRDA:88,11,0,3
BRDA:103,12,0,2
BRDA:116,13,0,1
BRDA:129,14,0,0
BRF:15
BRH:14
end_of_record
TN:
SF:apps/api-worker/src/lib/janitor.ts
FN:1,(empty-report)
FNF:1
FNH:1
FNDA:1,(empty-report)
DA:4,0
DA:6,0
DA:11,0
DA:12,0
LF:4
LH:0
BRDA:1,0,0,1
BRF:1
BRH:1
end_of_record
TN:
SF:apps/api-worker/src/lib/logger.ts
FN:1,<instance_members_initializer>
FN:5,Logger
FN:10,log
FN:28,info
FN:32,warn
FN:36,error
FN:40,debug
FNF:7
FNH:5
FNDA:10,<instance_members_initializer>
FNDA:10,Logger
FNDA:20,log
FNDA:18,info
FNDA:2,warn
FNDA:0,error
FNDA:0,debug
DA:1,1
DA:2,10
DA:3,10
DA:5,10
DA:6,10
DA:7,10
DA:8,10
DA:10,10
DA:11,20
DA:12,20
DA:13,20
DA:14,20
DA:15,20
DA:16,20
DA:17,20
DA:18,20
DA:19,20
DA:20,20
DA:21,20
DA:22,20
DA:25,20
DA:26,20
DA:28,10
DA:29,18
DA:30,18
DA:32,10
DA:33,2
DA:34,2
DA:36,10
DA:37,0
DA:38,0
DA:40,10
DA:41,0
DA:42,0
DA:43,10
LF:35
LH:31
BRDA:1,0,0,10
BRDA:5,1,0,10
BRDA:10,2,0,20
BRDA:28,3,0,18
BRDA:32,4,0,2
BRF:5
BRH:5
end_of_record
TN:
SF:apps/api-worker/src/lib/metrics.ts
FN:10,Metrics
FN:16,record
FN:35,trackLatency
FNF:3
FNH:2
FNDA:10,Metrics
FNDA:8,record
FNDA:0,trackLatency
DA:9,1
DA:10,1
DA:16,1
DA:17,8
DA:18,8
DA:19,8
DA:21,0
DA:22,8
DA:23,8
DA:25,8
DA:26,8
DA:27,8
DA:28,8
DA:29,8
DA:30,8
DA:35,1
DA:36,0
DA:37,0
DA:38,0
DA:39,0
DA:40,0
DA:41,0
DA:42,0
DA:43,0
DA:44,0
DA:45,0
DA:46,0
DA:47,0
DA:48,0
DA:49,0
DA:50,0
DA:51,0
DA:52,1
LF:33
LH:16
BRDA:10,0,0,10
BRDA:16,1,0,8
BRDA:19,2,0,0
BRDA:22,3,0,0
BRDA:23,4,0,0
BRF:5
BRH:2
end_of_record
TN:
SF:apps/api-worker/src/lib/preferencesRegistry.ts
FN:13,isKnownPreferenceKey
FN:17,getDefaultPreference
FN:23,validatePreferenceValue
FNF:3
FNH:3
FNDA:10,isKnownPreferenceKey
FNDA:2,getDefaultPreference
FNDA:4,validatePreferenceValue
DA:8,1
DA:9,1
DA:10,1
DA:11,1
DA:13,1
DA:14,10
DA:15,10
DA:17,1
DA:18,2
DA:19,2
DA:20,2
DA:21,2
DA:23,1
DA:24,4
DA:25,4
DA:26,4
DA:27,4
DA:28,4
DA:29,2
DA:30,0
DA:31,0
DA:32,2
DA:33,1
DA:34,1
DA:35,1
DA:36,1
DA:37,1
DA:38,1
DA:39,1
DA:41,4
DA:42,2
DA:43,0
DA:44,0
DA:45,2
DA:46,1
DA:47,1
DA:48,1
DA:49,1
DA:50,1
DA:51,1
DA:52,1
DA:53,4
DA:54,4
LF:43
LH:39
BRDA:13,0,0,10
BRDA:14,1,0,6
BRDA:17,2,0,2
BRDA:23,3,0,4
BRDA:28,4,0,2
BRDA:29,5,0,0
BRDA:32,6,0,1
BRDA:32,7,0,1
BRDA:41,8,0,2
BRDA:42,9,0,0
BRDA:45,10,0,1
BRDA:45,11,0,1
BRF:12
BRH:10
end_of_record
TN:
SF:apps/api-worker/src/lib/queue-processor.ts
FN:30,processMemoryBatch
FN:73,processEpisodic
FN:100,processSemantic
FN:151,processSummarize
FN:185,processEmbed
FNF:5
FNH:5
FNDA:5,processMemoryBatch
FNDA:2,processEpisodic
FNDA:1,processSemantic
FNDA:1,processSummarize
FNDA:1,processEmbed
DA:2,1
DA:4,1
DA:5,1
DA:6,1
DA:30,5
DA:31,5
DA:32,5
DA:33,5
DA:34,5
DA:35,5
DA:36,5
DA:38,5
DA:39,2
DA:40,5
DA:41,1
DA:42,3
DA:43,1
DA:44,1
DA:45,1
DA:46,1
DA:47,0
DA:48,0
DA:49,0
DA:52,4
DA:53,5
DA:54,1
DA:55,1
DA:56,1
DA:57,0
DA:58,0
DA:59,0
DA:60,0
DA:61,0
DA:62,0
DA:64,0
DA:65,1
DA:67,1
DA:68,1
DA:69,1
DA:70,5
DA:71,5
DA:73,2
DA:75,2
DA:76,2
DA:77,2
DA:79,2
DA:80,2
DA:82,2
DA:83,2
DA:84,2
DA:85,2
DA:86,2
DA:87,2
DA:88,2
DA:89,2
DA:90,2
DA:91,2
DA:92,2
DA:93,2
DA:95,2
DA:96,0
DA:97,0
DA:98,2
DA:100,1
DA:102,1
DA:103,1
DA:104,1
DA:105,1
DA:106,1
DA:107,1
DA:108,1
DA:109,1
DA:110,1
DA:111,1
DA:112,0
DA:113,0
DA:114,0
DA:115,1
DA:117,1
DA:118,1
DA:119,1
DA:122,1
DA:123,1
DA:124,1
DA:125,1
DA:126,1
DA:127,1
DA:128,1
DA:129,1
DA:130,1
DA:131,1
DA:132,1
DA:133,1
DA:134,1
DA:136,1
DA:137,1
DA:138,1
DA:139,1
DA:140,1
DA:141,1
DA:142,1
DA:143,1
DA:145,1
DA:146,1
DA:147,1
DA:148,1
DA:149,1
DA:151,1
DA:152,1
DA:153,1
DA:154,1
DA:155,1
DA:158,1
DA:159,1
DA:160,1
DA:161,1
DA:162,1
DA:165,1
DA:166,1
DA:167,1
DA:168,0
DA:170,1
DA:171,1
DA:172,1
DA:173,1
DA:174,1
DA:175,1
DA:178,1
DA:179,1
DA:180,1
DA:181,1
DA:182,1
DA:183,1
DA:185,1
DA:186,1
DA:189,1
DA:190,1
DA:191,1
DA:192,1
DA:193,1
DA:196,1
DA:197,1
DA:198,1
DA:199,1
DA:200,1
DA:201,1
DA:202,1
DA:205,1
DA:206,1
DA:207,1
DA:208,1
DA:209,1
DA:210,1
LF:153
LH:137
BRDA:30,0,0,5
BRDA:38,1,0,2
BRDA:39,2,0,1
BRDA:40,3,0,3
BRDA:40,4,0,1
BRDA:42,5,0,2
BRDA:42,6,0,1
BRDA:46,7,0,0
BRDA:49,8,0,4
BRDA:53,9,0,1
BRDA:56,10,0,0
BRDA:73,11,0,2
BRDA:93,12,0,1
BRDA:95,13,0,0
BRDA:100,14,0,1
BRDA:102,15,0,0
BRDA:111,16,0,0
BRDA:129,17,0,0
BRDA:151,18,0,1
BRDA:167,19,0,0
BRDA:185,20,0,1
BRF:21
BRH:14
end_of_record
TN:
SF:apps/api-worker/src/lib/renderer.ts
FN:4,renderChatToPdf
FNF:1
FNH:1
FNDA:2,renderChatToPdf
DA:1,1
DA:4,2
DA:5,2
DA:6,2
DA:7,2
DA:8,2
DA:9,1
DA:10,1
DA:12,1
DA:13,1
DA:15,1
DA:18,1
DA:19,1
DA:26,1
DA:28,1
DA:29,1
DA:30,1
DA:31,1
DA:32,1
DA:33,1
DA:34,1
DA:35,1
DA:36,1
DA:37,1
DA:39,1
DA:41,1
DA:42,1
LF:27
LH:27
BRDA:4,0,0,2
BRDA:8,1,0,1
BRF:2
BRH:2
end_of_record
TN:
SF:apps/api-worker/src/lib/schemas.ts
FN:39,__vite_ssr_import_0__.z.object.refine.message
FN:113,__vite_ssr_import_0__.z.object.limit.__vite_ssr_import_0__.z.string.optional.transform.refine.message
FN:121,__vite_ssr_import_0__.z.object.since.__vite_ssr_import_0__.z.string.optional.transform.refine.message
FNF:3
FNH:3
FNDA:3,__vite_ssr_import_0__.z.object.refine.message
FNDA:1,__vite_ssr_import_0__.z.object.limit.__vite_ssr_import_0__.z.string.optional.transform.refine.message
FNDA:1,__vite_ssr_import_0__.z.object.since.__vite_ssr_import_0__.z.string.optional.transform.refine.message
DA:1,1
DA:3,1
DA:4,1
DA:5,1
DA:6,1
DA:7,1
DA:8,1
DA:9,1
DA:10,1
DA:11,1
DA:12,1
DA:13,1
DA:14,1
DA:15,1
DA:17,1
DA:18,1
DA:19,1
DA:20,1
DA:21,1
DA:22,1
DA:23,1
DA:24,1
DA:25,1
DA:26,1
DA:27,1
DA:28,1
DA:29,1
DA:30,1
DA:32,1
DA:33,1
DA:34,1
DA:35,1
DA:36,1
DA:37,1
DA:38,1
DA:39,1
DA:40,3
DA:41,2
DA:42,1
DA:43,1
DA:44,1
DA:45,1
DA:46,1
DA:48,1
DA:49,1
DA:50,1
DA:51,1
DA:52,1
DA:53,1
DA:54,1
DA:55,1
DA:56,1
DA:57,1
DA:58,1
DA:59,1
DA:60,1
DA:62,1
DA:63,1
DA:64,1
DA:65,1
DA:66,1
DA:67,1
DA:68,1
DA:69,1
DA:70,1
DA:71,1
DA:72,1
DA:73,1
DA:74,1
DA:75,1
DA:77,1
DA:78,1
DA:79,1
DA:80,1
DA:82,1
DA:83,1
DA:84,1
DA:86,1
DA:87,1
DA:88,1
DA:89,1
DA:91,1
DA:92,1
DA:93,1
DA:94,1
DA:95,1
DA:96,1
DA:98,1
DA:99,1
DA:100,1
DA:101,1
DA:102,1
DA:103,1
DA:104,1
DA:106,1
DA:107,1
DA:108,1
DA:109,1
DA:110,1
DA:111,1
DA:112,1
DA:113,1
DA:114,1
DA:115,1
DA:116,1
DA:117,1
DA:118,1
DA:119,1
DA:120,1
DA:121,1
DA:122,1
DA:123,1
DA:124,1
DA:125,1
DA:127,1
DA:128,1
DA:129,1
DA:130,1
DA:131,1
DA:132,1
DA:133,1
DA:134,1
DA:135,1
DA:136,1
DA:137,1
LF:125
LH:125
BRDA:39,0,0,3
BRDA:40,1,0,2
BRDA:41,2,0,1
BRDA:112,3,0,1
BRDA:112,4,0,0
BRDA:113,5,0,1
BRDA:116,6,0,1
BRDA:116,7,0,0
BRDA:120,8,0,1
BRDA:120,9,0,0
BRDA:121,10,0,1
BRDA:124,11,0,1
BRDA:124,12,0,0
BRF:13
BRH:9
end_of_record
TN:
SF:apps/api-worker/src/lib/speechToText.ts
FN:19,toBase64
FN:23,readFileAsBytes
FN:39,transcribeAudio
FNF:3
FNH:2
FNDA:1,toBase64
FNDA:0,readFileAsBytes
FNDA:3,transcribeAudio
DA:1,1
DA:2,1
DA:19,1
DA:20,1
DA:21,1
DA:23,0
DA:24,0
DA:25,0
DA:26,0
DA:27,0
DA:39,3
DA:40,3
DA:41,3
DA:42,3
DA:43,3
DA:44,3
DA:46,3
DA:52,3
DA:53,2
DA:54,2
DA:55,2
DA:56,0
DA:57,0
DA:58,0
DA:59,3
DA:60,0
DA:61,1
DA:62,0
DA:63,0
DA:64,1
DA:65,1
DA:66,1
DA:68,3
DA:69,3
DA:70,3
DA:71,3
DA:72,3
DA:74,3
DA:76,3
DA:77,3
DA:78,3
DA:79,3
DA:80,3
DA:81,3
DA:82,3
DA:83,3
DA:84,3
DA:85,3
DA:86,3
DA:88,3
DA:89,1
DA:90,1
DA:91,1
DA:93,2
DA:106,3
DA:107,1
DA:108,1
DA:109,1
DA:110,1
DA:111,2
DA:112,2
DA:113,2
DA:114,2
DA:115,2
DA:116,2
DA:117,2
DA:118,1
DA:119,1
DA:120,1
DA:122,3
DA:123,3
DA:124,3
DA:125,3
DA:126,3
LF:74
LH:63
BRDA:19,0,0,1
BRDA:39,1,0,3
BRDA:52,2,0,2
BRDA:55,3,0,0
BRDA:59,4,0,1
BRDA:59,5,0,0
BRDA:61,6,0,0
BRDA:74,7,0,1
BRDA:88,8,0,1
BRDA:91,9,0,2
BRDA:106,10,0,1
BRDA:108,11,0,0
BRDA:110,12,0,0
BRDA:110,13,0,2
BRDA:112,14,0,1
BRDA:113,15,0,1
BRDA:115,16,0,1
BRDA:115,17,0,1
BRDA:116,18,0,1
BRDA:122,19,0,0
BRDA:123,20,0,1
BRDA:123,21,0,0
BRF:22
BRH:15
end_of_record
TN:
SF:apps/api-worker/src/lib/textToSpeech.ts
FN:8,synthesizeSpeech
FNF:1
FNH:1
FNDA:1,synthesizeSpeech
DA:1,1
DA:2,1
DA:8,1
DA:9,1
DA:10,1
DA:11,1
DA:12,1
DA:14,1
DA:15,1
DA:16,1
DA:17,1
DA:18,1
DA:19,1
DA:20,1
DA:21,1
DA:22,1
DA:23,1
DA:24,1
DA:25,1
DA:26,1
DA:27,1
DA:28,1
DA:30,1
DA:31,0
DA:32,0
DA:33,0
DA:35,1
DA:36,1
DA:37,1
DA:38,1
LF:30
LH:27
BRDA:8,0,0,1
BRDA:30,1,0,0
BRDA:36,2,0,0
BRF:3
BRH:1
end_of_record
TN:
SF:apps/api-worker/src/lib/tools.ts
FN:41,executeTool
FNF:1
FNH:0
FNDA:0,executeTool
DA:1,1
DA:2,1
DA:5,1
DA:6,1
DA:7,1
DA:8,1
DA:9,1
DA:10,1
DA:11,1
DA:12,1
DA:13,1
DA:14,1
DA:15,1
DA:16,1
DA:17,1
DA:18,1
DA:19,1
DA:20,1
DA:21,1
DA:22,1
DA:23,1
DA:24,1
DA:25,1
DA:26,1
DA:27,1
DA:28,1
DA:29,1
DA:30,1
DA:31,1
DA:32,1
DA:33,1
DA:34,1
DA:35,1
DA:36,1
DA:37,1
DA:38,1
DA:39,1
DA:41,0
DA:42,0
DA:43,0
DA:44,0
DA:45,0
DA:46,0
DA:47,0
DA:48,0
DA:49,0
DA:50,0
DA:51,0
DA:52,0
DA:53,0
DA:54,0
DA:55,0
DA:56,0
DA:57,0
DA:58,0
DA:59,0
DA:60,0
DA:61,0
DA:62,0
DA:63,0
DA:64,0
DA:65,0
DA:66,0
DA:67,0
DA:68,0
DA:69,0
LF:66
LH:37
BRF:0
BRH:0
end_of_record
TN:
SF:apps/api-worker/src/lib/vectorStore.ts
FN:38,getStringEnvValue
FN:43,isTestEnv
FN:53,insert
FN:57,query
FN:66,VectorizeVectorStore
FN:68,insert
FN:72,query
FN:80,getVectorStore
FNF:8
FNH:8
FNDA:40,getStringEnvValue
FNDA:14,isTestEnv
FNDA:1,insert
FNDA:1,query
FNDA:9,VectorizeVectorStore
FNDA:2,insert
FNDA:6,query
FNDA:12,getVectorStore
DA:38,40
DA:39,40
DA:40,40
DA:41,40
DA:43,1
DA:44,14
DA:45,14
DA:46,13
DA:47,13
DA:49,14
DA:50,14
DA:52,1
DA:53,1
DA:55,1
DA:57,1
DA:58,1
DA:59,1
DA:60,1
DA:61,1
DA:62,1
DA:63,1
DA:65,1
DA:66,1
DA:68,1
DA:69,2
DA:70,2
DA:72,1
DA:73,6
DA:74,6
DA:75,6
DA:76,6
DA:77,6
DA:78,1
DA:80,1
DA:81,12
DA:83,10
DA:84,10
DA:85,10
DA:87,12
DA:88,9
DA:89,9
LF:41
LH:41
BRDA:38,0,0,40
BRDA:40,1,0,5
BRDA:40,2,0,35
BRDA:43,3,0,14
BRDA:45,4,0,13
BRDA:46,5,0,13
BRDA:53,6,0,1
BRDA:57,7,0,1
BRDA:66,8,0,9
BRDA:68,9,0,2
BRDA:72,10,0,6
BRDA:80,11,0,12
BRDA:81,12,0,2
BRDA:81,13,0,10
BRDA:87,14,0,11
BRDA:87,15,0,1
BRDA:87,16,0,9
BRF:17
BRH:17
end_of_record
TN:
SF:apps/api-worker/src/lib/workersAiStt.ts
FN:22,transcribeWithWhisper
FN:39,transcribeWithTimestamps
FNF:2
FNH:2
FNDA:2,transcribeWithWhisper
FNDA:1,transcribeWithTimestamps
DA:22,2
DA:23,2
DA:24,2
DA:25,2
DA:26,2
DA:27,2
DA:28,2
DA:30,2
DA:31,2
DA:39,1
DA:40,1
DA:41,1
DA:42,1
DA:43,1
DA:44,1
DA:45,1
DA:47,1
DA:48,1
LF:18
LH:18
BRDA:22,0,0,2
BRDA:30,1,0,1
BRDA:39,2,0,1
BRF:3
BRH:3
end_of_record
TN:
SF:apps/api-worker/src/lib/workersAiTts.ts
FN:1,(empty-report)
FNF:1
FNH:1
FNDA:1,(empty-report)
DA:23,0
DA:24,0
DA:25,0
DA:26,0
DA:34,0
DA:35,0
DA:36,0
DA:39,0
DA:40,0
DA:46,0
DA:47,0
DA:48,0
LF:12
LH:0
BRDA:1,0,0,1
BRF:1
BRH:1
end_of_record
TN:
SF:apps/api-worker/src/lib/wsDeny.ts
FN:1,createPolicyCloseWebSocketUpgradeResponse
FNF:1
FNH:1
FNDA:1,createPolicyCloseWebSocketUpgradeResponse
DA:1,1
DA:4,1
DA:8,1
DA:9,1
DA:10,1
DA:15,1
DA:16,1
DA:17,1
DA:18,1
DA:19,1
DA:20,1
DA:21,1
DA:22,1
DA:23,1
DA:24,1
DA:25,1
LF:16
LH:16
BRDA:1,0,0,1
BRF:1
BRH:1
end_of_record
TN:
SF:apps/api-worker/src/middleware/auth.ts
FN:9,withAuth
FNF:1
FNH:1
FNDA:4,withAuth
DA:1,1
DA:3,1
DA:9,1
DA:11,4
DA:12,4
DA:13,4
DA:15,4
DA:16,4
DA:18,4
DA:19,4
DA:20,4
DA:21,4
DA:22,0
DA:23,0
DA:24,4
DA:26,4
DA:28,2
DA:29,2
DA:30,2
DA:31,2
DA:32,2
DA:33,2
DA:34,2
DA:35,2
DA:36,2
DA:37,2
DA:38,2
DA:39,2
DA:40,2
DA:41,0
DA:42,0
DA:43,0
DA:44,0
DA:45,0
DA:46,0
DA:47,0
DA:48,0
DA:49,0
DA:51,2
DA:52,2
DA:55,2
DA:56,2
DA:57,2
DA:58,2
DA:61,4
DA:62,0
DA:63,0
DA:64,0
DA:65,0
DA:66,0
DA:67,0
DA:68,0
DA:69,0
DA:70,0
DA:71,0
DA:72,0
DA:73,0
DA:74,0
DA:75,0
DA:78,2
DA:79,4
DA:80,4
LF:62
LH:37
BRDA:9,0,0,4
BRDA:11,1,0,4
BRDA:26,2,0,2
BRDA:40,3,0,0
BRDA:61,4,0,0
BRDA:61,5,0,0
BRDA:75,6,0,2
BRDA:18,7,0,4
BRDA:21,8,0,0
BRF:9
BRH:5
end_of_record
TN:
SF:apps/api-worker/src/middleware/context.ts
FN:19,sanitizeUrlForLogs
FN:34,withContext
FNF:2
FNH:2
FNDA:10,sanitizeUrlForLogs
FNDA:10,withContext
DA:2,1
DA:3,1
DA:5,1
DA:19,10
DA:20,10
DA:21,10
DA:23,10
DA:24,32
DA:25,0
DA:26,0
DA:27,32
DA:28,8
DA:29,10
DA:30,2
DA:31,2
DA:32,10
DA:34,1
DA:35,10
DA:36,10
DA:40,10
DA:41,8
DA:42,2
DA:44,10
DA:45,10
DA:46,10
DA:47,10
DA:48,10
DA:49,10
DA:50,10
DA:53,10
DA:54,10
DA:55,10
DA:56,10
DA:57,10
DA:58,10
DA:59,10
LF:36
LH:34
BRDA:19,0,0,10
BRDA:23,1,0,8
BRDA:23,2,0,32
BRDA:24,3,0,0
BRDA:29,4,0,2
BRDA:34,5,0,10
BRDA:36,6,0,9
BRDA:40,7,0,8
BRDA:41,8,0,2
BRF:9
BRH:8
end_of_record
TN:
SF:apps/api-worker/src/middleware/cors.ts
FN:3,getCorsHeaders
FNF:1
FNH:1
FNDA:16,getCorsHeaders
DA:3,1
DA:4,16
DA:5,16
DA:6,16
DA:7,16
DA:9,16
DA:10,16
DA:11,16
DA:12,16
DA:13,16
DA:15,16
DA:16,16
DA:17,16
DA:18,16
DA:19,16
DA:20,16
DA:21,16
DA:23,16
DA:24,16
DA:25,16
DA:26,16
DA:31,16
DA:32,12
DA:33,12
DA:34,12
DA:35,12
DA:36,12
DA:37,12
DA:38,10
DA:39,1
DA:40,16
DA:42,16
DA:43,16
DA:44,16
DA:45,91
DA:46,91
DA:47,16
DA:48,16
DA:49,16
DA:53,16
DA:54,16
DA:55,11
DA:56,9
DA:57,2
DA:58,5
DA:60,16
DA:61,16
DA:62,16
DA:63,16
DA:64,16
DA:65,16
DA:66,16
DA:68,16
DA:70,14
DA:71,14
DA:72,14
DA:73,14
DA:74,16
DA:75,9
DA:76,9
DA:77,9
DA:78,5
DA:79,4
DA:80,0
DA:81,9
DA:82,5
DA:83,16
DA:84,16
LF:68
LH:67
BRDA:3,0,0,16
BRDA:23,1,0,11
BRDA:53,2,0,11
BRDA:53,3,0,5
BRDA:54,4,0,11
BRDA:55,5,0,9
BRDA:56,6,0,2
BRDA:57,7,0,5
BRDA:68,8,0,2
BRDA:68,9,0,14
BRDA:74,10,0,5
BRDA:74,11,0,9
BRDA:77,12,0,5
BRDA:78,13,0,4
BRDA:79,14,0,0
BRDA:81,15,0,5
BRDA:25,16,0,23
BRDA:31,17,0,12
BRDA:33,18,0,10
BRDA:33,19,0,4
BRDA:33,20,0,8
BRDA:34,21,0,1
BRDA:34,22,0,7
BRDA:35,23,0,1
BRDA:35,24,0,6
BRDA:36,25,0,0
BRDA:36,26,0,6
BRDA:37,27,0,0
BRDA:37,28,0,10
BRDA:37,29,0,6
BRDA:38,30,0,5
BRDA:38,31,0,1
BRDA:44,32,0,91
BRF:33
BRH:30
end_of_record
TN:
SF:apps/api-worker/src/middleware/errorHandler.ts
FN:3,errorHandler
FNF:1
FNH:1
FNDA:2,errorHandler
DA:1,1
DA:3,1
DA:4,2
DA:5,2
DA:6,2
DA:7,2
LF:6
LH:6
BRDA:3,0,0,2
BRDA:5,1,0,1
BRDA:5,2,0,1
BRF:3
BRH:3
end_of_record
TN:
SF:apps/api-worker/src/middleware/rateLimit.ts
FN:20,withRateLimit
FN:122,cleanupRateLimits
FNF:2
FNH:1
FNDA:5,withRateLimit
FNDA:0,cleanupRateLimits
DA:10,1
DA:11,1
DA:12,1
DA:13,1
DA:14,1
DA:20,5
DA:21,5
DA:22,5
DA:23,5
DA:24,5
DA:25,5
DA:28,5
DA:29,5
DA:30,1
DA:31,0
DA:34,5
DA:35,5
DA:36,5
DA:38,5
DA:43,5
DA:44,5
DA:49,5
DA:52,5
DA:53,5
DA:54,5
DA:55,5
DA:56,5
DA:58,5
DA:60,3
DA:62,2
DA:63,1
DA:64,1
DA:65,1
DA:66,1
DA:67,1
DA:68,1
DA:69,1
DA:70,1
DA:71,1
DA:72,1
DA:73,1
DA:74,1
DA:75,1
DA:76,1
DA:77,1
DA:78,1
DA:79,1
DA:80,1
DA:81,1
DA:82,1
DA:83,1
DA:84,1
DA:85,1
DA:88,1
DA:89,1
DA:90,1
DA:91,1
DA:92,1
DA:93,3
DA:95,1
DA:96,1
DA:97,1
DA:98,1
DA:99,1
DA:100,1
DA:101,5
DA:103,2
DA:104,2
DA:105,2
DA:106,2
DA:107,2
DA:108,2
DA:111,4
DA:112,5
DA:114,0
DA:115,0
DA:116,0
DA:117,5
DA:122,0
DA:123,0
DA:124,0
DA:125,0
DA:127,0
DA:128,0
DA:129,0
DA:130,0
DA:131,0
DA:132,0
DA:134,0
DA:135,0
DA:136,0
DA:137,0
DA:138,0
LF:93
LH:74
BRDA:20,0,0,5
BRDA:25,1,0,0
BRDA:29,2,0,1
BRDA:30,3,0,0
BRDA:58,4,0,3
BRDA:60,5,0,2
BRDA:62,6,0,1
BRDA:93,7,0,1
BRDA:101,8,0,2
BRDA:108,9,0,4
BRDA:112,10,0,0
BRF:11
BRH:8
end_of_record
TN:
SF:apps/api-worker/src/services/AnalyticsService.ts
FN:37,startOfDayUTC
FN:42,formatDayUTC
FN:50,tokenize
FN:117,AnalyticsService
FN:119,getDailyCounts
FN:163,upsert
FN:222,getRangeSummary
FN:257,getCnt
FN:269,getTopics
FN:296,getAiUsage30d
FN:318,dashboard
FNF:11
FNH:11
FNDA:3,startOfDayUTC
FNDA:7,formatDayUTC
FNDA:3,tokenize
FNDA:1,AnalyticsService
FNDA:1,getDailyCounts
FNDA:5,upsert
FNDA:3,getRangeSummary
FNDA:12,getCnt
FNDA:1,getTopics
FNDA:1,getAiUsage30d
FNDA:1,dashboard
DA:37,3
DA:38,3
DA:39,3
DA:40,3
DA:42,7
DA:43,7
DA:44,7
DA:45,7
DA:46,7
DA:47,7
DA:48,7
DA:50,3
DA:51,3
DA:52,3
DA:53,3
DA:54,3
DA:55,3
DA:56,3
DA:57,3
DA:59,1
DA:60,1
DA:61,1
DA:62,1
DA:63,1
DA:64,1
DA:65,1
DA:66,1
DA:67,1
DA:68,1
DA:69,1
DA:70,1
DA:71,1
DA:72,1
DA:73,1
DA:74,1
DA:75,1
DA:76,1
DA:77,1
DA:78,1
DA:79,1
DA:80,1
DA:81,1
DA:82,1
DA:83,1
DA:84,1
DA:85,1
DA:86,1
DA:87,1
DA:88,1
DA:89,1
DA:90,1
DA:91,1
DA:92,1
DA:93,1
DA:94,1
DA:95,1
DA:96,1
DA:97,1
DA:98,1
DA:99,1
DA:100,1
DA:101,1
DA:102,1
DA:103,1
DA:104,1
DA:105,1
DA:106,1
DA:107,1
DA:108,1
DA:109,1
DA:110,1
DA:111,1
DA:112,1
DA:113,1
DA:114,1
DA:116,1
DA:117,1
DA:119,1
DA:127,1
DA:128,1
DA:129,1
DA:130,1
DA:131,1
DA:132,1
DA:134,1
DA:135,1
DA:136,1
DA:137,1
DA:138,1
DA:140,1
DA:141,1
DA:142,1
DA:143,1
DA:144,1
DA:146,1
DA:147,1
DA:148,1
DA:149,1
DA:150,1
DA:152,1
DA:161,1
DA:163,1
DA:164,5
DA:165,2
DA:166,2
DA:167,2
DA:168,2
DA:169,2
DA:170,2
DA:171,2
DA:172,2
DA:173,5
DA:174,5
DA:176,1
DA:177,2
DA:178,2
DA:179,2
DA:180,1
DA:181,1
DA:182,1
DA:183,1
DA:184,1
DA:185,1
DA:186,1
DA:187,1
DA:188,1
DA:189,1
DA:190,1
DA:191,1
DA:194,1
DA:200,1
DA:202,1
DA:203,1
DA:204,7
DA:205,7
DA:206,7
DA:207,2
DA:208,7
DA:209,5
DA:210,5
DA:211,5
DA:212,5
DA:213,5
DA:214,5
DA:215,5
DA:216,5
DA:217,7
DA:219,1
DA:220,1
DA:222,1
DA:223,3
DA:224,3
DA:225,3
DA:226,3
DA:227,3
DA:228,1
DA:229,2
DA:230,1
DA:231,1
DA:233,3
DA:234,3
DA:235,3
DA:236,3
DA:237,3
DA:239,3
DA:240,3
DA:241,3
DA:242,3
DA:243,3
DA:245,3
DA:246,3
DA:247,3
DA:248,3
DA:249,3
DA:251,3
DA:252,3
DA:253,3
DA:254,3
DA:255,3
DA:257,3
DA:258,12
DA:260,3
DA:261,3
DA:262,3
DA:263,3
DA:264,3
DA:265,3
DA:266,3
DA:267,3
DA:269,1
DA:271,1
DA:272,1
DA:273,1
DA:274,1
DA:275,1
DA:277,1
DA:279,1
DA:280,3
DA:281,3
DA:282,14
DA:283,14
DA:284,14
DA:285,14
DA:286,3
DA:288,1
DA:289,1
DA:290,1
DA:291,1
DA:293,1
DA:294,1
DA:296,1
DA:299,1
DA:300,1
DA:302,1
DA:303,1
DA:304,1
DA:305,1
DA:306,1
DA:308,1
DA:309,1
DA:310,1
DA:312,1
DA:313,1
DA:314,1
DA:315,1
DA:316,1
DA:318,1
DA:319,1
DA:320,1
DA:322,1
DA:323,1
DA:324,1
DA:325,1
DA:326,1
DA:327,1
DA:329,1
DA:330,1
DA:332,1
DA:333,1
DA:334,1
DA:335,7
DA:336,7
DA:337,7
DA:338,7
DA:339,7
DA:340,1
DA:341,1
DA:342,1
DA:343,1
DA:344,1
DA:345,1
DA:346,1
LF:252
LH:252
BRDA:37,0,0,3
BRDA:42,1,0,7
BRDA:50,2,0,3
BRDA:55,3,0,14
BRDA:117,4,0,1
BRDA:119,5,0,1
BRDA:176,6,0,2
BRDA:178,7,0,0
BRDA:182,8,0,0
BRDA:186,9,0,0
BRDA:190,10,0,0
BRDA:203,11,0,7
BRDA:206,12,0,2
BRDA:208,13,0,5
BRDA:163,14,0,5
BRDA:164,15,0,2
BRDA:222,16,0,3
BRDA:227,17,0,1
BRDA:228,18,0,2
BRDA:229,19,0,1
BRDA:230,20,0,1
BRDA:257,21,0,12
BRDA:258,22,0,0
BRDA:269,23,0,1
BRDA:279,24,0,3
BRDA:280,25,0,0
BRDA:281,26,0,14
BRDA:282,27,0,0
BRDA:283,28,0,6
BRDA:283,29,0,8
BRDA:284,30,0,7
BRDA:289,31,0,7
BRDA:290,32,0,6
BRDA:296,33,0,1
BRDA:308,34,0,0
BRDA:309,35,0,0
BRDA:310,36,0,0
BRDA:314,37,0,0
BRDA:318,38,0,1
BRDA:334,39,0,7
BRF:40
BRH:29
end_of_record
TN:
SF:apps/api-worker/src/services/ChatService.ts
FN:17,ChatService
FN:19,selectRelevantMemories
FN:69,processMessage
FNF:3
FNH:3
FNDA:2,ChatService
FNDA:2,selectRelevantMemories
FNDA:2,processMessage
DA:1,1
DA:2,1
DA:3,1
DA:4,1
DA:5,1
DA:6,1
DA:16,1
DA:17,1
DA:19,1
DA:20,2
DA:21,2
DA:22,2
DA:23,2
DA:24,2
DA:27,2
DA:28,2
DA:29,2
DA:30,1
DA:31,0
DA:32,0
DA:33,0
DA:34,0
DA:35,1
DA:36,1
DA:38,1
DA:41,1
DA:42,1
DA:43,1
DA:44,1
DA:45,1
DA:47,2
DA:49,1
DA:50,1
DA:52,1
DA:53,1
DA:54,1
DA:55,1
DA:56,1
DA:58,1
DA:59,1
DA:60,2
DA:61,2
DA:62,1
DA:63,1
DA:64,1
DA:65,2
DA:67,2
DA:69,1
DA:70,2
DA:71,2
DA:72,2
DA:73,2
DA:74,2
DA:75,2
DA:80,2
DA:81,2
DA:82,2
DA:83,2
DA:84,0
DA:85,0
DA:86,2
DA:88,1
DA:90,2
DA:91,2
DA:92,2
DA:93,2
DA:94,2
DA:95,2
DA:96,1
DA:97,1
DA:98,2
DA:100,0
DA:101,2
DA:103,2
DA:104,2
DA:105,1
DA:106,1
DA:109,2
DA:110,2
DA:111,2
DA:112,2
DA:115,2
DA:116,2
DA:117,1
DA:118,1
DA:119,1
DA:120,1
DA:121,1
DA:123,2
DA:125,2
DA:126,1
DA:127,1
DA:128,1
DA:134,0
DA:136,0
DA:137,0
DA:138,0
DA:139,0
DA:140,1
DA:142,1
DA:143,1
DA:145,1
DA:146,2
DA:147,2
DA:148,2
DA:149,2
DA:150,2
DA:151,2
DA:152,2
DA:154,2
DA:155,2
DA:156,2
DA:158,2
DA:159,1
DA:160,1
DA:161,1
DA:162,1
DA:164,1
DA:165,1
DA:166,1
DA:167,1
DA:168,1
DA:169,1
DA:170,1
DA:171,1
DA:172,1
DA:173,1
DA:174,1
DA:175,1
DA:176,0
DA:177,0
DA:178,0
DA:179,0
DA:180,0
DA:181,0
DA:182,1
DA:183,1
DA:184,1
DA:185,1
DA:186,1
DA:187,1
DA:188,1
DA:190,2
DA:191,0
DA:192,0
DA:195,1
DA:196,1
DA:197,1
DA:198,1
DA:199,1
DA:200,1
DA:201,1
DA:203,1
DA:204,1
DA:206,1
DA:207,1
DA:208,1
DA:209,1
DA:210,1
DA:211,1
DA:212,1
DA:213,1
DA:214,1
DA:215,2
DA:216,2
DA:217,2
DA:219,1
DA:220,1
DA:221,1
DA:222,1
DA:223,1
DA:224,1
DA:225,2
DA:226,1
LF:174
LH:154
BRDA:17,0,0,2
BRDA:19,1,0,2
BRDA:24,2,0,0
BRDA:29,3,0,1
BRDA:47,4,0,0
BRDA:47,5,0,1
BRDA:65,6,0,0
BRDA:44,7,0,2
BRDA:49,8,0,2
BRDA:50,9,0,2
BRDA:61,10,0,1
BRDA:64,11,0,0
BRDA:69,12,0,2
BRDA:82,13,0,1
BRDA:83,14,0,0
BRDA:83,15,0,0
BRDA:83,16,0,0
BRDA:86,17,0,1
BRDA:95,18,0,1
BRDA:95,19,0,1
BRDA:98,20,0,0
BRDA:104,21,0,1
BRDA:110,22,0,0
BRDA:116,23,0,1
BRDA:125,24,0,1
BRDA:128,25,0,0
BRDA:145,26,0,2
BRDA:158,27,0,1
BRDA:158,28,0,1
BRDA:161,29,0,0
BRDA:175,30,0,0
BRDA:190,31,0,0
BRDA:192,32,0,1
BRDA:215,33,0,0
BRDA:217,34,0,1
BRDA:118,35,0,1
BRDA:203,36,0,1
BRF:37
BRH:23
end_of_record
TN:
SF:apps/api-worker/src/services/ConversationsService.ts
FN:12,ConversationsService
FN:14,list
FN:30,create
FN:45,rename
FN:69,touch
FN:78,delete
FNF:6
FNH:5
FNDA:4,ConversationsService
FNDA:1,list
FNDA:0,create
FNDA:3,rename
FNDA:1,touch
FNDA:2,delete
DA:11,1
DA:12,1
DA:14,1
DA:15,1
DA:16,1
DA:17,1
DA:18,1
DA:19,1
DA:21,1
DA:22,2
DA:23,2
DA:24,2
DA:25,2
DA:26,2
DA:27,1
DA:28,1
DA:30,1
DA:31,0
DA:32,0
DA:33,0
DA:34,0
DA:36,0
DA:37,0
DA:38,0
DA:39,0
DA:40,0
DA:42,0
DA:43,0
DA:45,1
DA:46,3
DA:47,3
DA:48,3
DA:49,3
DA:50,2
DA:51,3
DA:53,1
DA:54,1
DA:55,1
DA:56,1
DA:57,1
DA:58,1
DA:60,1
DA:61,3
DA:62,3
DA:63,1
DA:64,1
DA:66,0
DA:67,3
DA:69,1
DA:70,1
DA:71,0
DA:72,0
DA:73,0
DA:74,0
DA:75,0
DA:76,1
DA:78,1
DA:79,2
DA:81,1
DA:82,1
DA:83,1
DA:84,1
DA:85,1
DA:87,1
DA:88,1
DA:89,1
DA:90,1
DA:91,1
DA:93,1
DA:94,2
DA:95,2
DA:96,1
DA:97,1
DA:99,0
DA:100,2
DA:101,1
LF:76
LH:58
BRDA:12,0,0,4
BRDA:14,1,0,1
BRDA:21,2,0,2
BRDA:26,3,0,1
BRDA:26,4,0,1
BRDA:45,5,0,3
BRDA:49,6,0,1
BRDA:49,7,0,2
BRDA:51,8,0,1
BRDA:62,9,0,1
BRDA:64,10,0,0
BRDA:69,11,0,1
BRDA:70,12,0,0
BRDA:78,13,0,2
BRDA:79,14,0,1
BRDA:95,15,0,1
BRDA:97,16,0,0
BRF:17
BRH:14
end_of_record
TN:
SF:apps/api-worker/src/services/EpisodicService.ts
FN:8,EpisodicService
FN:10,normalizeTags
FN:31,create
FN:105,list
FN:140,update
FN:219,clear
FNF:6
FNH:5
FNDA:4,EpisodicService
FNDA:1,normalizeTags
FNDA:1,create
FNDA:1,list
FNDA:2,update
FNDA:0,clear
DA:2,1
DA:3,1
DA:5,1
DA:7,1
DA:8,1
DA:10,1
DA:11,1
DA:13,1
DA:14,1
DA:16,1
DA:17,4
DA:18,4
DA:19,4
DA:20,4
DA:21,3
DA:22,3
DA:23,2
DA:24,2
DA:25,2
DA:26,4
DA:28,1
DA:29,1
DA:31,1
DA:33,1
DA:34,0
DA:35,0
DA:38,1
DA:41,1
DA:42,1
DA:43,1
DA:44,1
DA:45,1
DA:46,1
DA:47,1
DA:48,1
DA:49,1
DA:50,1
DA:51,1
DA:53,1
DA:54,0
DA:55,0
DA:58,1
DA:59,1
DA:60,1
DA:61,1
DA:62,1
DA:63,1
DA:64,1
DA:65,1
DA:66,1
DA:67,1
DA:69,1
DA:70,1
DA:73,1
DA:74,1
DA:75,0
DA:76,0
DA:77,0
DA:80,0
DA:81,0
DA:82,0
DA:83,1
DA:84,1
DA:85,1
DA:86,1
DA:87,1
DA:88,1
DA:89,1
DA:90,1
DA:91,1
DA:92,1
DA:93,1
DA:94,1
DA:95,1
DA:96,1
DA:98,1
DA:99,0
DA:100,0
DA:102,1
DA:103,1
DA:105,1
DA:106,1
DA:107,1
DA:108,0
DA:109,1
DA:110,1
DA:111,1
DA:112,1
DA:113,1
DA:114,1
DA:116,1
DA:117,1
DA:118,1
DA:119,1
DA:120,1
DA:121,1
DA:122,1
DA:123,1
DA:124,0
DA:125,1
DA:126,1
DA:127,1
DA:128,1
DA:129,1
DA:130,1
DA:131,1
DA:132,1
DA:133,1
DA:134,1
DA:135,1
DA:136,0
DA:137,1
DA:138,1
DA:140,1
DA:141,2
DA:142,2
DA:143,2
DA:144,2
DA:146,2
DA:147,2
DA:148,1
DA:149,0
DA:150,2
DA:152,2
DA:153,2
DA:154,2
DA:155,2
DA:156,2
DA:158,2
DA:160,2
DA:161,2
DA:165,2
DA:166,2
DA:168,2
DA:170,2
DA:171,1
DA:172,1
DA:173,1
DA:174,1
DA:175,1
DA:177,0
DA:178,0
DA:179,0
DA:180,0
DA:181,0
DA:182,0
DA:183,0
DA:184,0
DA:186,0
DA:187,0
DA:189,0
DA:190,0
DA:191,0
DA:193,1
DA:194,1
DA:195,1
DA:196,1
DA:197,1
DA:199,1
DA:200,1
DA:201,1
DA:202,1
DA:203,1
DA:204,1
DA:206,2
DA:207,0
DA:208,0
DA:210,1
DA:211,1
DA:212,1
DA:213,1
DA:214,1
DA:216,1
DA:217,2
DA:219,1
DA:220,0
DA:221,0
DA:222,0
DA:223,1
LF:179
LH:145
BRDA:8,0,0,4
BRDA:10,1,0,1
BRDA:11,2,0,0
BRDA:16,3,0,4
BRDA:17,4,0,0
BRDA:20,5,0,1
BRDA:20,6,0,3
BRDA:21,7,0,0
BRDA:21,8,0,3
BRDA:22,9,0,1
BRDA:22,10,0,2
BRDA:25,11,0,0
BRDA:31,12,0,1
BRDA:33,13,0,0
BRDA:53,14,0,0
BRDA:74,15,0,0
BRDA:98,16,0,0
BRDA:105,17,0,1
BRDA:107,18,0,0
BRDA:112,19,0,0
BRDA:116,20,0,1
BRDA:120,21,0,0
BRDA:121,22,0,0
BRDA:122,23,0,0
BRDA:123,24,0,0
BRDA:134,25,0,0
BRDA:135,26,0,0
BRDA:126,27,0,1
BRDA:128,28,0,0
BRDA:140,29,0,2
BRDA:144,30,0,0
BRDA:147,31,0,1
BRDA:148,32,0,0
BRDA:150,33,0,0
BRDA:158,34,0,0
BRDA:161,35,0,0
BRDA:170,36,0,1
BRDA:171,37,0,0
BRDA:172,38,0,0
BRDA:175,39,0,0
BRDA:201,40,0,0
BRDA:206,41,0,0
BRDA:208,42,0,1
BRF:43
BRH:16
end_of_record
TN:
SF:apps/api-worker/src/services/IdentityService.ts
FN:7,IdentityService
FN:9,upsert
FN:85,getAll
FNF:3
FNH:2
FNDA:3,IdentityService
FNDA:3,upsert
FNDA:0,getAll
DA:2,1
DA:3,1
DA:6,1
DA:7,1
DA:9,1
DA:10,3
DA:16,3
DA:17,3
DA:18,1
DA:19,1
DA:21,2
DA:22,2
DA:23,2
DA:25,2
DA:26,2
DA:27,2
DA:28,2
DA:29,2
DA:30,2
DA:31,2
DA:32,2
DA:33,2
DA:34,2
DA:35,2
DA:37,3
DA:38,1
DA:39,1
DA:41,1
DA:45,1
DA:46,1
DA:47,1
DA:48,1
DA:49,1
DA:50,1
DA:51,1
DA:52,1
DA:53,1
DA:54,1
DA:55,1
DA:56,1
DA:57,1
DA:58,1
DA:60,1
DA:61,1
DA:67,1
DA:68,1
DA:69,1
DA:70,1
DA:71,1
DA:72,1
DA:73,1
DA:74,1
DA:75,1
DA:76,3
DA:77,3
DA:78,3
DA:79,3
DA:80,3
DA:82,1
DA:83,3
DA:85,1
DA:86,0
DA:87,0
DA:88,0
DA:90,0
DA:91,0
DA:92,0
DA:93,0
DA:94,0
DA:95,0
DA:96,0
DA:97,0
DA:98,0
DA:99,0
DA:100,0
DA:101,0
DA:102,0
DA:103,1
LF:78
LH:62
BRDA:7,0,0,3
BRDA:9,1,0,3
BRDA:17,2,0,2
BRDA:17,3,0,2
BRDA:17,4,0,1
BRDA:19,5,0,2
BRDA:37,6,0,1
BRDA:76,7,0,0
BRDA:77,8,0,0
BRDA:78,9,0,0
BRDA:80,10,0,1
BRF:11
BRH:8
end_of_record
TN:
SF:apps/api-worker/src/services/InsightsService.ts
FN:9,InsightsService
FN:11,generateSummary
FNF:2
FNH:2
FNDA:3,InsightsService
FNDA:3,generateSummary
DA:1,1
DA:8,1
DA:9,1
DA:11,1
DA:12,3
DA:13,3
DA:15,3
DA:16,3
DA:19,3
DA:20,2
DA:21,2
DA:22,2
DA:23,2
DA:24,2
DA:25,2
DA:26,2
DA:27,1
DA:29,1
DA:30,2
DA:33,3
DA:34,2
DA:35,2
DA:36,2
DA:37,2
DA:38,2
DA:40,2
DA:41,1
DA:42,1
DA:43,1
DA:44,2
DA:47,3
DA:48,1
DA:49,1
DA:50,1
DA:51,1
DA:52,1
DA:54,1
DA:55,1
DA:56,1
DA:57,1
DA:58,1
DA:60,3
DA:61,3
DA:63,3
DA:64,3
DA:65,3
DA:66,3
DA:67,3
DA:68,1
LF:49
LH:49
BRDA:9,0,0,3
BRDA:11,1,0,3
BRDA:12,2,0,1
BRDA:13,3,0,2
BRDA:13,4,0,1
BRDA:19,5,0,2
BRDA:22,6,0,1
BRDA:26,7,0,1
BRDA:33,8,0,2
BRDA:40,9,0,0
BRDA:40,10,0,1
BRDA:47,11,0,1
BRDA:54,12,0,0
BRF:13
BRH:11
end_of_record
TN:
SF:apps/api-worker/src/services/KnowledgeService.ts
FN:14,safeJsonParse
FN:23,deriveTitle
FN:30,KnowledgeService
FN:32,list
FN:69,promoteFromSemantic
FNF:5
FNH:5
FNDA:5,safeJsonParse
FNDA:2,deriveTitle
FNDA:5,KnowledgeService
FNDA:1,list
FNDA:4,promoteFromSemantic
DA:14,5
DA:15,5
DA:16,5
DA:17,5
DA:18,5
DA:19,2
DA:20,2
DA:21,5
DA:23,2
DA:24,2
DA:25,2
DA:26,2
DA:27,2
DA:29,1
DA:30,1
DA:32,1
DA:33,1
DA:34,1
DA:36,1
DA:37,1
DA:39,1
DA:40,1
DA:41,1
DA:42,1
DA:43,1
DA:45,1
DA:47,1
DA:51,1
DA:52,1
DA:53,1
DA:55,1
DA:56,1
DA:57,1
DA:58,1
DA:59,1
DA:60,1
DA:61,1
DA:62,1
DA:63,1
DA:64,1
DA:65,1
DA:66,1
DA:67,1
DA:69,1
DA:70,4
DA:71,1
DA:72,1
DA:74,3
DA:75,3
DA:76,3
DA:77,3
DA:78,3
DA:80,4
DA:81,1
DA:82,1
DA:84,2
DA:85,2
DA:86,2
DA:87,2
DA:88,2
DA:90,2
DA:91,4
DA:92,4
DA:93,4
DA:95,4
DA:96,1
DA:97,1
DA:98,1
DA:99,1
DA:100,1
DA:102,1
DA:103,1
DA:104,1
DA:105,1
DA:106,1
DA:107,1
DA:108,1
DA:109,1
DA:110,1
DA:111,1
DA:112,1
DA:114,1
DA:116,1
DA:117,1
DA:118,1
DA:119,1
DA:120,1
DA:121,1
DA:122,1
DA:123,1
DA:124,1
DA:125,1
DA:126,1
DA:127,1
DA:128,1
DA:129,1
DA:131,1
DA:132,1
DA:133,1
DA:134,1
DA:135,1
DA:136,1
DA:137,1
DA:138,1
DA:139,1
DA:140,4
DA:141,1
LF:107
LH:107
BRDA:14,0,0,5
BRDA:15,1,0,0
BRDA:18,2,0,2
BRDA:23,3,0,2
BRDA:25,4,0,1
BRDA:26,5,0,0
BRDA:30,6,0,5
BRDA:32,7,0,1
BRDA:33,8,0,0
BRDA:55,9,0,0
BRDA:55,10,0,1
BRDA:63,11,0,3
BRDA:69,12,0,4
BRDA:70,13,0,1
BRDA:72,14,0,3
BRDA:80,15,0,1
BRDA:82,16,0,2
BRDA:91,17,0,0
BRDA:95,18,0,1
BRF:19
BRH:14
end_of_record
TN:
SF:apps/api-worker/src/services/PreferencesService.ts
FN:10,PreferencesService
FN:12,get
FN:31,set
FNF:3
FNH:3
FNDA:6,PreferencesService
FNDA:5,get
FNDA:1,set
DA:9,1
DA:10,1
DA:12,1
DA:13,5
DA:15,5
DA:16,5
DA:17,5
DA:18,5
DA:19,5
DA:21,5
DA:23,2
DA:24,2
DA:25,2
DA:26,2
DA:27,2
DA:28,2
DA:29,5
DA:31,1
DA:32,1
DA:34,1
DA:35,1
DA:37,1
DA:38,1
DA:39,1
DA:40,1
DA:41,1
DA:43,1
DA:44,1
DA:45,1
LF:29
LH:29
BRDA:10,0,0,6
BRDA:12,1,0,5
BRDA:13,2,0,0
BRDA:21,3,0,3
BRDA:21,4,0,2
BRDA:31,5,0,1
BRDA:32,6,0,0
BRF:7
BRH:5
end_of_record
TN:
SF:apps/api-worker/src/services/RelationshipsService.ts
FN:30,safeJsonParse
FN:39,memoryExists
FN:62,RelationshipsService
FN:64,listForNode
FN:134,create
FNF:5
FNH:5
FNDA:2,safeJsonParse
FNDA:4,memoryExists
FNDA:4,RelationshipsService
FNDA:2,listForNode
FNDA:6,create
DA:30,2
DA:31,2
DA:32,2
DA:33,2
DA:34,2
DA:35,1
DA:36,1
DA:37,2
DA:39,4
DA:40,4
DA:41,2
DA:42,2
DA:43,2
DA:44,2
DA:45,2
DA:46,2
DA:47,2
DA:48,2
DA:49,2
DA:50,2
DA:51,2
DA:52,2
DA:53,2
DA:54,2
DA:55,2
DA:58,0
DA:59,0
DA:61,1
DA:62,1
DA:64,1
DA:69,2
DA:70,2
DA:71,2
DA:72,2
DA:73,2
DA:75,2
DA:76,2
DA:110,2
DA:111,2
DA:112,2
DA:114,2
DA:115,2
DA:116,2
DA:117,2
DA:118,2
DA:119,2
DA:120,2
DA:121,2
DA:122,2
DA:123,2
DA:124,2
DA:125,2
DA:126,1
DA:127,1
DA:128,2
DA:129,2
DA:130,2
DA:131,2
DA:132,2
DA:134,1
DA:144,6
DA:145,6
DA:146,6
DA:147,6
DA:148,6
DA:149,6
DA:150,1
DA:151,1
DA:153,6
DA:154,6
DA:156,6
DA:157,6
DA:158,6
DA:161,6
DA:162,0
DA:163,0
DA:164,6
DA:165,0
DA:166,0
DA:168,2
DA:169,6
DA:170,1
DA:171,1
DA:173,6
DA:174,1
DA:175,1
DA:176,1
DA:177,1
DA:178,1
DA:180,6
DA:181,6
DA:182,6
DA:183,6
DA:184,6
DA:185,6
DA:186,6
DA:187,6
DA:188,6
DA:189,6
DA:190,6
DA:191,6
DA:192,6
DA:193,6
DA:194,6
DA:195,6
DA:196,6
DA:197,6
DA:198,1
DA:199,1
DA:200,1
DA:201,1
DA:202,1
DA:203,1
DA:204,1
DA:207,1
DA:208,1
DA:209,1
DA:210,1
DA:211,1
DA:212,1
DA:213,1
DA:214,1
DA:216,0
DA:217,0
DA:218,0
DA:219,0
DA:220,0
DA:221,0
DA:222,0
DA:223,0
DA:224,0
DA:225,0
DA:226,0
DA:227,0
DA:228,0
DA:229,6
DA:230,1
LF:137
LH:118
BRDA:30,0,0,2
BRDA:31,1,0,0
BRDA:34,2,0,1
BRDA:39,3,0,4
BRDA:40,4,0,2
BRDA:55,5,0,0
BRDA:62,6,0,4
BRDA:64,7,0,2
BRDA:72,8,0,0
BRDA:73,9,0,1
BRDA:114,10,0,0
BRDA:114,11,0,2
BRDA:117,12,0,0
BRDA:123,13,0,0
BRDA:125,14,0,1
BRDA:125,15,0,1
BRDA:126,16,0,1
BRDA:129,17,0,0
BRDA:130,18,0,1
BRDA:130,19,0,1
BRDA:134,20,0,6
BRDA:147,21,0,1
BRDA:147,22,0,5
BRDA:148,23,0,1
BRDA:148,24,0,4
BRDA:149,25,0,1
BRDA:149,26,0,1
BRDA:151,27,0,3
BRDA:154,28,0,1
BRDA:154,29,0,2
BRDA:156,30,0,1
BRDA:161,31,0,2
BRDA:161,32,0,0
BRDA:163,33,0,2
BRDA:164,34,0,0
BRDA:166,35,0,2
BRDA:169,36,0,1
BRDA:169,37,0,1
BRDA:170,38,0,1
BRDA:173,39,0,1
BRDA:177,40,0,1
BRDA:195,41,0,1
BRDA:195,42,0,1
BRDA:197,43,0,1
BRDA:199,44,0,0
BRDA:200,45,0,0
BRDA:202,46,0,0
BRDA:203,47,0,0
BRDA:214,48,0,0
BRDA:175,49,0,60
BRDA:213,50,0,1
BRF:51
BRH:37
end_of_record
TN:
SF:apps/api-worker/src/services/SemanticService.ts
FN:9,SemanticService
FN:11,create
FN:100,search
FN:147,hybridSearch
FN:254,summarize
FNF:5
FNH:5
FNDA:14,SemanticService
FNDA:2,create
FNDA:4,search
FNDA:6,hybridSearch
FNDA:1,summarize
DA:2,1
DA:3,1
DA:4,1
DA:5,1
DA:8,1
DA:9,1
DA:11,1
DA:12,2
DA:13,2
DA:14,2
DA:15,0
DA:16,0
DA:18,2
DA:19,2
DA:20,2
DA:21,2
DA:22,2
DA:24,2
DA:26,2
DA:27,2
DA:28,2
DA:29,2
DA:30,2
DA:31,2
DA:32,2
DA:33,2
DA:34,2
DA:35,2
DA:36,2
DA:38,2
DA:39,0
DA:40,0
DA:41,0
DA:42,0
DA:44,2
DA:45,2
DA:46,2
DA:47,2
DA:48,2
DA:49,2
DA:50,2
DA:51,2
DA:52,2
DA:53,2
DA:55,2
DA:57,2
DA:58,1
DA:59,1
DA:60,1
DA:61,1
DA:62,1
DA:63,1
DA:64,1
DA:65,1
DA:66,1
DA:67,1
DA:69,1
DA:70,1
DA:71,1
DA:72,1
DA:73,1
DA:74,1
DA:75,1
DA:76,1
DA:77,1
DA:78,1
DA:79,1
DA:80,1
DA:81,1
DA:83,1
DA:84,1
DA:85,1
DA:86,1
DA:87,1
DA:88,1
DA:89,1
DA:90,1
DA:91,1
DA:92,1
DA:93,1
DA:94,1
DA:95,1
DA:97,2
DA:98,2
DA:100,1
DA:101,4
DA:102,4
DA:105,4
DA:106,2
DA:107,1
DA:108,1
DA:110,1
DA:111,1
DA:112,1
DA:113,1
DA:114,1
DA:116,1
DA:117,1
DA:119,0
DA:120,0
DA:121,0
DA:122,0
DA:123,0
DA:124,0
DA:126,0
DA:127,0
DA:128,0
DA:129,0
DA:130,0
DA:131,0
DA:132,0
DA:133,0
DA:134,0
DA:135,0
DA:136,0
DA:137,0
DA:138,0
DA:139,0
DA:140,0
DA:141,4
DA:147,1
DA:148,6
DA:157,6
DA:160,6
DA:161,6
DA:162,6
DA:163,6
DA:164,6
DA:165,5
DA:166,5
DA:167,5
DA:168,5
DA:170,5
DA:171,5
DA:172,5
DA:173,5
DA:176,5
DA:177,5
DA:178,5
DA:180,4
DA:182,3
DA:183,3
DA:184,3
DA:186,3
DA:187,3
DA:188,3
DA:189,3
DA:190,3
DA:191,3
DA:192,3
DA:193,3
DA:194,3
DA:195,3
DA:196,3
DA:197,5
DA:199,1
DA:200,5
DA:203,6
DA:204,6
DA:205,6
DA:206,5
DA:207,5
DA:208,5
DA:209,5
DA:211,4
DA:212,5
DA:213,2
DA:214,2
DA:215,2
DA:216,2
DA:217,2
DA:218,2
DA:220,2
DA:221,2
DA:222,2
DA:225,2
DA:226,2
DA:228,1
DA:229,1
DA:230,1
DA:231,1
DA:232,1
DA:233,1
DA:234,1
DA:235,1
DA:236,1
DA:237,1
DA:238,1
DA:239,1
DA:240,1
DA:241,1
DA:242,1
DA:243,2
DA:244,2
DA:245,6
DA:247,2
DA:248,6
DA:251,6
DA:252,6
DA:254,1
DA:255,1
DA:256,0
DA:257,0
DA:258,0
DA:259,0
DA:260,0
DA:261,0
DA:262,0
DA:263,0
DA:264,0
DA:265,0
DA:266,0
DA:267,0
DA:268,0
DA:269,0
DA:271,0
DA:272,0
DA:273,0
DA:274,0
DA:275,0
DA:276,0
DA:278,0
DA:279,0
DA:281,1
DA:282,0
DA:283,0
DA:285,1
DA:286,1
DA:287,1
DA:288,0
DA:290,1
DA:291,1
DA:292,1
DA:293,1
DA:294,1
DA:295,1
DA:297,1
DA:298,1
DA:299,1
LF:239
LH:187
BRDA:9,0,0,14
BRDA:11,1,0,2
BRDA:14,2,0,0
BRDA:38,3,0,0
BRDA:57,4,0,1
BRDA:76,5,0,0
BRDA:100,6,0,4
BRDA:102,7,0,1
BRDA:102,8,0,3
BRDA:105,9,0,2
BRDA:106,10,0,1
BRDA:108,11,0,1
BRDA:117,12,0,0
BRDA:147,13,0,6
BRDA:164,14,0,5
BRDA:178,15,0,4
BRDA:180,16,0,3
BRDA:197,17,0,1
BRDA:205,18,0,5
BRDA:209,19,0,4
BRDA:212,20,0,2
BRDA:222,21,0,0
BRDA:226,22,0,1
BRDA:245,23,0,2
BRDA:163,24,0,10
BRDA:166,25,0,9
BRDA:168,26,0,9
BRDA:183,27,0,6
BRDA:211,28,0,2
BRDA:213,29,0,2
BRDA:221,30,0,2
BRDA:225,31,0,1
BRDA:254,32,0,1
BRDA:255,33,0,0
BRDA:281,34,0,0
BRDA:287,35,0,0
BRF:36
BRH:28
end_of_record
TN:
SF:packages/memory-core/src/errors.ts
FN:2,MemoryError
FN:9,ImmutableError
FN:18,ValidationError
FNF:3
FNH:3
FNDA:3,MemoryError
FNDA:1,ImmutableError
FNDA:2,ValidationError
DA:1,1
DA:2,1
DA:3,3
DA:4,3
DA:5,3
DA:6,1
DA:8,1
DA:9,1
DA:10,1
DA:11,1
DA:12,1
DA:13,1
DA:14,1
DA:15,1
DA:17,1
DA:18,1
DA:19,2
DA:20,2
DA:21,2
DA:22,1
LF:20
LH:20
BRDA:2,0,0,3
BRDA:9,1,0,1
BRDA:18,2,0,2
BRF:3
BRH:3
end_of_record
TN:
SF:packages/memory-core/src/in-memory-store.ts
FN:5,<instance_members_initializer>
FN:10,putEpisodic
FN:19,getEpisodic
FN:23,putSemantic
FN:34,getSemantic
FN:38,putIdentity
FN:50,getIdentity
FNF:7
FNH:7
FNDA:6,<instance_members_initializer>
FNDA:3,putEpisodic
FNDA:1,getEpisodic
FNDA:2,putSemantic
FNDA:1,getSemantic
FNDA:2,putIdentity
FNDA:1,getIdentity
DA:3,1
DA:5,1
DA:6,6
DA:7,6
DA:8,6
DA:10,6
DA:11,3
DA:12,1
DA:13,1
DA:14,1
DA:15,1
DA:16,2
DA:17,3
DA:19,6
DA:20,1
DA:21,1
DA:23,6
DA:24,2
DA:25,1
DA:26,1
DA:27,1
DA:28,1
DA:31,1
DA:32,2
DA:34,6
DA:35,1
DA:36,1
DA:38,6
DA:39,2
DA:40,2
DA:41,2
DA:42,2
DA:43,1
DA:44,1
DA:45,1
DA:46,1
DA:47,1
DA:48,2
DA:50,6
DA:51,1
DA:52,1
DA:53,6
LF:42
LH:42
BRDA:5,0,0,6
BRDA:10,1,0,3
BRDA:11,2,0,1
BRDA:15,3,0,2
BRDA:19,4,0,1
BRDA:20,5,0,0
BRDA:23,6,0,2
BRDA:24,7,0,1
BRDA:34,8,0,1
BRDA:35,9,0,0
BRDA:38,10,0,2
BRDA:42,11,0,1
BRDA:50,12,0,1
BRDA:51,13,0,0
BRF:14
BRH:11
end_of_record
TN:
SF:packages/memory-core/src/index.ts
FN:1,(empty-report)
FNF:1
FNH:0
FNDA:0,(empty-report)
DA:1,0
DA:3,0
DA:4,0
DA:5,0
LF:4
LH:0
BRDA:1,0,0,0
BRF:1
BRH:0
end_of_record
TN:
SF:packages/memory-core/src/store.ts
FN:1,(empty-report)
FNF:1
FNH:1
FNDA:1,(empty-report)
LF:0
LH:0
BRDA:1,0,0,1
BRF:1
BRH:1
end_of_record
TN:
SF:packages/memory-core/src/types.ts
FN:1,(empty-report)
FNF:1
FNH:1
FNDA:1,(empty-report)
LF:0
LH:0
BRDA:1,0,0,1
BRF:1
BRH:1
end_of_record
TN:
SF:packages/policy/src/action-gate.ts
FN:12,shouldExecuteAction
FNF:1
FNH:1
FNDA:3,shouldExecuteAction
DA:1,1
DA:4,1
DA:5,1
DA:6,1
DA:7,1
DA:8,1
DA:9,1
DA:11,1
DA:12,1
DA:13,3
DA:15,3
DA:16,2
DA:17,1
DA:18,1
DA:19,1
DA:20,1
DA:21,1
DA:22,1
DA:23,1
DA:24,1
DA:25,1
DA:26,1
DA:27,1
DA:28,1
DA:29,1
DA:30,1
DA:32,1
DA:33,1
DA:34,1
DA:35,1
DA:36,1
DA:37,1
DA:38,3
DA:39,1
LF:34
LH:34
BRDA:12,0,0,3
BRDA:15,1,0,2
BRDA:16,2,0,1
BRDA:30,3,0,1
BRF:4
BRH:4
end_of_record
TN:
SF:packages/policy/src/index.ts
FN:1,(empty-report)
FNF:1
FNH:0
FNDA:0,(empty-report)
DA:1,0
DA:2,0
DA:3,0
LF:3
LH:0
BRDA:1,0,0,0
BRF:1
BRH:0
end_of_record
TN:
SF:packages/policy/src/memory-gate.ts
FN:5,shouldWriteEpisodic
FN:14,shouldWriteSemantic
FN:53,shouldWriteIdentity
FNF:3
FNH:3
FNDA:1,shouldWriteEpisodic
FNDA:3,shouldWriteSemantic
FNDA:2,shouldWriteIdentity
DA:1,1
DA:4,1
DA:5,1
DA:6,1
DA:7,1
DA:8,1
DA:9,1
DA:10,1
DA:11,1
DA:12,1
DA:14,1
DA:16,3
DA:17,0
DA:18,0
DA:19,0
DA:20,0
DA:21,0
DA:22,0
DA:23,0
DA:25,3
DA:26,3
DA:27,3
DA:29,3
DA:30,1
DA:31,1
DA:32,3
DA:33,1
DA:34,1
DA:36,3
DA:37,2
DA:38,2
DA:39,2
DA:40,2
DA:41,2
DA:42,2
DA:43,2
DA:45,1
DA:46,1
DA:47,1
DA:48,1
DA:49,1
DA:50,1
DA:51,3
DA:53,1
DA:54,2
DA:55,1
DA:56,1
DA:57,1
DA:58,1
DA:59,1
DA:60,1
DA:61,1
DA:63,1
DA:64,1
DA:65,1
DA:66,1
DA:67,1
DA:68,1
DA:69,2
DA:70,1
LF:60
LH:53
BRDA:5,0,0,1
BRDA:14,1,0,3
BRDA:16,2,0,0
BRDA:26,3,0,0
BRDA:27,4,0,0
BRDA:29,5,0,1
BRDA:32,6,0,1
BRDA:36,7,0,2
BRDA:43,8,0,1
BRDA:53,9,0,2
BRDA:54,10,0,1
BRF:11
BRH:8
end_of_record
TN:
SF:packages/policy/src/types.ts
FN:1,(empty-report)
FNF:1
FNH:1
FNDA:1,(empty-report)
LF:0
LH:0
BRDA:1,0,0,1
BRF:1
BRH:1
end_of_record
TN:
SF:packages/shared/src/hash.ts
FN:6,canonicalize
FN:28,computeHash
FN:36,hashRunbookTask
FNF:3
FNH:3
FNDA:9,canonicalize
FNDA:4,computeHash
FNDA:2,hashRunbookTask
DA:1,1
DA:6,1
DA:7,9
DA:8,6
DA:9,6
DA:11,9
DA:12,0
DA:13,0
DA:15,3
DA:16,3
DA:17,7
DA:18,7
DA:19,6
DA:20,3
DA:22,3
DA:23,3
DA:28,1
DA:29,4
DA:30,4
DA:31,4
DA:36,1
DA:37,2
DA:38,2
DA:39,2
LF:24
LH:22
BRDA:6,0,0,9
BRDA:7,1,0,6
BRDA:9,2,0,3
BRDA:11,3,0,0
BRDA:13,4,0,3
BRDA:16,5,0,7
BRDA:18,6,0,1
BRDA:18,7,0,6
BRDA:20,8,0,7
BRDA:28,9,0,4
BRDA:29,10,0,2
BRDA:29,11,0,2
BRDA:36,12,0,2
BRF:13
BRH:12
end_of_record
TN:
SF:packages/shared/src/index.ts
FN:1,(empty-report)
FNF:1
FNH:1
FNDA:1,(empty-report)
DA:8,0
DA:10,0
LF:2
LH:0
BRDA:1,0,0,1
BRF:1
BRH:1
end_of_record
TN:
SF:packages/shared/src/shortcuts.ts
FN:1,createShortcutUrl
FNF:1
FNH:1
FNDA:1,createShortcutUrl
DA:1,1
DA:2,1
DA:3,1
DA:4,1
DA:5,1
DA:6,1
DA:7,1
DA:8,1
DA:9,1
LF:9
LH:9
BRDA:1,0,0,1
BRF:1
BRH:1
end_of_record
TN:
SF:tools/cli/src/index.ts
FN:1,(empty-report)
FNF:1
FNH:1
FNDA:1,(empty-report)
DA:2,0
DA:3,0
DA:4,0
DA:5,0
DA:6,0
DA:7,0
DA:8,0
DA:9,0
DA:10,0
DA:13,0
DA:14,0
DA:16,0
DA:18,0
DA:19,0
DA:20,0
DA:21,0
DA:23,0
DA:24,0
DA:25,0
DA:26,0
DA:28,0
DA:29,0
DA:30,0
DA:31,0
DA:32,0
DA:34,0
DA:35,0
DA:36,0
DA:37,0
DA:38,0
DA:39,0
DA:41,0
DA:42,0
DA:43,0
DA:44,0
DA:45,0
DA:46,0
DA:47,0
DA:49,0
DA:50,0
DA:51,0
DA:52,0
DA:53,0
DA:55,0
LF:44
LH:0
BRDA:1,0,0,1
BRF:1
BRH:1
end_of_record
TN:
SF:tools/cli/src/commands/export.ts
FN:4,exportData
FNF:1
FNH:1
FNDA:3,exportData
DA:1,1
DA:2,1
DA:4,3
DA:5,3
DA:6,3
DA:8,3
DA:9,1
DA:10,1
DA:11,1
DA:13,1
DA:14,1
DA:15,1
DA:16,1
DA:18,2
DA:20,2
DA:24,2
DA:26,3
DA:27,4
DA:28,4
DA:33,4
DA:34,4
DA:35,4
DA:36,4
DA:37,4
DA:39,4
DA:40,1
DA:41,1
DA:42,1
DA:43,1
DA:44,1
DA:45,1
DA:46,1
DA:47,1
DA:48,1
DA:49,1
DA:50,1
DA:51,1
DA:52,4
DA:53,2
DA:54,2
DA:55,2
DA:56,4
DA:58,2
DA:60,2
DA:61,2
DA:62,2
DA:63,2
DA:64,2
DA:65,3
DA:66,0
DA:67,0
DA:68,3
LF:52
LH:50
BRDA:4,0,0,3
BRDA:5,1,0,2
BRDA:6,2,0,1
BRDA:8,3,0,1
BRDA:16,4,0,2
BRDA:26,5,0,4
BRDA:37,6,0,2
BRDA:39,7,0,1
BRDA:52,8,0,2
BRDA:53,9,0,0
BRDA:56,10,0,2
BRDA:65,11,0,0
BRDA:58,12,0,2
BRF:13
BRH:11
end_of_record
TN:
SF:tools/cli/src/commands/hash-runbook.ts
FN:6,hashRunbook
FNF:1
FNH:1
FNDA:2,hashRunbook
DA:1,1
DA:2,1
DA:3,1
DA:4,1
DA:6,2
DA:7,2
DA:8,2
DA:10,2
DA:11,2
DA:12,2
DA:13,2
DA:14,0
DA:15,0
DA:16,0
DA:17,0
DA:28,2
DA:29,2
DA:30,2
DA:32,2
DA:33,10
DA:34,2
DA:35,1
DA:36,1
DA:37,2
DA:38,10
DA:39,4
DA:40,4
DA:41,10
DA:42,2
DA:43,1
DA:44,1
DA:46,2
DA:47,1
DA:48,1
DA:49,1
DA:50,1
DA:51,1
DA:52,1
DA:53,1
DA:54,1
DA:55,1
DA:57,1
DA:59,2
DA:60,2
DA:61,2
DA:62,2
DA:63,2
DA:64,2
DA:65,1
LF:49
LH:45
BRDA:6,0,0,2
BRDA:13,1,0,0
BRDA:32,2,0,10
BRDA:33,3,0,2
BRDA:34,4,0,1
BRDA:38,5,0,8
BRDA:38,6,0,4
BRDA:42,7,0,1
BRDA:46,8,0,1
BRDA:64,9,0,1
BRF:10
BRH:9
end_of_record
TN:
SF:tools/cli/src/commands/migrate.ts
FN:5,migrate
FNF:1
FNH:1
FNDA:3,migrate
DA:1,1
DA:2,1
DA:3,1
DA:5,3
DA:6,3
DA:7,2
DA:8,2
DA:9,2
DA:10,2
DA:11,2
DA:12,2
DA:13,2
DA:14,2
DA:16,2
DA:17,1
DA:18,1
DA:19,1
DA:20,2
DA:22,2
DA:27,2
DA:28,2
DA:29,2
DA:30,2
DA:31,2
DA:33,2
DA:34,2
DA:35,1
DA:36,1
DA:37,1
DA:38,1
DA:39,1
DA:40,2
DA:41,2
LF:33
LH:33
BRDA:5,0,0,3
BRDA:6,1,0,2
BRDA:16,2,0,1
BRDA:33,3,0,2
BRDA:34,4,0,1
BRDA:38,5,0,0
BRF:6
BRH:5
end_of_record
TN:
SF:tools/cli/src/commands/seed.ts
FN:7,seed
FNF:1
FNH:1
FNDA:4,seed
DA:1,1
DA:2,1
DA:3,1
DA:4,1
DA:5,1
DA:7,4
DA:8,4
DA:9,4
DA:11,4
DA:12,1
DA:13,1
DA:14,1
DA:16,1
DA:17,1
DA:18,1
DA:19,1
DA:21,3
DA:22,3
DA:24,3
DA:25,3
DA:26,3
DA:27,4
DA:28,1
DA:29,1
DA:30,1
DA:31,1
DA:33,2
DA:34,4
DA:35,0
DA:36,0
DA:37,0
DA:39,2
DA:41,4
DA:42,1
DA:43,1
DA:44,1
DA:45,1
DA:46,1
DA:47,1
DA:48,1
DA:49,1
DA:51,1
DA:52,1
DA:53,1
DA:54,1
DA:55,1
DA:57,1
DA:59,1
DA:60,1
DA:62,4
DA:63,2
DA:64,2
DA:65,2
DA:66,2
DA:67,2
DA:68,1
DA:69,1
DA:70,1
DA:71,2
DA:73,2
DA:74,2
DA:75,2
DA:76,2
DA:77,2
DA:78,2
DA:79,2
DA:80,2
DA:82,2
DA:83,1
DA:84,1
DA:85,1
DA:86,1
DA:87,1
DA:88,1
DA:90,1
DA:91,2
DA:92,0
DA:93,0
DA:94,0
DA:95,2
DA:97,1
DA:98,1
DA:99,1
DA:100,1
DA:101,1
DA:102,4
LF:86
LH:80
BRDA:7,0,0,4
BRDA:8,1,0,0
BRDA:9,2,0,1
BRDA:11,3,0,1
BRDA:19,4,0,3
BRDA:26,5,0,2
BRDA:27,6,0,1
BRDA:28,7,0,0
BRDA:31,8,0,2
BRDA:34,9,0,0
BRDA:37,10,0,2
BRDA:41,11,0,1
BRDA:62,12,0,2
BRDA:67,13,0,1
BRDA:82,14,0,1
BRDA:91,15,0,0
BRDA:95,16,0,1
BRF:17
BRH:13
end_of_record
TN:
SF:tools/cli/src/commands/verify.ts
FN:6,verify
FNF:1
FNH:1
FNDA:6,verify
DA:1,1
DA:2,1
DA:3,1
DA:4,1
DA:6,6
DA:7,6
DA:9,6
DA:10,6
DA:11,6
DA:12,0
DA:13,0
DA:14,6
DA:15,6
DA:17,6
DA:19,6
DA:20,6
DA:22,6
DA:23,1
DA:24,1
DA:25,1
DA:27,1
DA:28,1
DA:29,1
DA:30,1
DA:32,6
DA:33,2
DA:34,2
DA:35,2
DA:36,4
DA:37,3
DA:38,3
DA:41,5
DA:42,5
DA:43,5
DA:44,5
DA:45,6
DA:46,6
DA:47,6
DA:48,6
DA:49,1
DA:50,6
DA:51,4
DA:52,4
DA:53,4
DA:54,4
DA:55,4
DA:56,4
DA:58,5
DA:59,5
DA:61,5
DA:62,6
DA:64,5
DA:65,5
DA:66,5
DA:67,5
DA:69,4
DA:70,4
DA:71,6
DA:72,1
DA:73,1
DA:74,6
DA:75,1
DA:76,1
DA:77,1
DA:78,1
DA:79,1
DA:80,1
DA:81,1
DA:82,1
DA:83,1
DA:84,1
DA:86,1
DA:87,1
DA:88,1
DA:89,1
DA:90,6
DA:91,3
DA:92,3
DA:93,3
DA:94,3
DA:95,3
DA:96,3
DA:98,6
DA:99,1
DA:100,0
DA:101,0
DA:102,0
DA:103,0
DA:104,0
DA:105,0
DA:107,1
DA:108,1
DA:109,1
DA:110,1
DA:111,1
DA:112,1
DA:113,1
DA:114,1
DA:115,1
DA:117,0
DA:118,1
DA:119,1
DA:122,3
DA:123,3
DA:124,2
DA:125,6
DA:126,2
DA:127,2
DA:128,2
DA:129,2
DA:130,2
DA:131,2
DA:132,2
DA:134,1
DA:135,1
DA:136,1
DA:137,1
DA:138,6
DA:139,2
DA:140,2
DA:141,2
DA:142,2
DA:143,6
LF:123
LH:114
BRDA:6,0,0,6
BRDA:9,1,0,0
BRDA:11,2,0,0
BRDA:12,3,0,0
BRDA:15,4,0,4
BRDA:19,5,0,4
BRDA:22,6,0,2
BRDA:22,7,0,5
BRDA:22,8,0,1
BRDA:32,9,0,4
BRDA:32,10,0,2
BRDA:36,11,0,3
BRDA:38,12,0,5
BRDA:48,13,0,1
BRDA:50,14,0,4
BRDA:51,15,0,0
BRDA:56,16,0,5
BRDA:62,17,0,2
BRDA:62,18,0,5
BRDA:67,19,0,4
BRDA:71,20,0,1
BRDA:73,21,0,4
BRDA:74,22,0,1
BRDA:90,23,0,5
BRDA:90,24,0,3
BRDA:96,25,0,4
BRDA:98,26,0,1
BRDA:99,27,0,0
BRDA:99,28,0,0
BRDA:112,29,0,0
BRDA:115,30,0,0
BRDA:119,31,0,5
BRDA:119,32,0,3
BRDA:123,33,0,2
BRDA:124,34,0,1
BRDA:124,35,0,1
BRDA:125,36,0,3
BRDA:125,37,0,2
BRDA:132,38,0,1
BRDA:138,39,0,2
BRDA:139,40,0,0
BRF:41
BRH:32
end_of_record
TN:
SF:tools/mcp/aperion/src/index.ts
FN:41,createMcpTools
FN:51,handler
FN:67,handler
FN:85,handler
FN:93,handler
FN:102,createAperionMcpServer
FN:152,runAperionMcpServer
FN:159,isMainEntrypoint
FNF:8
FNH:6
FNDA:5,createMcpTools
FNDA:1,handler
FNDA:2,handler
FNDA:1,handler
FNDA:1,handler
FNDA:0,createAperionMcpServer
FNDA:0,runAperionMcpServer
FNDA:1,isMainEntrypoint
DA:1,1
DA:2,1
DA:3,1
DA:4,1
DA:5,1
DA:6,1
DA:7,1
DA:8,1
DA:9,1
DA:18,1
DA:19,1
DA:20,1
DA:21,1
DA:22,1
DA:23,1
DA:25,1
DA:26,1
DA:27,1
DA:28,1
DA:30,1
DA:31,1
DA:32,1
DA:33,1
DA:34,1
DA:36,1
DA:37,1
DA:38,1
DA:39,1
DA:41,1
DA:44,5
DA:45,5
DA:46,5
DA:48,5
DA:49,5
DA:50,5
DA:51,5
DA:52,1
DA:53,1
DA:54,1
DA:55,1
DA:56,1
DA:57,1
DA:58,1
DA:59,1
DA:60,1
DA:61,1
DA:62,1
DA:63,1
DA:64,5
DA:65,5
DA:66,5
DA:67,5
DA:68,2
DA:69,2
DA:70,2
DA:71,1
DA:72,1
DA:73,1
DA:74,1
DA:75,1
DA:76,1
DA:77,1
DA:78,1
DA:79,1
DA:80,1
DA:81,2
DA:82,2
DA:83,5
DA:84,5
DA:85,5
DA:86,1
DA:87,1
DA:88,1
DA:89,1
DA:90,5
DA:91,5
DA:92,5
DA:93,5
DA:94,1
DA:95,1
DA:96,1
DA:97,1
DA:98,5
DA:99,5
DA:100,5
DA:102,1
DA:105,0
DA:106,0
DA:107,0
DA:109,0
DA:111,0
DA:112,0
DA:113,0
DA:114,0
DA:115,0
DA:116,0
DA:117,0
DA:118,0
DA:119,0
DA:121,0
DA:122,0
DA:123,0
DA:124,0
DA:125,0
DA:126,0
DA:127,0
DA:128,0
DA:130,0
DA:131,0
DA:132,0
DA:133,0
DA:134,0
DA:135,0
DA:136,0
DA:137,0
DA:139,0
DA:140,0
DA:141,0
DA:142,0
DA:143,0
DA:144,0
DA:145,0
DA:146,0
DA:147,0
DA:149,0
DA:150,0
DA:152,0
DA:153,0
DA:154,0
DA:155,0
DA:156,0
DA:157,0
DA:159,1
DA:160,1
DA:161,1
DA:162,1
DA:163,1
DA:165,1
DA:166,0
DA:167,0
DA:168,0
DA:169,0
DA:170,0
LF:143
LH:92
BRDA:165,0,0,0
BRDA:41,1,0,5
BRDA:46,2,0,1
BRDA:51,3,0,1
BRDA:67,4,0,2
BRDA:70,5,0,1
BRDA:75,6,0,0
BRDA:85,7,0,1
BRDA:93,8,0,1
BRDA:159,9,0,1
BRDA:161,10,0,0
BRF:11
BRH:8
end_of_record
TN:
SF:tools/mcp/aperion/src/memoryIngest.ts
FN:3,timeoutMsSignal
FN:6,cancel
FN:9,memoryIngestReceipt
FNF:3
FNH:3
FNDA:4,timeoutMsSignal
FNDA:4,cancel
FNDA:4,memoryIngestReceipt
DA:1,1
DA:3,4
DA:4,4
DA:5,4
DA:6,4
DA:7,4
DA:9,4
DA:13,4
DA:14,4
DA:15,4
DA:16,0
DA:17,0
DA:19,4
DA:20,4
DA:21,4
DA:22,4
DA:23,4
DA:24,4
DA:25,4
DA:26,4
DA:28,3
DA:29,4
DA:31,2
DA:32,2
DA:33,2
DA:34,2
DA:35,2
DA:36,2
DA:37,2
DA:38,2
DA:39,2
DA:40,2
DA:41,2
DA:42,2
DA:44,2
DA:45,2
DA:46,2
DA:47,2
DA:48,2
DA:49,2
DA:50,2
DA:51,4
DA:52,4
DA:53,4
DA:54,4
LF:45
LH:43
BRDA:3,0,0,4
BRDA:6,1,0,4
BRDA:9,2,0,4
BRDA:15,3,0,0
BRDA:16,4,0,0
BRDA:26,5,0,3
BRDA:29,6,0,1
BRDA:29,7,0,2
BRDA:48,8,0,0
BRDA:51,9,0,0
BRDA:28,10,0,1
BRF:11
BRH:7
end_of_record
TN:
SF:tools/mcp/aperion/src/paths.ts
FN:3,resolveWithin
FNF:1
FNH:1
FNDA:5,resolveWithin
DA:1,1
DA:3,1
DA:4,5
DA:5,5
DA:6,5
DA:8,5
DA:9,1
DA:10,1
LF:8
LH:8
BRDA:3,0,0,5
BRDA:6,1,0,0
BRDA:8,2,0,4
BRDA:8,3,0,1
BRF:4
BRH:3
end_of_record
TN:
SF:tools/mcp/aperion/src/receipts.ts
FN:5,utcDay
FN:9,utcStamp
FN:13,receiptsRoot
FN:17,defaultReceiptPath
FN:21,appendReceipt
FNF:5
FNH:5
FNDA:3,utcDay
FNDA:3,utcStamp
FNDA:3,receiptsRoot
FNDA:3,defaultReceiptPath
FNDA:3,appendReceipt
DA:1,1
DA:2,1
DA:3,1
DA:5,3
DA:6,3
DA:7,3
DA:9,3
DA:10,3
DA:11,3
DA:13,1
DA:14,3
DA:15,3
DA:17,1
DA:18,3
DA:19,3
DA:21,1
DA:25,3
DA:26,3
DA:27,3
DA:28,3
DA:29,0
DA:30,3
DA:31,3
DA:33,3
DA:34,3
DA:36,3
DA:37,3
LF:27
LH:26
BRDA:5,0,0,3
BRDA:9,1,0,3
BRDA:13,2,0,3
BRDA:17,3,0,3
BRDA:21,4,0,3
BRDA:28,5,0,0
BRDA:28,6,0,0
BRF:7
BRH:5
end_of_record
TN:
SF:tools/mcp/aperion/src/repoSearch.ts
FN:3,repoSearch
FNF:1
FNH:1
FNDA:4,repoSearch
DA:1,1
DA:3,1
DA:8,4
DA:9,4
DA:11,4
DA:12,4
DA:13,4
DA:14,4
DA:15,4
DA:16,4
DA:17,4
DA:18,4
DA:19,4
DA:21,4
DA:22,1
DA:23,1
DA:25,4
DA:26,4
DA:27,4
DA:28,4
DA:30,4
DA:31,1
DA:32,1
DA:33,1
DA:34,1
DA:35,1
DA:36,1
DA:37,1
DA:38,1
DA:41,4
DA:43,4
DA:44,4
DA:45,4
DA:46,4
DA:47,4
DA:48,4
DA:49,4
LF:37
LH:37
BRDA:3,0,0,4
BRDA:9,1,0,3
BRDA:21,2,0,1
BRDA:21,3,0,1
BRDA:30,4,0,1
BRDA:38,5,0,3
BRDA:41,6,0,2
BRDA:45,7,0,0
BRDA:46,8,0,0
BRF:9
BRH:7
end_of_record
TN:
SF:tools/mcp/aperion/src/secretsStatus.ts
FN:3,secretsStatus
FNF:1
FNH:0
FNDA:0,secretsStatus
DA:1,1
DA:3,1
DA:4,0
DA:5,0
DA:6,0
DA:7,0
DA:8,0
DA:10,0
DA:11,0
DA:12,0
DA:13,0
DA:14,0
DA:15,0
LF:13
LH:2
BRF:0
BRH:0
end_of_record
